[2023-11-16 03:43:55] flarum.ERROR: TypeError: FoF\Upload\Repositories\FileRepository::removeFromTemp(): Argument #1 ($file) must be of type Symfony\Component\HttpFoundation\File\UploadedFile, null given, called in C:\laragon\www\teachingPlatform\vendor\fof\upload\src\Commands\UploadHandler.php on line 184 and defined in C:\laragon\www\teachingPlatform\vendor\fof\upload\src\Repositories\FileRepository.php:143
Stack trace:
#0 C:\laragon\www\teachingPlatform\vendor\fof\upload\src\Commands\UploadHandler.php(184): FoF\Upload\Repositories\FileRepository->removeFromTemp(NULL)
#1 [internal function]: FoF\Upload\Commands\UploadHandler->FoF\Upload\Commands\{closure}(Object(Laminas\Diactoros\UploadedFile), 0)
#2 C:\laragon\www\teachingPlatform\vendor\illuminate\collections\Collection.php(695): array_map(Object(Closure), Array, Array)
#3 C:\laragon\www\teachingPlatform\vendor\fof\upload\src\Commands\UploadHandler.php(190): Illuminate\Support\Collection->map(Object(Closure))
#4 C:\laragon\www\teachingPlatform\vendor\illuminate\bus\Dispatcher.php(122): FoF\Upload\Commands\UploadHandler->handle(Object(FoF\Upload\Commands\Upload))
#5 C:\laragon\www\teachingPlatform\vendor\illuminate\pipeline\Pipeline.php(128): Illuminate\Bus\Dispatcher->Illuminate\Bus\{closure}(Object(FoF\Upload\Commands\Upload))
#6 C:\laragon\www\teachingPlatform\vendor\illuminate\pipeline\Pipeline.php(103): Illuminate\Pipeline\Pipeline->Illuminate\Pipeline\{closure}(Object(FoF\Upload\Commands\Upload))
#7 C:\laragon\www\teachingPlatform\vendor\illuminate\bus\Dispatcher.php(132): Illuminate\Pipeline\Pipeline->then(Object(Closure))
#8 C:\laragon\www\teachingPlatform\vendor\illuminate\bus\Dispatcher.php(78): Illuminate\Bus\Dispatcher->dispatchNow(Object(FoF\Upload\Commands\Upload))
#9 C:\laragon\www\teachingPlatform\vendor\fof\upload\src\Api\Controllers\UploadController.php(60): Illuminate\Bus\Dispatcher->dispatch(Object(FoF\Upload\Commands\Upload))
#10 C:\laragon\www\teachingPlatform\vendor\flarum\core\src\Api\Controller\AbstractSerializeController.php(116): FoF\Upload\Api\Controllers\UploadController->data(Object(Laminas\Diactoros\ServerRequest), Object(Tobscure\JsonApi\Document))
#11 C:\laragon\www\teachingPlatform\vendor\flarum\core\src\Http\RouteHandlerFactory.php(41): Flarum\Api\Controller\AbstractSerializeController->handle(Object(Laminas\Diactoros\ServerRequest))
#12 C:\laragon\www\teachingPlatform\vendor\flarum\core\src\Http\Middleware\ExecuteRoute.php(27): Flarum\Http\RouteHandlerFactory->Flarum\Http\{closure}(Object(Laminas\Diactoros\ServerRequest), Array)
#13 C:\laragon\www\teachingPlatform\vendor\laminas\laminas-stratigility\src\Next.php(49): Flarum\Http\Middleware\ExecuteRoute->process(Object(Laminas\Diactoros\ServerRequest), Object(Closure))
#14 C:\laragon\www\teachingPlatform\vendor\flarum\core\src\Api\Middleware\ThrottleApi.php(33): Laminas\Stratigility\Next->handle(Object(Laminas\Diactoros\ServerRequest))
#15 C:\laragon\www\teachingPlatform\vendor\laminas\laminas-stratigility\src\Next.php(49): Flarum\Api\Middleware\ThrottleApi->process(Object(Laminas\Diactoros\ServerRequest), Object(Laminas\Stratigility\Next))
#16 C:\laragon\www\teachingPlatform\vendor\flarum\core\src\Http\Middleware\CheckCsrfToken.php(44): Laminas\Stratigility\Next->handle(Object(Laminas\Diactoros\ServerRequest))
#17 C:\laragon\www\teachingPlatform\vendor\laminas\laminas-stratigility\src\Next.php(49): Flarum\Http\Middleware\CheckCsrfToken->process(Object(Laminas\Diactoros\ServerRequest), Object(Laminas\Stratigility\Next))
#18 C:\laragon\www\teachingPlatform\vendor\flarum\core\src\Http\Middleware\ResolveRoute.php(69): Laminas\Stratigility\Next->handle(Object(Laminas\Diactoros\ServerRequest))
#19 C:\laragon\www\teachingPlatform\vendor\laminas\laminas-stratigility\src\Next.php(49): Flarum\Http\Middleware\ResolveRoute->process(Object(Laminas\Diactoros\ServerRequest), Object(Laminas\Stratigility\Next))
#20 C:\laragon\www\teachingPlatform\vendor\flarum\core\src\Http\Middleware\SetLocale.php(51): Laminas\Stratigility\Next->handle(Object(Laminas\Diactoros\ServerRequest))
#21 C:\laragon\www\teachingPlatform\vendor\laminas\laminas-stratigility\src\Next.php(49): Flarum\Http\Middleware\SetLocale->process(Object(Laminas\Diactoros\ServerRequest), Object(Laminas\Stratigility\Next))
#22 C:\laragon\www\teachingPlatform\vendor\flarum\core\src\Http\Middleware\AuthenticateWithHeader.php(58): Laminas\Stratigility\Next->handle(Object(Laminas\Diactoros\ServerRequest))
#23 C:\laragon\www\teachingPlatform\vendor\laminas\laminas-stratigility\src\Next.php(49): Flarum\Http\Middleware\AuthenticateWithHeader->process(Object(Laminas\Diactoros\ServerRequest), Object(Laminas\Stratigility\Next))
#24 C:\laragon\www\teachingPlatform\vendor\flarum\core\src\Http\Middleware\AuthenticateWithSession.php(31): Laminas\Stratigility\Next->handle(Object(Laminas\Diactoros\ServerRequest))
#25 C:\laragon\www\teachingPlatform\vendor\laminas\laminas-stratigility\src\Next.php(49): Flarum\Http\Middleware\AuthenticateWithSession->process(Object(Laminas\Diactoros\ServerRequest), Object(Laminas\Stratigility\Next))
#26 C:\laragon\www\teachingPlatform\vendor\flarum\core\src\Http\Middleware\RememberFromCookie.php(52): Laminas\Stratigility\Next->handle(Object(Laminas\Diactoros\ServerRequest))
#27 C:\laragon\www\teachingPlatform\vendor\laminas\laminas-stratigility\src\Next.php(49): Flarum\Http\Middleware\RememberFromCookie->process(Object(Laminas\Diactoros\ServerRequest), Object(Laminas\Stratigility\Next))
#28 C:\laragon\www\teachingPlatform\vendor\flarum\core\src\Http\Middleware\StartSession.php(61): Laminas\Stratigility\Next->handle(Object(Laminas\Diactoros\ServerRequest))
#29 C:\laragon\www\teachingPlatform\vendor\laminas\laminas-stratigility\src\Next.php(49): Flarum\Http\Middleware\StartSession->process(Object(Laminas\Diactoros\ServerRequest), Object(Laminas\Stratigility\Next))
#30 C:\laragon\www\teachingPlatform\vendor\flarum\core\src\Api\Middleware\FakeHttpMethods.php(29): Laminas\Stratigility\Next->handle(Object(Laminas\Diactoros\ServerRequest))
#31 C:\laragon\www\teachingPlatform\vendor\laminas\laminas-stratigility\src\Next.php(49): Flarum\Api\Middleware\FakeHttpMethods->process(Object(Laminas\Diactoros\ServerRequest), Object(Laminas\Stratigility\Next))
#32 C:\laragon\www\teachingPlatform\vendor\flarum\core\src\Http\Middleware\ParseJsonBody.php(28): Laminas\Stratigility\Next->handle(Object(Laminas\Diactoros\ServerRequest))
#33 C:\laragon\www\teachingPlatform\vendor\laminas\laminas-stratigility\src\Next.php(49): Flarum\Http\Middleware\ParseJsonBody->process(Object(Laminas\Diactoros\ServerRequest), Object(Laminas\Stratigility\Next))
#34 C:\laragon\www\teachingPlatform\vendor\flarum\core\src\Http\Middleware\HandleErrors.php(57): Laminas\Stratigility\Next->handle(Object(Laminas\Diactoros\ServerRequest))
#35 C:\laragon\www\teachingPlatform\vendor\laminas\laminas-stratigility\src\Next.php(49): Flarum\Http\Middleware\HandleErrors->process(Object(Laminas\Diactoros\ServerRequest), Object(Laminas\Stratigility\Next))
#36 C:\laragon\www\teachingPlatform\vendor\flarum\core\src\Http\Middleware\InjectActorReference.php(25): Laminas\Stratigility\Next->handle(Object(Laminas\Diactoros\ServerRequest))
#37 C:\laragon\www\teachingPlatform\vendor\laminas\laminas-stratigility\src\Next.php(49): Flarum\Http\Middleware\InjectActorReference->process(Object(Laminas\Diactoros\ServerRequest), Object(Laminas\Stratigility\Next))
#38 C:\laragon\www\teachingPlatform\vendor\laminas\laminas-stratigility\src\MiddlewarePipe.php(75): Laminas\Stratigility\Next->handle(Object(Laminas\Diactoros\ServerRequest))
#39 C:\laragon\www\teachingPlatform\vendor\middlewares\request-handler\src\RequestHandler.php(84): Laminas\Stratigility\MiddlewarePipe->process(Object(Laminas\Diactoros\ServerRequest), Object(Laminas\Stratigility\Next))
#40 C:\laragon\www\teachingPlatform\vendor\laminas\laminas-stratigility\src\Next.php(49): Middlewares\RequestHandler->process(Object(Laminas\Diactoros\ServerRequest), Object(Laminas\Stratigility\Next))
#41 C:\laragon\www\teachingPlatform\vendor\middlewares\base-path-router\src\BasePathRouter.php(101): Laminas\Stratigility\Next->handle(Object(Laminas\Diactoros\ServerRequest))
#42 C:\laragon\www\teachingPlatform\vendor\laminas\laminas-stratigility\src\Next.php(49): Middlewares\BasePathRouter->process(Object(Laminas\Diactoros\ServerRequest), Object(Laminas\Stratigility\Next))
#43 C:\laragon\www\teachingPlatform\vendor\laminas\laminas-stratigility\src\Middleware\OriginalMessages.php(36): Laminas\Stratigility\Next->handle(Object(Laminas\Diactoros\ServerRequest))
#44 C:\laragon\www\teachingPlatform\vendor\laminas\laminas-stratigility\src\Next.php(49): Laminas\Stratigility\Middleware\OriginalMessages->process(Object(Laminas\Diactoros\ServerRequest), Object(Laminas\Stratigility\Next))
#45 C:\laragon\www\teachingPlatform\vendor\middlewares\base-path\src\BasePath.php(73): Laminas\Stratigility\Next->handle(Object(Laminas\Diactoros\ServerRequest))
#46 C:\laragon\www\teachingPlatform\vendor\laminas\laminas-stratigility\src\Next.php(49): Middlewares\BasePath->process(Object(Laminas\Diactoros\ServerRequest), Object(Laminas\Stratigility\Next))
#47 C:\laragon\www\teachingPlatform\vendor\flarum\core\src\Http\Middleware\ProcessIp.php(24): Laminas\Stratigility\Next->handle(Object(Laminas\Diactoros\ServerRequest))
#48 C:\laragon\www\teachingPlatform\vendor\laminas\laminas-stratigility\src\Next.php(49): Flarum\Http\Middleware\ProcessIp->process(Object(Laminas\Diactoros\ServerRequest), Object(Laminas\Stratigility\Next))
#49 C:\laragon\www\teachingPlatform\vendor\laminas\laminas-stratigility\src\MiddlewarePipe.php(75): Laminas\Stratigility\Next->handle(Object(Laminas\Diactoros\ServerRequest))
#50 C:\laragon\www\teachingPlatform\vendor\laminas\laminas-stratigility\src\MiddlewarePipe.php(64): Laminas\Stratigility\MiddlewarePipe->process(Object(Laminas\Diactoros\ServerRequest), Object(Laminas\Stratigility\EmptyPipelineHandler))
#51 C:\laragon\www\teachingPlatform\vendor\laminas\laminas-httphandlerrunner\src\RequestHandlerRunner.php(73): Laminas\Stratigility\MiddlewarePipe->handle(Object(Laminas\Diactoros\ServerRequest))
#52 C:\laragon\www\teachingPlatform\vendor\flarum\core\src\Http\Server.php(45): Laminas\HttpHandlerRunner\RequestHandlerRunner->run()
#53 C:\laragon\www\teachingPlatform\public\index.php(26): Flarum\Http\Server->listen()
#54 {main}  
[2023-11-16 03:44:16] flarum.ERROR: TypeError: FoF\Upload\Repositories\FileRepository::removeFromTemp(): Argument #1 ($file) must be of type Symfony\Component\HttpFoundation\File\UploadedFile, null given, called in C:\laragon\www\teachingPlatform\vendor\fof\upload\src\Commands\UploadHandler.php on line 184 and defined in C:\laragon\www\teachingPlatform\vendor\fof\upload\src\Repositories\FileRepository.php:143
Stack trace:
#0 C:\laragon\www\teachingPlatform\vendor\fof\upload\src\Commands\UploadHandler.php(184): FoF\Upload\Repositories\FileRepository->removeFromTemp(NULL)
#1 [internal function]: FoF\Upload\Commands\UploadHandler->FoF\Upload\Commands\{closure}(Object(Laminas\Diactoros\UploadedFile), 0)
#2 C:\laragon\www\teachingPlatform\vendor\illuminate\collections\Collection.php(695): array_map(Object(Closure), Array, Array)
#3 C:\laragon\www\teachingPlatform\vendor\fof\upload\src\Commands\UploadHandler.php(190): Illuminate\Support\Collection->map(Object(Closure))
#4 C:\laragon\www\teachingPlatform\vendor\illuminate\bus\Dispatcher.php(122): FoF\Upload\Commands\UploadHandler->handle(Object(FoF\Upload\Commands\Upload))
#5 C:\laragon\www\teachingPlatform\vendor\illuminate\pipeline\Pipeline.php(128): Illuminate\Bus\Dispatcher->Illuminate\Bus\{closure}(Object(FoF\Upload\Commands\Upload))
#6 C:\laragon\www\teachingPlatform\vendor\illuminate\pipeline\Pipeline.php(103): Illuminate\Pipeline\Pipeline->Illuminate\Pipeline\{closure}(Object(FoF\Upload\Commands\Upload))
#7 C:\laragon\www\teachingPlatform\vendor\illuminate\bus\Dispatcher.php(132): Illuminate\Pipeline\Pipeline->then(Object(Closure))
#8 C:\laragon\www\teachingPlatform\vendor\illuminate\bus\Dispatcher.php(78): Illuminate\Bus\Dispatcher->dispatchNow(Object(FoF\Upload\Commands\Upload))
#9 C:\laragon\www\teachingPlatform\vendor\fof\upload\src\Api\Controllers\UploadController.php(60): Illuminate\Bus\Dispatcher->dispatch(Object(FoF\Upload\Commands\Upload))
#10 C:\laragon\www\teachingPlatform\vendor\flarum\core\src\Api\Controller\AbstractSerializeController.php(116): FoF\Upload\Api\Controllers\UploadController->data(Object(Laminas\Diactoros\ServerRequest), Object(Tobscure\JsonApi\Document))
#11 C:\laragon\www\teachingPlatform\vendor\flarum\core\src\Http\RouteHandlerFactory.php(41): Flarum\Api\Controller\AbstractSerializeController->handle(Object(Laminas\Diactoros\ServerRequest))
#12 C:\laragon\www\teachingPlatform\vendor\flarum\core\src\Http\Middleware\ExecuteRoute.php(27): Flarum\Http\RouteHandlerFactory->Flarum\Http\{closure}(Object(Laminas\Diactoros\ServerRequest), Array)
#13 C:\laragon\www\teachingPlatform\vendor\laminas\laminas-stratigility\src\Next.php(49): Flarum\Http\Middleware\ExecuteRoute->process(Object(Laminas\Diactoros\ServerRequest), Object(Closure))
#14 C:\laragon\www\teachingPlatform\vendor\flarum\core\src\Api\Middleware\ThrottleApi.php(33): Laminas\Stratigility\Next->handle(Object(Laminas\Diactoros\ServerRequest))
#15 C:\laragon\www\teachingPlatform\vendor\laminas\laminas-stratigility\src\Next.php(49): Flarum\Api\Middleware\ThrottleApi->process(Object(Laminas\Diactoros\ServerRequest), Object(Laminas\Stratigility\Next))
#16 C:\laragon\www\teachingPlatform\vendor\flarum\core\src\Http\Middleware\CheckCsrfToken.php(44): Laminas\Stratigility\Next->handle(Object(Laminas\Diactoros\ServerRequest))
#17 C:\laragon\www\teachingPlatform\vendor\laminas\laminas-stratigility\src\Next.php(49): Flarum\Http\Middleware\CheckCsrfToken->process(Object(Laminas\Diactoros\ServerRequest), Object(Laminas\Stratigility\Next))
#18 C:\laragon\www\teachingPlatform\vendor\flarum\core\src\Http\Middleware\ResolveRoute.php(69): Laminas\Stratigility\Next->handle(Object(Laminas\Diactoros\ServerRequest))
#19 C:\laragon\www\teachingPlatform\vendor\laminas\laminas-stratigility\src\Next.php(49): Flarum\Http\Middleware\ResolveRoute->process(Object(Laminas\Diactoros\ServerRequest), Object(Laminas\Stratigility\Next))
#20 C:\laragon\www\teachingPlatform\vendor\flarum\core\src\Http\Middleware\SetLocale.php(51): Laminas\Stratigility\Next->handle(Object(Laminas\Diactoros\ServerRequest))
#21 C:\laragon\www\teachingPlatform\vendor\laminas\laminas-stratigility\src\Next.php(49): Flarum\Http\Middleware\SetLocale->process(Object(Laminas\Diactoros\ServerRequest), Object(Laminas\Stratigility\Next))
#22 C:\laragon\www\teachingPlatform\vendor\flarum\core\src\Http\Middleware\AuthenticateWithHeader.php(58): Laminas\Stratigility\Next->handle(Object(Laminas\Diactoros\ServerRequest))
#23 C:\laragon\www\teachingPlatform\vendor\laminas\laminas-stratigility\src\Next.php(49): Flarum\Http\Middleware\AuthenticateWithHeader->process(Object(Laminas\Diactoros\ServerRequest), Object(Laminas\Stratigility\Next))
#24 C:\laragon\www\teachingPlatform\vendor\flarum\core\src\Http\Middleware\AuthenticateWithSession.php(31): Laminas\Stratigility\Next->handle(Object(Laminas\Diactoros\ServerRequest))
#25 C:\laragon\www\teachingPlatform\vendor\laminas\laminas-stratigility\src\Next.php(49): Flarum\Http\Middleware\AuthenticateWithSession->process(Object(Laminas\Diactoros\ServerRequest), Object(Laminas\Stratigility\Next))
#26 C:\laragon\www\teachingPlatform\vendor\flarum\core\src\Http\Middleware\RememberFromCookie.php(52): Laminas\Stratigility\Next->handle(Object(Laminas\Diactoros\ServerRequest))
#27 C:\laragon\www\teachingPlatform\vendor\laminas\laminas-stratigility\src\Next.php(49): Flarum\Http\Middleware\RememberFromCookie->process(Object(Laminas\Diactoros\ServerRequest), Object(Laminas\Stratigility\Next))
#28 C:\laragon\www\teachingPlatform\vendor\flarum\core\src\Http\Middleware\StartSession.php(61): Laminas\Stratigility\Next->handle(Object(Laminas\Diactoros\ServerRequest))
#29 C:\laragon\www\teachingPlatform\vendor\laminas\laminas-stratigility\src\Next.php(49): Flarum\Http\Middleware\StartSession->process(Object(Laminas\Diactoros\ServerRequest), Object(Laminas\Stratigility\Next))
#30 C:\laragon\www\teachingPlatform\vendor\flarum\core\src\Api\Middleware\FakeHttpMethods.php(29): Laminas\Stratigility\Next->handle(Object(Laminas\Diactoros\ServerRequest))
#31 C:\laragon\www\teachingPlatform\vendor\laminas\laminas-stratigility\src\Next.php(49): Flarum\Api\Middleware\FakeHttpMethods->process(Object(Laminas\Diactoros\ServerRequest), Object(Laminas\Stratigility\Next))
#32 C:\laragon\www\teachingPlatform\vendor\flarum\core\src\Http\Middleware\ParseJsonBody.php(28): Laminas\Stratigility\Next->handle(Object(Laminas\Diactoros\ServerRequest))
#33 C:\laragon\www\teachingPlatform\vendor\laminas\laminas-stratigility\src\Next.php(49): Flarum\Http\Middleware\ParseJsonBody->process(Object(Laminas\Diactoros\ServerRequest), Object(Laminas\Stratigility\Next))
#34 C:\laragon\www\teachingPlatform\vendor\flarum\core\src\Http\Middleware\HandleErrors.php(57): Laminas\Stratigility\Next->handle(Object(Laminas\Diactoros\ServerRequest))
#35 C:\laragon\www\teachingPlatform\vendor\laminas\laminas-stratigility\src\Next.php(49): Flarum\Http\Middleware\HandleErrors->process(Object(Laminas\Diactoros\ServerRequest), Object(Laminas\Stratigility\Next))
#36 C:\laragon\www\teachingPlatform\vendor\flarum\core\src\Http\Middleware\InjectActorReference.php(25): Laminas\Stratigility\Next->handle(Object(Laminas\Diactoros\ServerRequest))
#37 C:\laragon\www\teachingPlatform\vendor\laminas\laminas-stratigility\src\Next.php(49): Flarum\Http\Middleware\InjectActorReference->process(Object(Laminas\Diactoros\ServerRequest), Object(Laminas\Stratigility\Next))
#38 C:\laragon\www\teachingPlatform\vendor\laminas\laminas-stratigility\src\MiddlewarePipe.php(75): Laminas\Stratigility\Next->handle(Object(Laminas\Diactoros\ServerRequest))
#39 C:\laragon\www\teachingPlatform\vendor\middlewares\request-handler\src\RequestHandler.php(84): Laminas\Stratigility\MiddlewarePipe->process(Object(Laminas\Diactoros\ServerRequest), Object(Laminas\Stratigility\Next))
#40 C:\laragon\www\teachingPlatform\vendor\laminas\laminas-stratigility\src\Next.php(49): Middlewares\RequestHandler->process(Object(Laminas\Diactoros\ServerRequest), Object(Laminas\Stratigility\Next))
#41 C:\laragon\www\teachingPlatform\vendor\middlewares\base-path-router\src\BasePathRouter.php(101): Laminas\Stratigility\Next->handle(Object(Laminas\Diactoros\ServerRequest))
#42 C:\laragon\www\teachingPlatform\vendor\laminas\laminas-stratigility\src\Next.php(49): Middlewares\BasePathRouter->process(Object(Laminas\Diactoros\ServerRequest), Object(Laminas\Stratigility\Next))
#43 C:\laragon\www\teachingPlatform\vendor\laminas\laminas-stratigility\src\Middleware\OriginalMessages.php(36): Laminas\Stratigility\Next->handle(Object(Laminas\Diactoros\ServerRequest))
#44 C:\laragon\www\teachingPlatform\vendor\laminas\laminas-stratigility\src\Next.php(49): Laminas\Stratigility\Middleware\OriginalMessages->process(Object(Laminas\Diactoros\ServerRequest), Object(Laminas\Stratigility\Next))
#45 C:\laragon\www\teachingPlatform\vendor\middlewares\base-path\src\BasePath.php(73): Laminas\Stratigility\Next->handle(Object(Laminas\Diactoros\ServerRequest))
#46 C:\laragon\www\teachingPlatform\vendor\laminas\laminas-stratigility\src\Next.php(49): Middlewares\BasePath->process(Object(Laminas\Diactoros\ServerRequest), Object(Laminas\Stratigility\Next))
#47 C:\laragon\www\teachingPlatform\vendor\flarum\core\src\Http\Middleware\ProcessIp.php(24): Laminas\Stratigility\Next->handle(Object(Laminas\Diactoros\ServerRequest))
#48 C:\laragon\www\teachingPlatform\vendor\laminas\laminas-stratigility\src\Next.php(49): Flarum\Http\Middleware\ProcessIp->process(Object(Laminas\Diactoros\ServerRequest), Object(Laminas\Stratigility\Next))
#49 C:\laragon\www\teachingPlatform\vendor\laminas\laminas-stratigility\src\MiddlewarePipe.php(75): Laminas\Stratigility\Next->handle(Object(Laminas\Diactoros\ServerRequest))
#50 C:\laragon\www\teachingPlatform\vendor\laminas\laminas-stratigility\src\MiddlewarePipe.php(64): Laminas\Stratigility\MiddlewarePipe->process(Object(Laminas\Diactoros\ServerRequest), Object(Laminas\Stratigility\EmptyPipelineHandler))
#51 C:\laragon\www\teachingPlatform\vendor\laminas\laminas-httphandlerrunner\src\RequestHandlerRunner.php(73): Laminas\Stratigility\MiddlewarePipe->handle(Object(Laminas\Diactoros\ServerRequest))
#52 C:\laragon\www\teachingPlatform\vendor\flarum\core\src\Http\Server.php(45): Laminas\HttpHandlerRunner\RequestHandlerRunner->run()
#53 C:\laragon\www\teachingPlatform\public\index.php(26): Flarum\Http\Server->listen()
#54 {main}  
[2023-11-16 03:45:00] flarum.ERROR: TypeError: FoF\Upload\Repositories\FileRepository::removeFromTemp(): Argument #1 ($file) must be of type Symfony\Component\HttpFoundation\File\UploadedFile, null given, called in C:\laragon\www\teachingPlatform\vendor\fof\upload\src\Commands\UploadHandler.php on line 184 and defined in C:\laragon\www\teachingPlatform\vendor\fof\upload\src\Repositories\FileRepository.php:143
Stack trace:
#0 C:\laragon\www\teachingPlatform\vendor\fof\upload\src\Commands\UploadHandler.php(184): FoF\Upload\Repositories\FileRepository->removeFromTemp(NULL)
#1 [internal function]: FoF\Upload\Commands\UploadHandler->FoF\Upload\Commands\{closure}(Object(Laminas\Diactoros\UploadedFile), 0)
#2 C:\laragon\www\teachingPlatform\vendor\illuminate\collections\Collection.php(695): array_map(Object(Closure), Array, Array)
#3 C:\laragon\www\teachingPlatform\vendor\fof\upload\src\Commands\UploadHandler.php(190): Illuminate\Support\Collection->map(Object(Closure))
#4 C:\laragon\www\teachingPlatform\vendor\illuminate\bus\Dispatcher.php(122): FoF\Upload\Commands\UploadHandler->handle(Object(FoF\Upload\Commands\Upload))
#5 C:\laragon\www\teachingPlatform\vendor\illuminate\pipeline\Pipeline.php(128): Illuminate\Bus\Dispatcher->Illuminate\Bus\{closure}(Object(FoF\Upload\Commands\Upload))
#6 C:\laragon\www\teachingPlatform\vendor\illuminate\pipeline\Pipeline.php(103): Illuminate\Pipeline\Pipeline->Illuminate\Pipeline\{closure}(Object(FoF\Upload\Commands\Upload))
#7 C:\laragon\www\teachingPlatform\vendor\illuminate\bus\Dispatcher.php(132): Illuminate\Pipeline\Pipeline->then(Object(Closure))
#8 C:\laragon\www\teachingPlatform\vendor\illuminate\bus\Dispatcher.php(78): Illuminate\Bus\Dispatcher->dispatchNow(Object(FoF\Upload\Commands\Upload))
#9 C:\laragon\www\teachingPlatform\vendor\fof\upload\src\Api\Controllers\UploadController.php(60): Illuminate\Bus\Dispatcher->dispatch(Object(FoF\Upload\Commands\Upload))
#10 C:\laragon\www\teachingPlatform\vendor\flarum\core\src\Api\Controller\AbstractSerializeController.php(116): FoF\Upload\Api\Controllers\UploadController->data(Object(Laminas\Diactoros\ServerRequest), Object(Tobscure\JsonApi\Document))
#11 C:\laragon\www\teachingPlatform\vendor\flarum\core\src\Http\RouteHandlerFactory.php(41): Flarum\Api\Controller\AbstractSerializeController->handle(Object(Laminas\Diactoros\ServerRequest))
#12 C:\laragon\www\teachingPlatform\vendor\flarum\core\src\Http\Middleware\ExecuteRoute.php(27): Flarum\Http\RouteHandlerFactory->Flarum\Http\{closure}(Object(Laminas\Diactoros\ServerRequest), Array)
#13 C:\laragon\www\teachingPlatform\vendor\laminas\laminas-stratigility\src\Next.php(49): Flarum\Http\Middleware\ExecuteRoute->process(Object(Laminas\Diactoros\ServerRequest), Object(Closure))
#14 C:\laragon\www\teachingPlatform\vendor\flarum\core\src\Api\Middleware\ThrottleApi.php(33): Laminas\Stratigility\Next->handle(Object(Laminas\Diactoros\ServerRequest))
#15 C:\laragon\www\teachingPlatform\vendor\laminas\laminas-stratigility\src\Next.php(49): Flarum\Api\Middleware\ThrottleApi->process(Object(Laminas\Diactoros\ServerRequest), Object(Laminas\Stratigility\Next))
#16 C:\laragon\www\teachingPlatform\vendor\flarum\core\src\Http\Middleware\CheckCsrfToken.php(44): Laminas\Stratigility\Next->handle(Object(Laminas\Diactoros\ServerRequest))
#17 C:\laragon\www\teachingPlatform\vendor\laminas\laminas-stratigility\src\Next.php(49): Flarum\Http\Middleware\CheckCsrfToken->process(Object(Laminas\Diactoros\ServerRequest), Object(Laminas\Stratigility\Next))
#18 C:\laragon\www\teachingPlatform\vendor\flarum\core\src\Http\Middleware\ResolveRoute.php(69): Laminas\Stratigility\Next->handle(Object(Laminas\Diactoros\ServerRequest))
#19 C:\laragon\www\teachingPlatform\vendor\laminas\laminas-stratigility\src\Next.php(49): Flarum\Http\Middleware\ResolveRoute->process(Object(Laminas\Diactoros\ServerRequest), Object(Laminas\Stratigility\Next))
#20 C:\laragon\www\teachingPlatform\vendor\flarum\core\src\Http\Middleware\SetLocale.php(51): Laminas\Stratigility\Next->handle(Object(Laminas\Diactoros\ServerRequest))
#21 C:\laragon\www\teachingPlatform\vendor\laminas\laminas-stratigility\src\Next.php(49): Flarum\Http\Middleware\SetLocale->process(Object(Laminas\Diactoros\ServerRequest), Object(Laminas\Stratigility\Next))
#22 C:\laragon\www\teachingPlatform\vendor\flarum\core\src\Http\Middleware\AuthenticateWithHeader.php(58): Laminas\Stratigility\Next->handle(Object(Laminas\Diactoros\ServerRequest))
#23 C:\laragon\www\teachingPlatform\vendor\laminas\laminas-stratigility\src\Next.php(49): Flarum\Http\Middleware\AuthenticateWithHeader->process(Object(Laminas\Diactoros\ServerRequest), Object(Laminas\Stratigility\Next))
#24 C:\laragon\www\teachingPlatform\vendor\flarum\core\src\Http\Middleware\AuthenticateWithSession.php(31): Laminas\Stratigility\Next->handle(Object(Laminas\Diactoros\ServerRequest))
#25 C:\laragon\www\teachingPlatform\vendor\laminas\laminas-stratigility\src\Next.php(49): Flarum\Http\Middleware\AuthenticateWithSession->process(Object(Laminas\Diactoros\ServerRequest), Object(Laminas\Stratigility\Next))
#26 C:\laragon\www\teachingPlatform\vendor\flarum\core\src\Http\Middleware\RememberFromCookie.php(52): Laminas\Stratigility\Next->handle(Object(Laminas\Diactoros\ServerRequest))
#27 C:\laragon\www\teachingPlatform\vendor\laminas\laminas-stratigility\src\Next.php(49): Flarum\Http\Middleware\RememberFromCookie->process(Object(Laminas\Diactoros\ServerRequest), Object(Laminas\Stratigility\Next))
#28 C:\laragon\www\teachingPlatform\vendor\flarum\core\src\Http\Middleware\StartSession.php(61): Laminas\Stratigility\Next->handle(Object(Laminas\Diactoros\ServerRequest))
#29 C:\laragon\www\teachingPlatform\vendor\laminas\laminas-stratigility\src\Next.php(49): Flarum\Http\Middleware\StartSession->process(Object(Laminas\Diactoros\ServerRequest), Object(Laminas\Stratigility\Next))
#30 C:\laragon\www\teachingPlatform\vendor\flarum\core\src\Api\Middleware\FakeHttpMethods.php(29): Laminas\Stratigility\Next->handle(Object(Laminas\Diactoros\ServerRequest))
#31 C:\laragon\www\teachingPlatform\vendor\laminas\laminas-stratigility\src\Next.php(49): Flarum\Api\Middleware\FakeHttpMethods->process(Object(Laminas\Diactoros\ServerRequest), Object(Laminas\Stratigility\Next))
#32 C:\laragon\www\teachingPlatform\vendor\flarum\core\src\Http\Middleware\ParseJsonBody.php(28): Laminas\Stratigility\Next->handle(Object(Laminas\Diactoros\ServerRequest))
#33 C:\laragon\www\teachingPlatform\vendor\laminas\laminas-stratigility\src\Next.php(49): Flarum\Http\Middleware\ParseJsonBody->process(Object(Laminas\Diactoros\ServerRequest), Object(Laminas\Stratigility\Next))
#34 C:\laragon\www\teachingPlatform\vendor\flarum\core\src\Http\Middleware\HandleErrors.php(57): Laminas\Stratigility\Next->handle(Object(Laminas\Diactoros\ServerRequest))
#35 C:\laragon\www\teachingPlatform\vendor\laminas\laminas-stratigility\src\Next.php(49): Flarum\Http\Middleware\HandleErrors->process(Object(Laminas\Diactoros\ServerRequest), Object(Laminas\Stratigility\Next))
#36 C:\laragon\www\teachingPlatform\vendor\flarum\core\src\Http\Middleware\InjectActorReference.php(25): Laminas\Stratigility\Next->handle(Object(Laminas\Diactoros\ServerRequest))
#37 C:\laragon\www\teachingPlatform\vendor\laminas\laminas-stratigility\src\Next.php(49): Flarum\Http\Middleware\InjectActorReference->process(Object(Laminas\Diactoros\ServerRequest), Object(Laminas\Stratigility\Next))
#38 C:\laragon\www\teachingPlatform\vendor\laminas\laminas-stratigility\src\MiddlewarePipe.php(75): Laminas\Stratigility\Next->handle(Object(Laminas\Diactoros\ServerRequest))
#39 C:\laragon\www\teachingPlatform\vendor\middlewares\request-handler\src\RequestHandler.php(84): Laminas\Stratigility\MiddlewarePipe->process(Object(Laminas\Diactoros\ServerRequest), Object(Laminas\Stratigility\Next))
#40 C:\laragon\www\teachingPlatform\vendor\laminas\laminas-stratigility\src\Next.php(49): Middlewares\RequestHandler->process(Object(Laminas\Diactoros\ServerRequest), Object(Laminas\Stratigility\Next))
#41 C:\laragon\www\teachingPlatform\vendor\middlewares\base-path-router\src\BasePathRouter.php(101): Laminas\Stratigility\Next->handle(Object(Laminas\Diactoros\ServerRequest))
#42 C:\laragon\www\teachingPlatform\vendor\laminas\laminas-stratigility\src\Next.php(49): Middlewares\BasePathRouter->process(Object(Laminas\Diactoros\ServerRequest), Object(Laminas\Stratigility\Next))
#43 C:\laragon\www\teachingPlatform\vendor\laminas\laminas-stratigility\src\Middleware\OriginalMessages.php(36): Laminas\Stratigility\Next->handle(Object(Laminas\Diactoros\ServerRequest))
#44 C:\laragon\www\teachingPlatform\vendor\laminas\laminas-stratigility\src\Next.php(49): Laminas\Stratigility\Middleware\OriginalMessages->process(Object(Laminas\Diactoros\ServerRequest), Object(Laminas\Stratigility\Next))
#45 C:\laragon\www\teachingPlatform\vendor\middlewares\base-path\src\BasePath.php(73): Laminas\Stratigility\Next->handle(Object(Laminas\Diactoros\ServerRequest))
#46 C:\laragon\www\teachingPlatform\vendor\laminas\laminas-stratigility\src\Next.php(49): Middlewares\BasePath->process(Object(Laminas\Diactoros\ServerRequest), Object(Laminas\Stratigility\Next))
#47 C:\laragon\www\teachingPlatform\vendor\flarum\core\src\Http\Middleware\ProcessIp.php(24): Laminas\Stratigility\Next->handle(Object(Laminas\Diactoros\ServerRequest))
#48 C:\laragon\www\teachingPlatform\vendor\laminas\laminas-stratigility\src\Next.php(49): Flarum\Http\Middleware\ProcessIp->process(Object(Laminas\Diactoros\ServerRequest), Object(Laminas\Stratigility\Next))
#49 C:\laragon\www\teachingPlatform\vendor\laminas\laminas-stratigility\src\MiddlewarePipe.php(75): Laminas\Stratigility\Next->handle(Object(Laminas\Diactoros\ServerRequest))
#50 C:\laragon\www\teachingPlatform\vendor\laminas\laminas-stratigility\src\MiddlewarePipe.php(64): Laminas\Stratigility\MiddlewarePipe->process(Object(Laminas\Diactoros\ServerRequest), Object(Laminas\Stratigility\EmptyPipelineHandler))
#51 C:\laragon\www\teachingPlatform\vendor\laminas\laminas-httphandlerrunner\src\RequestHandlerRunner.php(73): Laminas\Stratigility\MiddlewarePipe->handle(Object(Laminas\Diactoros\ServerRequest))
#52 C:\laragon\www\teachingPlatform\vendor\flarum\core\src\Http\Server.php(45): Laminas\HttpHandlerRunner\RequestHandlerRunner->run()
#53 C:\laragon\www\teachingPlatform\public\index.php(26): Flarum\Http\Server->listen()
#54 {main}  
