[2023-11-15 08:16:09] flarum.ERROR: Swift_TransportException: Failed to authenticate on SMTP server with username "schoollab403@gmail.com" using 3 possible authenticators. Authenticator LOGIN returned Expected response code 235 but got code "535", with message "535-5.7.8 Username and Password not accepted. Learn more at
535 5.7.8  https://support.google.com/mail/?p=BadCredentials j9-20020aa783c9000000b006bd8f4e398csm2334146pfn.135 - gsmtp
". Authenticator PLAIN returned Expected response code 235 but got code "535", with message "535-5.7.8 Username and Password not accepted. Learn more at
535 5.7.8  https://support.google.com/mail/?p=BadCredentials j9-20020aa783c9000000b006bd8f4e398csm2334146pfn.135 - gsmtp
". Authenticator XOAUTH2 returned Expected response code 250 but got code "535", with message "535-5.7.8 Username and Password not accepted. Learn more at
535 5.7.8  https://support.google.com/mail/?p=BadCredentials j9-20020aa783c9000000b006bd8f4e398csm2334146pfn.135 - gsmtp
". in C:\laragon\www\teachingPlatform\vendor\swiftmailer\swiftmailer\lib\classes\Swift\Transport\Esmtp\AuthHandler.php:191
Stack trace:
#0 C:\laragon\www\teachingPlatform\vendor\swiftmailer\swiftmailer\lib\classes\Swift\Transport\EsmtpTransport.php(371): Swift_Transport_Esmtp_AuthHandler->afterEhlo(Object(Swift_SmtpTransport))
#1 C:\laragon\www\teachingPlatform\vendor\swiftmailer\swiftmailer\lib\classes\Swift\Transport\AbstractSmtpTransport.php(148): Swift_Transport_EsmtpTransport->doHeloCommand()
#2 C:\laragon\www\teachingPlatform\vendor\swiftmailer\swiftmailer\lib\classes\Swift\Mailer.php(65): Swift_Transport_AbstractSmtpTransport->start()
#3 C:\laragon\www\teachingPlatform\vendor\illuminate\mail\Mailer.php(521): Swift_Mailer->send(Object(Swift_Message), Array)
#4 C:\laragon\www\teachingPlatform\vendor\illuminate\mail\Mailer.php(288): Illuminate\Mail\Mailer->sendSwiftMessage(Object(Swift_Message))
#5 C:\laragon\www\teachingPlatform\vendor\illuminate\mail\Mailer.php(212): Illuminate\Mail\Mailer->send(NULL, Array, Object(Closure))
#6 C:\laragon\www\teachingPlatform\vendor\flarum\core\src\Mail\Job\SendRawEmailJob.php(34): Illuminate\Mail\Mailer->raw('\xE6\x82\xA8\xE5\xA5\xBD\xEF\xBC\x8Cadmin!...', Object(Closure))
#7 C:\laragon\www\teachingPlatform\vendor\illuminate\container\BoundMethod.php(36): Flarum\Mail\Job\SendRawEmailJob->handle(Object(Illuminate\Mail\Mailer))
#8 C:\laragon\www\teachingPlatform\vendor\illuminate\container\Util.php(40): Illuminate\Container\BoundMethod::Illuminate\Container\{closure}()
#9 C:\laragon\www\teachingPlatform\vendor\illuminate\container\BoundMethod.php(93): Illuminate\Container\Util::unwrapIfClosure(Object(Closure))
#10 C:\laragon\www\teachingPlatform\vendor\illuminate\container\BoundMethod.php(37): Illuminate\Container\BoundMethod::callBoundMethod(Object(Illuminate\Container\Container), Array, Object(Closure))
#11 C:\laragon\www\teachingPlatform\vendor\illuminate\container\Container.php(653): Illuminate\Container\BoundMethod::call(Object(Illuminate\Container\Container), Array, Array, NULL)
#12 C:\laragon\www\teachingPlatform\vendor\illuminate\bus\Dispatcher.php(128): Illuminate\Container\Container->call(Array)
#13 C:\laragon\www\teachingPlatform\vendor\illuminate\pipeline\Pipeline.php(128): Illuminate\Bus\Dispatcher->Illuminate\Bus\{closure}(Object(Flarum\Mail\Job\SendRawEmailJob))
#14 C:\laragon\www\teachingPlatform\vendor\illuminate\pipeline\Pipeline.php(103): Illuminate\Pipeline\Pipeline->Illuminate\Pipeline\{closure}(Object(Flarum\Mail\Job\SendRawEmailJob))
#15 C:\laragon\www\teachingPlatform\vendor\illuminate\bus\Dispatcher.php(132): Illuminate\Pipeline\Pipeline->then(Object(Closure))
#16 C:\laragon\www\teachingPlatform\vendor\illuminate\queue\CallQueuedHandler.php(120): Illuminate\Bus\Dispatcher->dispatchNow(Object(Flarum\Mail\Job\SendRawEmailJob), false)
#17 C:\laragon\www\teachingPlatform\vendor\illuminate\pipeline\Pipeline.php(128): Illuminate\Queue\CallQueuedHandler->Illuminate\Queue\{closure}(Object(Flarum\Mail\Job\SendRawEmailJob))
#18 C:\laragon\www\teachingPlatform\vendor\illuminate\pipeline\Pipeline.php(103): Illuminate\Pipeline\Pipeline->Illuminate\Pipeline\{closure}(Object(Flarum\Mail\Job\SendRawEmailJob))
#19 C:\laragon\www\teachingPlatform\vendor\illuminate\queue\CallQueuedHandler.php(122): Illuminate\Pipeline\Pipeline->then(Object(Closure))
#20 C:\laragon\www\teachingPlatform\vendor\illuminate\queue\CallQueuedHandler.php(70): Illuminate\Queue\CallQueuedHandler->dispatchThroughMiddleware(Object(Illuminate\Queue\Jobs\SyncJob), Object(Flarum\Mail\Job\SendRawEmailJob))
#21 C:\laragon\www\teachingPlatform\vendor\illuminate\queue\Jobs\Job.php(98): Illuminate\Queue\CallQueuedHandler->call(Object(Illuminate\Queue\Jobs\SyncJob), Array)
#22 C:\laragon\www\teachingPlatform\vendor\illuminate\queue\SyncQueue.php(43): Illuminate\Queue\Jobs\Job->fire()
#23 C:\laragon\www\teachingPlatform\vendor\flarum\core\src\User\EmailConfirmationMailer.php(57): Illuminate\Queue\SyncQueue->push(Object(Flarum\Mail\Job\SendRawEmailJob))
#24 C:\laragon\www\teachingPlatform\vendor\illuminate\events\Dispatcher.php(424): Flarum\User\EmailConfirmationMailer->handle(Object(Flarum\User\Event\EmailChangeRequested))
#25 C:\laragon\www\teachingPlatform\vendor\illuminate\events\Dispatcher.php(249): Illuminate\Events\Dispatcher->Illuminate\Events\{closure}('Flarum\\User\\Eve...', Array)
#26 C:\laragon\www\teachingPlatform\vendor\flarum\core\src\Foundation\DispatchEventsTrait.php(33): Illuminate\Events\Dispatcher->dispatch('Flarum\\User\\Eve...')
#27 C:\laragon\www\teachingPlatform\vendor\flarum\core\src\User\Command\EditUserHandler.php(146): Flarum\User\Command\EditUserHandler->dispatchEventsFor(Object(Flarum\User\User), Object(Flarum\User\User))
#28 C:\laragon\www\teachingPlatform\vendor\illuminate\bus\Dispatcher.php(122): Flarum\User\Command\EditUserHandler->handle(Object(Flarum\User\Command\EditUser))
#29 C:\laragon\www\teachingPlatform\vendor\illuminate\pipeline\Pipeline.php(128): Illuminate\Bus\Dispatcher->Illuminate\Bus\{closure}(Object(Flarum\User\Command\EditUser))
#30 C:\laragon\www\teachingPlatform\vendor\illuminate\pipeline\Pipeline.php(103): Illuminate\Pipeline\Pipeline->Illuminate\Pipeline\{closure}(Object(Flarum\User\Command\EditUser))
#31 C:\laragon\www\teachingPlatform\vendor\illuminate\bus\Dispatcher.php(132): Illuminate\Pipeline\Pipeline->then(Object(Closure))
#32 C:\laragon\www\teachingPlatform\vendor\illuminate\bus\Dispatcher.php(78): Illuminate\Bus\Dispatcher->dispatchNow(Object(Flarum\User\Command\EditUser))
#33 C:\laragon\www\teachingPlatform\vendor\flarum\core\src\Api\Controller\UpdateUserController.php(71): Illuminate\Bus\Dispatcher->dispatch(Object(Flarum\User\Command\EditUser))
#34 C:\laragon\www\teachingPlatform\vendor\flarum\core\src\Api\Controller\AbstractSerializeController.php(116): Flarum\Api\Controller\UpdateUserController->data(Object(Laminas\Diactoros\ServerRequest), Object(Tobscure\JsonApi\Document))
#35 C:\laragon\www\teachingPlatform\vendor\flarum\core\src\Http\RouteHandlerFactory.php(41): Flarum\Api\Controller\AbstractSerializeController->handle(Object(Laminas\Diactoros\ServerRequest))
#36 C:\laragon\www\teachingPlatform\vendor\flarum\core\src\Http\Middleware\ExecuteRoute.php(27): Flarum\Http\RouteHandlerFactory->Flarum\Http\{closure}(Object(Laminas\Diactoros\ServerRequest), Array)
#37 C:\laragon\www\teachingPlatform\vendor\laminas\laminas-stratigility\src\Next.php(49): Flarum\Http\Middleware\ExecuteRoute->process(Object(Laminas\Diactoros\ServerRequest), Object(Closure))
#38 C:\laragon\www\teachingPlatform\vendor\flarum\core\src\Api\Middleware\ThrottleApi.php(33): Laminas\Stratigility\Next->handle(Object(Laminas\Diactoros\ServerRequest))
#39 C:\laragon\www\teachingPlatform\vendor\laminas\laminas-stratigility\src\Next.php(49): Flarum\Api\Middleware\ThrottleApi->process(Object(Laminas\Diactoros\ServerRequest), Object(Laminas\Stratigility\Next))
#40 C:\laragon\www\teachingPlatform\vendor\flarum\core\src\Http\Middleware\CheckCsrfToken.php(44): Laminas\Stratigility\Next->handle(Object(Laminas\Diactoros\ServerRequest))
#41 C:\laragon\www\teachingPlatform\vendor\laminas\laminas-stratigility\src\Next.php(49): Flarum\Http\Middleware\CheckCsrfToken->process(Object(Laminas\Diactoros\ServerRequest), Object(Laminas\Stratigility\Next))
#42 C:\laragon\www\teachingPlatform\vendor\flarum\core\src\Http\Middleware\ResolveRoute.php(69): Laminas\Stratigility\Next->handle(Object(Laminas\Diactoros\ServerRequest))
#43 C:\laragon\www\teachingPlatform\vendor\laminas\laminas-stratigility\src\Next.php(49): Flarum\Http\Middleware\ResolveRoute->process(Object(Laminas\Diactoros\ServerRequest), Object(Laminas\Stratigility\Next))
#44 C:\laragon\www\teachingPlatform\vendor\flarum\core\src\Http\Middleware\SetLocale.php(51): Laminas\Stratigility\Next->handle(Object(Laminas\Diactoros\ServerRequest))
#45 C:\laragon\www\teachingPlatform\vendor\laminas\laminas-stratigility\src\Next.php(49): Flarum\Http\Middleware\SetLocale->process(Object(Laminas\Diactoros\ServerRequest), Object(Laminas\Stratigility\Next))
#46 C:\laragon\www\teachingPlatform\vendor\flarum\core\src\Http\Middleware\AuthenticateWithHeader.php(58): Laminas\Stratigility\Next->handle(Object(Laminas\Diactoros\ServerRequest))
#47 C:\laragon\www\teachingPlatform\vendor\laminas\laminas-stratigility\src\Next.php(49): Flarum\Http\Middleware\AuthenticateWithHeader->process(Object(Laminas\Diactoros\ServerRequest), Object(Laminas\Stratigility\Next))
#48 C:\laragon\www\teachingPlatform\vendor\flarum\core\src\Http\Middleware\AuthenticateWithSession.php(31): Laminas\Stratigility\Next->handle(Object(Laminas\Diactoros\ServerRequest))
#49 C:\laragon\www\teachingPlatform\vendor\laminas\laminas-stratigility\src\Next.php(49): Flarum\Http\Middleware\AuthenticateWithSession->process(Object(Laminas\Diactoros\ServerRequest), Object(Laminas\Stratigility\Next))
#50 C:\laragon\www\teachingPlatform\vendor\flarum\core\src\Http\Middleware\RememberFromCookie.php(52): Laminas\Stratigility\Next->handle(Object(Laminas\Diactoros\ServerRequest))
#51 C:\laragon\www\teachingPlatform\vendor\laminas\laminas-stratigility\src\Next.php(49): Flarum\Http\Middleware\RememberFromCookie->process(Object(Laminas\Diactoros\ServerRequest), Object(Laminas\Stratigility\Next))
#52 C:\laragon\www\teachingPlatform\vendor\flarum\core\src\Http\Middleware\StartSession.php(61): Laminas\Stratigility\Next->handle(Object(Laminas\Diactoros\ServerRequest))
#53 C:\laragon\www\teachingPlatform\vendor\laminas\laminas-stratigility\src\Next.php(49): Flarum\Http\Middleware\StartSession->process(Object(Laminas\Diactoros\ServerRequest), Object(Laminas\Stratigility\Next))
#54 C:\laragon\www\teachingPlatform\vendor\flarum\core\src\Api\Middleware\FakeHttpMethods.php(29): Laminas\Stratigility\Next->handle(Object(Laminas\Diactoros\ServerRequest))
#55 C:\laragon\www\teachingPlatform\vendor\laminas\laminas-stratigility\src\Next.php(49): Flarum\Api\Middleware\FakeHttpMethods->process(Object(Laminas\Diactoros\ServerRequest), Object(Laminas\Stratigility\Next))
#56 C:\laragon\www\teachingPlatform\vendor\flarum\core\src\Http\Middleware\ParseJsonBody.php(28): Laminas\Stratigility\Next->handle(Object(Laminas\Diactoros\ServerRequest))
#57 C:\laragon\www\teachingPlatform\vendor\laminas\laminas-stratigility\src\Next.php(49): Flarum\Http\Middleware\ParseJsonBody->process(Object(Laminas\Diactoros\ServerRequest), Object(Laminas\Stratigility\Next))
#58 C:\laragon\www\teachingPlatform\vendor\flarum\core\src\Http\Middleware\HandleErrors.php(57): Laminas\Stratigility\Next->handle(Object(Laminas\Diactoros\ServerRequest))
#59 C:\laragon\www\teachingPlatform\vendor\laminas\laminas-stratigility\src\Next.php(49): Flarum\Http\Middleware\HandleErrors->process(Object(Laminas\Diactoros\ServerRequest), Object(Laminas\Stratigility\Next))
#60 C:\laragon\www\teachingPlatform\vendor\flarum\core\src\Http\Middleware\InjectActorReference.php(25): Laminas\Stratigility\Next->handle(Object(Laminas\Diactoros\ServerRequest))
#61 C:\laragon\www\teachingPlatform\vendor\laminas\laminas-stratigility\src\Next.php(49): Flarum\Http\Middleware\InjectActorReference->process(Object(Laminas\Diactoros\ServerRequest), Object(Laminas\Stratigility\Next))
#62 C:\laragon\www\teachingPlatform\vendor\laminas\laminas-stratigility\src\MiddlewarePipe.php(75): Laminas\Stratigility\Next->handle(Object(Laminas\Diactoros\ServerRequest))
#63 C:\laragon\www\teachingPlatform\vendor\middlewares\request-handler\src\RequestHandler.php(84): Laminas\Stratigility\MiddlewarePipe->process(Object(Laminas\Diactoros\ServerRequest), Object(Laminas\Stratigility\Next))
#64 C:\laragon\www\teachingPlatform\vendor\laminas\laminas-stratigility\src\Next.php(49): Middlewares\RequestHandler->process(Object(Laminas\Diactoros\ServerRequest), Object(Laminas\Stratigility\Next))
#65 C:\laragon\www\teachingPlatform\vendor\middlewares\base-path-router\src\BasePathRouter.php(101): Laminas\Stratigility\Next->handle(Object(Laminas\Diactoros\ServerRequest))
#66 C:\laragon\www\teachingPlatform\vendor\laminas\laminas-stratigility\src\Next.php(49): Middlewares\BasePathRouter->process(Object(Laminas\Diactoros\ServerRequest), Object(Laminas\Stratigility\Next))
#67 C:\laragon\www\teachingPlatform\vendor\laminas\laminas-stratigility\src\Middleware\OriginalMessages.php(36): Laminas\Stratigility\Next->handle(Object(Laminas\Diactoros\ServerRequest))
#68 C:\laragon\www\teachingPlatform\vendor\laminas\laminas-stratigility\src\Next.php(49): Laminas\Stratigility\Middleware\OriginalMessages->process(Object(Laminas\Diactoros\ServerRequest), Object(Laminas\Stratigility\Next))
#69 C:\laragon\www\teachingPlatform\vendor\middlewares\base-path\src\BasePath.php(73): Laminas\Stratigility\Next->handle(Object(Laminas\Diactoros\ServerRequest))
#70 C:\laragon\www\teachingPlatform\vendor\laminas\laminas-stratigility\src\Next.php(49): Middlewares\BasePath->process(Object(Laminas\Diactoros\ServerRequest), Object(Laminas\Stratigility\Next))
#71 C:\laragon\www\teachingPlatform\vendor\flarum\core\src\Http\Middleware\ProcessIp.php(24): Laminas\Stratigility\Next->handle(Object(Laminas\Diactoros\ServerRequest))
#72 C:\laragon\www\teachingPlatform\vendor\laminas\laminas-stratigility\src\Next.php(49): Flarum\Http\Middleware\ProcessIp->process(Object(Laminas\Diactoros\ServerRequest), Object(Laminas\Stratigility\Next))
#73 C:\laragon\www\teachingPlatform\vendor\laminas\laminas-stratigility\src\MiddlewarePipe.php(75): Laminas\Stratigility\Next->handle(Object(Laminas\Diactoros\ServerRequest))
#74 C:\laragon\www\teachingPlatform\vendor\laminas\laminas-stratigility\src\MiddlewarePipe.php(64): Laminas\Stratigility\MiddlewarePipe->process(Object(Laminas\Diactoros\ServerRequest), Object(Laminas\Stratigility\EmptyPipelineHandler))
#75 C:\laragon\www\teachingPlatform\vendor\laminas\laminas-httphandlerrunner\src\RequestHandlerRunner.php(73): Laminas\Stratigility\MiddlewarePipe->handle(Object(Laminas\Diactoros\ServerRequest))
#76 C:\laragon\www\teachingPlatform\vendor\flarum\core\src\Http\Server.php(45): Laminas\HttpHandlerRunner\RequestHandlerRunner->run()
#77 C:\laragon\www\teachingPlatform\public\index.php(26): Flarum\Http\Server->listen()
#78 {main}  
[2023-11-15 08:16:09] flarum.ERROR: Swift_TransportException: Failed to authenticate on SMTP server with username "schoollab403@gmail.com" using 3 possible authenticators. Authenticator LOGIN returned Expected response code 235 but got code "535", with message "535-5.7.8 Username and Password not accepted. Learn more at
535 5.7.8  https://support.google.com/mail/?p=BadCredentials j9-20020aa783c9000000b006bd8f4e398csm2334146pfn.135 - gsmtp
". Authenticator PLAIN returned Expected response code 235 but got code "535", with message "535-5.7.8 Username and Password not accepted. Learn more at
535 5.7.8  https://support.google.com/mail/?p=BadCredentials j9-20020aa783c9000000b006bd8f4e398csm2334146pfn.135 - gsmtp
". Authenticator XOAUTH2 returned Expected response code 250 but got code "535", with message "535-5.7.8 Username and Password not accepted. Learn more at
535 5.7.8  https://support.google.com/mail/?p=BadCredentials j9-20020aa783c9000000b006bd8f4e398csm2334146pfn.135 - gsmtp
". in C:\laragon\www\teachingPlatform\vendor\swiftmailer\swiftmailer\lib\classes\Swift\Transport\Esmtp\AuthHandler.php:191
Stack trace:
#0 C:\laragon\www\teachingPlatform\vendor\swiftmailer\swiftmailer\lib\classes\Swift\Transport\EsmtpTransport.php(371): Swift_Transport_Esmtp_AuthHandler->afterEhlo(Object(Swift_SmtpTransport))
#1 C:\laragon\www\teachingPlatform\vendor\swiftmailer\swiftmailer\lib\classes\Swift\Transport\AbstractSmtpTransport.php(148): Swift_Transport_EsmtpTransport->doHeloCommand()
#2 C:\laragon\www\teachingPlatform\vendor\swiftmailer\swiftmailer\lib\classes\Swift\Mailer.php(65): Swift_Transport_AbstractSmtpTransport->start()
#3 C:\laragon\www\teachingPlatform\vendor\illuminate\mail\Mailer.php(521): Swift_Mailer->send(Object(Swift_Message), Array)
#4 C:\laragon\www\teachingPlatform\vendor\illuminate\mail\Mailer.php(288): Illuminate\Mail\Mailer->sendSwiftMessage(Object(Swift_Message))
#5 C:\laragon\www\teachingPlatform\vendor\illuminate\mail\Mailer.php(212): Illuminate\Mail\Mailer->send(NULL, Array, Object(Closure))
#6 C:\laragon\www\teachingPlatform\vendor\flarum\core\src\Mail\Job\SendRawEmailJob.php(34): Illuminate\Mail\Mailer->raw('\xE6\x82\xA8\xE5\xA5\xBD\xEF\xBC\x8Cadmin!...', Object(Closure))
#7 C:\laragon\www\teachingPlatform\vendor\illuminate\container\BoundMethod.php(36): Flarum\Mail\Job\SendRawEmailJob->handle(Object(Illuminate\Mail\Mailer))
#8 C:\laragon\www\teachingPlatform\vendor\illuminate\container\Util.php(40): Illuminate\Container\BoundMethod::Illuminate\Container\{closure}()
#9 C:\laragon\www\teachingPlatform\vendor\illuminate\container\BoundMethod.php(93): Illuminate\Container\Util::unwrapIfClosure(Object(Closure))
#10 C:\laragon\www\teachingPlatform\vendor\illuminate\container\BoundMethod.php(37): Illuminate\Container\BoundMethod::callBoundMethod(Object(Illuminate\Container\Container), Array, Object(Closure))
#11 C:\laragon\www\teachingPlatform\vendor\illuminate\container\Container.php(653): Illuminate\Container\BoundMethod::call(Object(Illuminate\Container\Container), Array, Array, NULL)
#12 C:\laragon\www\teachingPlatform\vendor\illuminate\bus\Dispatcher.php(128): Illuminate\Container\Container->call(Array)
#13 C:\laragon\www\teachingPlatform\vendor\illuminate\pipeline\Pipeline.php(128): Illuminate\Bus\Dispatcher->Illuminate\Bus\{closure}(Object(Flarum\Mail\Job\SendRawEmailJob))
#14 C:\laragon\www\teachingPlatform\vendor\illuminate\pipeline\Pipeline.php(103): Illuminate\Pipeline\Pipeline->Illuminate\Pipeline\{closure}(Object(Flarum\Mail\Job\SendRawEmailJob))
#15 C:\laragon\www\teachingPlatform\vendor\illuminate\bus\Dispatcher.php(132): Illuminate\Pipeline\Pipeline->then(Object(Closure))
#16 C:\laragon\www\teachingPlatform\vendor\illuminate\queue\CallQueuedHandler.php(120): Illuminate\Bus\Dispatcher->dispatchNow(Object(Flarum\Mail\Job\SendRawEmailJob), false)
#17 C:\laragon\www\teachingPlatform\vendor\illuminate\pipeline\Pipeline.php(128): Illuminate\Queue\CallQueuedHandler->Illuminate\Queue\{closure}(Object(Flarum\Mail\Job\SendRawEmailJob))
#18 C:\laragon\www\teachingPlatform\vendor\illuminate\pipeline\Pipeline.php(103): Illuminate\Pipeline\Pipeline->Illuminate\Pipeline\{closure}(Object(Flarum\Mail\Job\SendRawEmailJob))
#19 C:\laragon\www\teachingPlatform\vendor\illuminate\queue\CallQueuedHandler.php(122): Illuminate\Pipeline\Pipeline->then(Object(Closure))
#20 C:\laragon\www\teachingPlatform\vendor\illuminate\queue\CallQueuedHandler.php(70): Illuminate\Queue\CallQueuedHandler->dispatchThroughMiddleware(Object(Illuminate\Queue\Jobs\SyncJob), Object(Flarum\Mail\Job\SendRawEmailJob))
#21 C:\laragon\www\teachingPlatform\vendor\illuminate\queue\Jobs\Job.php(98): Illuminate\Queue\CallQueuedHandler->call(Object(Illuminate\Queue\Jobs\SyncJob), Array)
#22 C:\laragon\www\teachingPlatform\vendor\illuminate\queue\SyncQueue.php(43): Illuminate\Queue\Jobs\Job->fire()
#23 C:\laragon\www\teachingPlatform\vendor\flarum\core\src\User\EmailConfirmationMailer.php(57): Illuminate\Queue\SyncQueue->push(Object(Flarum\Mail\Job\SendRawEmailJob))
#24 C:\laragon\www\teachingPlatform\vendor\illuminate\events\Dispatcher.php(424): Flarum\User\EmailConfirmationMailer->handle(Object(Flarum\User\Event\EmailChangeRequested))
#25 C:\laragon\www\teachingPlatform\vendor\illuminate\events\Dispatcher.php(249): Illuminate\Events\Dispatcher->Illuminate\Events\{closure}('Flarum\\User\\Eve...', Array)
#26 C:\laragon\www\teachingPlatform\vendor\flarum\core\src\Foundation\DispatchEventsTrait.php(33): Illuminate\Events\Dispatcher->dispatch('Flarum\\User\\Eve...')
#27 C:\laragon\www\teachingPlatform\vendor\flarum\core\src\User\Command\EditUserHandler.php(146): Flarum\User\Command\EditUserHandler->dispatchEventsFor(Object(Flarum\User\User), Object(Flarum\User\User))
#28 C:\laragon\www\teachingPlatform\vendor\illuminate\bus\Dispatcher.php(122): Flarum\User\Command\EditUserHandler->handle(Object(Flarum\User\Command\EditUser))
#29 C:\laragon\www\teachingPlatform\vendor\illuminate\pipeline\Pipeline.php(128): Illuminate\Bus\Dispatcher->Illuminate\Bus\{closure}(Object(Flarum\User\Command\EditUser))
#30 C:\laragon\www\teachingPlatform\vendor\illuminate\pipeline\Pipeline.php(103): Illuminate\Pipeline\Pipeline->Illuminate\Pipeline\{closure}(Object(Flarum\User\Command\EditUser))
#31 C:\laragon\www\teachingPlatform\vendor\illuminate\bus\Dispatcher.php(132): Illuminate\Pipeline\Pipeline->then(Object(Closure))
#32 C:\laragon\www\teachingPlatform\vendor\illuminate\bus\Dispatcher.php(78): Illuminate\Bus\Dispatcher->dispatchNow(Object(Flarum\User\Command\EditUser))
#33 C:\laragon\www\teachingPlatform\vendor\flarum\core\src\Api\Controller\UpdateUserController.php(71): Illuminate\Bus\Dispatcher->dispatch(Object(Flarum\User\Command\EditUser))
#34 C:\laragon\www\teachingPlatform\vendor\flarum\core\src\Api\Controller\AbstractSerializeController.php(116): Flarum\Api\Controller\UpdateUserController->data(Object(Laminas\Diactoros\ServerRequest), Object(Tobscure\JsonApi\Document))
#35 C:\laragon\www\teachingPlatform\vendor\flarum\core\src\Http\RouteHandlerFactory.php(41): Flarum\Api\Controller\AbstractSerializeController->handle(Object(Laminas\Diactoros\ServerRequest))
#36 C:\laragon\www\teachingPlatform\vendor\flarum\core\src\Http\Middleware\ExecuteRoute.php(27): Flarum\Http\RouteHandlerFactory->Flarum\Http\{closure}(Object(Laminas\Diactoros\ServerRequest), Array)
#37 C:\laragon\www\teachingPlatform\vendor\laminas\laminas-stratigility\src\Next.php(49): Flarum\Http\Middleware\ExecuteRoute->process(Object(Laminas\Diactoros\ServerRequest), Object(Closure))
#38 C:\laragon\www\teachingPlatform\vendor\flarum\core\src\Api\Middleware\ThrottleApi.php(33): Laminas\Stratigility\Next->handle(Object(Laminas\Diactoros\ServerRequest))
#39 C:\laragon\www\teachingPlatform\vendor\laminas\laminas-stratigility\src\Next.php(49): Flarum\Api\Middleware\ThrottleApi->process(Object(Laminas\Diactoros\ServerRequest), Object(Laminas\Stratigility\Next))
#40 C:\laragon\www\teachingPlatform\vendor\flarum\core\src\Http\Middleware\CheckCsrfToken.php(44): Laminas\Stratigility\Next->handle(Object(Laminas\Diactoros\ServerRequest))
#41 C:\laragon\www\teachingPlatform\vendor\laminas\laminas-stratigility\src\Next.php(49): Flarum\Http\Middleware\CheckCsrfToken->process(Object(Laminas\Diactoros\ServerRequest), Object(Laminas\Stratigility\Next))
#42 C:\laragon\www\teachingPlatform\vendor\flarum\core\src\Http\Middleware\ResolveRoute.php(69): Laminas\Stratigility\Next->handle(Object(Laminas\Diactoros\ServerRequest))
#43 C:\laragon\www\teachingPlatform\vendor\laminas\laminas-stratigility\src\Next.php(49): Flarum\Http\Middleware\ResolveRoute->process(Object(Laminas\Diactoros\ServerRequest), Object(Laminas\Stratigility\Next))
#44 C:\laragon\www\teachingPlatform\vendor\flarum\core\src\Http\Middleware\SetLocale.php(51): Laminas\Stratigility\Next->handle(Object(Laminas\Diactoros\ServerRequest))
#45 C:\laragon\www\teachingPlatform\vendor\laminas\laminas-stratigility\src\Next.php(49): Flarum\Http\Middleware\SetLocale->process(Object(Laminas\Diactoros\ServerRequest), Object(Laminas\Stratigility\Next))
#46 C:\laragon\www\teachingPlatform\vendor\flarum\core\src\Http\Middleware\AuthenticateWithHeader.php(58): Laminas\Stratigility\Next->handle(Object(Laminas\Diactoros\ServerRequest))
#47 C:\laragon\www\teachingPlatform\vendor\laminas\laminas-stratigility\src\Next.php(49): Flarum\Http\Middleware\AuthenticateWithHeader->process(Object(Laminas\Diactoros\ServerRequest), Object(Laminas\Stratigility\Next))
#48 C:\laragon\www\teachingPlatform\vendor\flarum\core\src\Http\Middleware\AuthenticateWithSession.php(31): Laminas\Stratigility\Next->handle(Object(Laminas\Diactoros\ServerRequest))
#49 C:\laragon\www\teachingPlatform\vendor\laminas\laminas-stratigility\src\Next.php(49): Flarum\Http\Middleware\AuthenticateWithSession->process(Object(Laminas\Diactoros\ServerRequest), Object(Laminas\Stratigility\Next))
#50 C:\laragon\www\teachingPlatform\vendor\flarum\core\src\Http\Middleware\RememberFromCookie.php(52): Laminas\Stratigility\Next->handle(Object(Laminas\Diactoros\ServerRequest))
#51 C:\laragon\www\teachingPlatform\vendor\laminas\laminas-stratigility\src\Next.php(49): Flarum\Http\Middleware\RememberFromCookie->process(Object(Laminas\Diactoros\ServerRequest), Object(Laminas\Stratigility\Next))
#52 C:\laragon\www\teachingPlatform\vendor\flarum\core\src\Http\Middleware\StartSession.php(61): Laminas\Stratigility\Next->handle(Object(Laminas\Diactoros\ServerRequest))
#53 C:\laragon\www\teachingPlatform\vendor\laminas\laminas-stratigility\src\Next.php(49): Flarum\Http\Middleware\StartSession->process(Object(Laminas\Diactoros\ServerRequest), Object(Laminas\Stratigility\Next))
#54 C:\laragon\www\teachingPlatform\vendor\flarum\core\src\Api\Middleware\FakeHttpMethods.php(29): Laminas\Stratigility\Next->handle(Object(Laminas\Diactoros\ServerRequest))
#55 C:\laragon\www\teachingPlatform\vendor\laminas\laminas-stratigility\src\Next.php(49): Flarum\Api\Middleware\FakeHttpMethods->process(Object(Laminas\Diactoros\ServerRequest), Object(Laminas\Stratigility\Next))
#56 C:\laragon\www\teachingPlatform\vendor\flarum\core\src\Http\Middleware\ParseJsonBody.php(28): Laminas\Stratigility\Next->handle(Object(Laminas\Diactoros\ServerRequest))
#57 C:\laragon\www\teachingPlatform\vendor\laminas\laminas-stratigility\src\Next.php(49): Flarum\Http\Middleware\ParseJsonBody->process(Object(Laminas\Diactoros\ServerRequest), Object(Laminas\Stratigility\Next))
#58 C:\laragon\www\teachingPlatform\vendor\flarum\core\src\Http\Middleware\HandleErrors.php(57): Laminas\Stratigility\Next->handle(Object(Laminas\Diactoros\ServerRequest))
#59 C:\laragon\www\teachingPlatform\vendor\laminas\laminas-stratigility\src\Next.php(49): Flarum\Http\Middleware\HandleErrors->process(Object(Laminas\Diactoros\ServerRequest), Object(Laminas\Stratigility\Next))
#60 C:\laragon\www\teachingPlatform\vendor\flarum\core\src\Http\Middleware\InjectActorReference.php(25): Laminas\Stratigility\Next->handle(Object(Laminas\Diactoros\ServerRequest))
#61 C:\laragon\www\teachingPlatform\vendor\laminas\laminas-stratigility\src\Next.php(49): Flarum\Http\Middleware\InjectActorReference->process(Object(Laminas\Diactoros\ServerRequest), Object(Laminas\Stratigility\Next))
#62 C:\laragon\www\teachingPlatform\vendor\laminas\laminas-stratigility\src\MiddlewarePipe.php(75): Laminas\Stratigility\Next->handle(Object(Laminas\Diactoros\ServerRequest))
#63 C:\laragon\www\teachingPlatform\vendor\middlewares\request-handler\src\RequestHandler.php(84): Laminas\Stratigility\MiddlewarePipe->process(Object(Laminas\Diactoros\ServerRequest), Object(Laminas\Stratigility\Next))
#64 C:\laragon\www\teachingPlatform\vendor\laminas\laminas-stratigility\src\Next.php(49): Middlewares\RequestHandler->process(Object(Laminas\Diactoros\ServerRequest), Object(Laminas\Stratigility\Next))
#65 C:\laragon\www\teachingPlatform\vendor\middlewares\base-path-router\src\BasePathRouter.php(101): Laminas\Stratigility\Next->handle(Object(Laminas\Diactoros\ServerRequest))
#66 C:\laragon\www\teachingPlatform\vendor\laminas\laminas-stratigility\src\Next.php(49): Middlewares\BasePathRouter->process(Object(Laminas\Diactoros\ServerRequest), Object(Laminas\Stratigility\Next))
#67 C:\laragon\www\teachingPlatform\vendor\laminas\laminas-stratigility\src\Middleware\OriginalMessages.php(36): Laminas\Stratigility\Next->handle(Object(Laminas\Diactoros\ServerRequest))
#68 C:\laragon\www\teachingPlatform\vendor\laminas\laminas-stratigility\src\Next.php(49): Laminas\Stratigility\Middleware\OriginalMessages->process(Object(Laminas\Diactoros\ServerRequest), Object(Laminas\Stratigility\Next))
#69 C:\laragon\www\teachingPlatform\vendor\middlewares\base-path\src\BasePath.php(73): Laminas\Stratigility\Next->handle(Object(Laminas\Diactoros\ServerRequest))
#70 C:\laragon\www\teachingPlatform\vendor\laminas\laminas-stratigility\src\Next.php(49): Middlewares\BasePath->process(Object(Laminas\Diactoros\ServerRequest), Object(Laminas\Stratigility\Next))
#71 C:\laragon\www\teachingPlatform\vendor\flarum\core\src\Http\Middleware\ProcessIp.php(24): Laminas\Stratigility\Next->handle(Object(Laminas\Diactoros\ServerRequest))
#72 C:\laragon\www\teachingPlatform\vendor\laminas\laminas-stratigility\src\Next.php(49): Flarum\Http\Middleware\ProcessIp->process(Object(Laminas\Diactoros\ServerRequest), Object(Laminas\Stratigility\Next))
#73 C:\laragon\www\teachingPlatform\vendor\laminas\laminas-stratigility\src\MiddlewarePipe.php(75): Laminas\Stratigility\Next->handle(Object(Laminas\Diactoros\ServerRequest))
#74 C:\laragon\www\teachingPlatform\vendor\laminas\laminas-stratigility\src\MiddlewarePipe.php(64): Laminas\Stratigility\MiddlewarePipe->process(Object(Laminas\Diactoros\ServerRequest), Object(Laminas\Stratigility\EmptyPipelineHandler))
#75 C:\laragon\www\teachingPlatform\vendor\laminas\laminas-httphandlerrunner\src\RequestHandlerRunner.php(73): Laminas\Stratigility\MiddlewarePipe->handle(Object(Laminas\Diactoros\ServerRequest))
#76 C:\laragon\www\teachingPlatform\vendor\flarum\core\src\Http\Server.php(45): Laminas\HttpHandlerRunner\RequestHandlerRunner->run()
#77 C:\laragon\www\teachingPlatform\public\index.php(26): Flarum\Http\Server->listen()
#78 {main}  
[2023-11-15 08:19:53] flarum.ERROR: Swift_TransportException: Failed to authenticate on SMTP server with username "schoollab403@gmail.com" using 3 possible authenticators. Authenticator LOGIN returned Expected response code 235 but got code "535", with message "535-5.7.8 Username and Password not accepted. Learn more at
535 5.7.8  https://support.google.com/mail/?p=BadCredentials q19-20020a170902bd9300b001bdb85291casm6841630pls.208 - gsmtp
". Authenticator PLAIN returned Expected response code 235 but got code "535", with message "535-5.7.8 Username and Password not accepted. Learn more at
535 5.7.8  https://support.google.com/mail/?p=BadCredentials q19-20020a170902bd9300b001bdb85291casm6841630pls.208 - gsmtp
". Authenticator XOAUTH2 returned Expected response code 250 but got code "535", with message "535-5.7.8 Username and Password not accepted. Learn more at
535 5.7.8  https://support.google.com/mail/?p=BadCredentials q19-20020a170902bd9300b001bdb85291casm6841630pls.208 - gsmtp
". in C:\laragon\www\teachingPlatform\vendor\swiftmailer\swiftmailer\lib\classes\Swift\Transport\Esmtp\AuthHandler.php:191
Stack trace:
#0 C:\laragon\www\teachingPlatform\vendor\swiftmailer\swiftmailer\lib\classes\Swift\Transport\EsmtpTransport.php(371): Swift_Transport_Esmtp_AuthHandler->afterEhlo(Object(Swift_SmtpTransport))
#1 C:\laragon\www\teachingPlatform\vendor\swiftmailer\swiftmailer\lib\classes\Swift\Transport\AbstractSmtpTransport.php(148): Swift_Transport_EsmtpTransport->doHeloCommand()
#2 C:\laragon\www\teachingPlatform\vendor\swiftmailer\swiftmailer\lib\classes\Swift\Mailer.php(65): Swift_Transport_AbstractSmtpTransport->start()
#3 C:\laragon\www\teachingPlatform\vendor\illuminate\mail\Mailer.php(521): Swift_Mailer->send(Object(Swift_Message), Array)
#4 C:\laragon\www\teachingPlatform\vendor\illuminate\mail\Mailer.php(288): Illuminate\Mail\Mailer->sendSwiftMessage(Object(Swift_Message))
#5 C:\laragon\www\teachingPlatform\vendor\illuminate\mail\Mailer.php(212): Illuminate\Mail\Mailer->send(NULL, Array, Object(Closure))
#6 C:\laragon\www\teachingPlatform\vendor\flarum\core\src\Api\Controller\SendTestMailController.php(43): Illuminate\Mail\Mailer->raw('Edward_photo201...', Object(Closure))
#7 C:\laragon\www\teachingPlatform\vendor\flarum\core\src\Http\RouteHandlerFactory.php(41): Flarum\Api\Controller\SendTestMailController->handle(Object(Laminas\Diactoros\ServerRequest))
#8 C:\laragon\www\teachingPlatform\vendor\flarum\core\src\Http\Middleware\ExecuteRoute.php(27): Flarum\Http\RouteHandlerFactory->Flarum\Http\{closure}(Object(Laminas\Diactoros\ServerRequest), Array)
#9 C:\laragon\www\teachingPlatform\vendor\laminas\laminas-stratigility\src\Next.php(49): Flarum\Http\Middleware\ExecuteRoute->process(Object(Laminas\Diactoros\ServerRequest), Object(Closure))
#10 C:\laragon\www\teachingPlatform\vendor\flarum\core\src\Api\Middleware\ThrottleApi.php(33): Laminas\Stratigility\Next->handle(Object(Laminas\Diactoros\ServerRequest))
#11 C:\laragon\www\teachingPlatform\vendor\laminas\laminas-stratigility\src\Next.php(49): Flarum\Api\Middleware\ThrottleApi->process(Object(Laminas\Diactoros\ServerRequest), Object(Laminas\Stratigility\Next))
#12 C:\laragon\www\teachingPlatform\vendor\flarum\core\src\Http\Middleware\CheckCsrfToken.php(44): Laminas\Stratigility\Next->handle(Object(Laminas\Diactoros\ServerRequest))
#13 C:\laragon\www\teachingPlatform\vendor\laminas\laminas-stratigility\src\Next.php(49): Flarum\Http\Middleware\CheckCsrfToken->process(Object(Laminas\Diactoros\ServerRequest), Object(Laminas\Stratigility\Next))
#14 C:\laragon\www\teachingPlatform\vendor\flarum\core\src\Http\Middleware\ResolveRoute.php(69): Laminas\Stratigility\Next->handle(Object(Laminas\Diactoros\ServerRequest))
#15 C:\laragon\www\teachingPlatform\vendor\laminas\laminas-stratigility\src\Next.php(49): Flarum\Http\Middleware\ResolveRoute->process(Object(Laminas\Diactoros\ServerRequest), Object(Laminas\Stratigility\Next))
#16 C:\laragon\www\teachingPlatform\vendor\flarum\core\src\Http\Middleware\SetLocale.php(51): Laminas\Stratigility\Next->handle(Object(Laminas\Diactoros\ServerRequest))
#17 C:\laragon\www\teachingPlatform\vendor\laminas\laminas-stratigility\src\Next.php(49): Flarum\Http\Middleware\SetLocale->process(Object(Laminas\Diactoros\ServerRequest), Object(Laminas\Stratigility\Next))
#18 C:\laragon\www\teachingPlatform\vendor\flarum\core\src\Http\Middleware\AuthenticateWithHeader.php(58): Laminas\Stratigility\Next->handle(Object(Laminas\Diactoros\ServerRequest))
#19 C:\laragon\www\teachingPlatform\vendor\laminas\laminas-stratigility\src\Next.php(49): Flarum\Http\Middleware\AuthenticateWithHeader->process(Object(Laminas\Diactoros\ServerRequest), Object(Laminas\Stratigility\Next))
#20 C:\laragon\www\teachingPlatform\vendor\flarum\core\src\Http\Middleware\AuthenticateWithSession.php(31): Laminas\Stratigility\Next->handle(Object(Laminas\Diactoros\ServerRequest))
#21 C:\laragon\www\teachingPlatform\vendor\laminas\laminas-stratigility\src\Next.php(49): Flarum\Http\Middleware\AuthenticateWithSession->process(Object(Laminas\Diactoros\ServerRequest), Object(Laminas\Stratigility\Next))
#22 C:\laragon\www\teachingPlatform\vendor\flarum\core\src\Http\Middleware\RememberFromCookie.php(52): Laminas\Stratigility\Next->handle(Object(Laminas\Diactoros\ServerRequest))
#23 C:\laragon\www\teachingPlatform\vendor\laminas\laminas-stratigility\src\Next.php(49): Flarum\Http\Middleware\RememberFromCookie->process(Object(Laminas\Diactoros\ServerRequest), Object(Laminas\Stratigility\Next))
#24 C:\laragon\www\teachingPlatform\vendor\flarum\core\src\Http\Middleware\StartSession.php(61): Laminas\Stratigility\Next->handle(Object(Laminas\Diactoros\ServerRequest))
#25 C:\laragon\www\teachingPlatform\vendor\laminas\laminas-stratigility\src\Next.php(49): Flarum\Http\Middleware\StartSession->process(Object(Laminas\Diactoros\ServerRequest), Object(Laminas\Stratigility\Next))
#26 C:\laragon\www\teachingPlatform\vendor\flarum\core\src\Api\Middleware\FakeHttpMethods.php(29): Laminas\Stratigility\Next->handle(Object(Laminas\Diactoros\ServerRequest))
#27 C:\laragon\www\teachingPlatform\vendor\laminas\laminas-stratigility\src\Next.php(49): Flarum\Api\Middleware\FakeHttpMethods->process(Object(Laminas\Diactoros\ServerRequest), Object(Laminas\Stratigility\Next))
#28 C:\laragon\www\teachingPlatform\vendor\flarum\core\src\Http\Middleware\ParseJsonBody.php(28): Laminas\Stratigility\Next->handle(Object(Laminas\Diactoros\ServerRequest))
#29 C:\laragon\www\teachingPlatform\vendor\laminas\laminas-stratigility\src\Next.php(49): Flarum\Http\Middleware\ParseJsonBody->process(Object(Laminas\Diactoros\ServerRequest), Object(Laminas\Stratigility\Next))
#30 C:\laragon\www\teachingPlatform\vendor\flarum\core\src\Http\Middleware\HandleErrors.php(57): Laminas\Stratigility\Next->handle(Object(Laminas\Diactoros\ServerRequest))
#31 C:\laragon\www\teachingPlatform\vendor\laminas\laminas-stratigility\src\Next.php(49): Flarum\Http\Middleware\HandleErrors->process(Object(Laminas\Diactoros\ServerRequest), Object(Laminas\Stratigility\Next))
#32 C:\laragon\www\teachingPlatform\vendor\flarum\core\src\Http\Middleware\InjectActorReference.php(25): Laminas\Stratigility\Next->handle(Object(Laminas\Diactoros\ServerRequest))
#33 C:\laragon\www\teachingPlatform\vendor\laminas\laminas-stratigility\src\Next.php(49): Flarum\Http\Middleware\InjectActorReference->process(Object(Laminas\Diactoros\ServerRequest), Object(Laminas\Stratigility\Next))
#34 C:\laragon\www\teachingPlatform\vendor\laminas\laminas-stratigility\src\MiddlewarePipe.php(75): Laminas\Stratigility\Next->handle(Object(Laminas\Diactoros\ServerRequest))
#35 C:\laragon\www\teachingPlatform\vendor\middlewares\request-handler\src\RequestHandler.php(84): Laminas\Stratigility\MiddlewarePipe->process(Object(Laminas\Diactoros\ServerRequest), Object(Laminas\Stratigility\Next))
#36 C:\laragon\www\teachingPlatform\vendor\laminas\laminas-stratigility\src\Next.php(49): Middlewares\RequestHandler->process(Object(Laminas\Diactoros\ServerRequest), Object(Laminas\Stratigility\Next))
#37 C:\laragon\www\teachingPlatform\vendor\middlewares\base-path-router\src\BasePathRouter.php(101): Laminas\Stratigility\Next->handle(Object(Laminas\Diactoros\ServerRequest))
#38 C:\laragon\www\teachingPlatform\vendor\laminas\laminas-stratigility\src\Next.php(49): Middlewares\BasePathRouter->process(Object(Laminas\Diactoros\ServerRequest), Object(Laminas\Stratigility\Next))
#39 C:\laragon\www\teachingPlatform\vendor\laminas\laminas-stratigility\src\Middleware\OriginalMessages.php(36): Laminas\Stratigility\Next->handle(Object(Laminas\Diactoros\ServerRequest))
#40 C:\laragon\www\teachingPlatform\vendor\laminas\laminas-stratigility\src\Next.php(49): Laminas\Stratigility\Middleware\OriginalMessages->process(Object(Laminas\Diactoros\ServerRequest), Object(Laminas\Stratigility\Next))
#41 C:\laragon\www\teachingPlatform\vendor\middlewares\base-path\src\BasePath.php(73): Laminas\Stratigility\Next->handle(Object(Laminas\Diactoros\ServerRequest))
#42 C:\laragon\www\teachingPlatform\vendor\laminas\laminas-stratigility\src\Next.php(49): Middlewares\BasePath->process(Object(Laminas\Diactoros\ServerRequest), Object(Laminas\Stratigility\Next))
#43 C:\laragon\www\teachingPlatform\vendor\flarum\core\src\Http\Middleware\ProcessIp.php(24): Laminas\Stratigility\Next->handle(Object(Laminas\Diactoros\ServerRequest))
#44 C:\laragon\www\teachingPlatform\vendor\laminas\laminas-stratigility\src\Next.php(49): Flarum\Http\Middleware\ProcessIp->process(Object(Laminas\Diactoros\ServerRequest), Object(Laminas\Stratigility\Next))
#45 C:\laragon\www\teachingPlatform\vendor\laminas\laminas-stratigility\src\MiddlewarePipe.php(75): Laminas\Stratigility\Next->handle(Object(Laminas\Diactoros\ServerRequest))
#46 C:\laragon\www\teachingPlatform\vendor\laminas\laminas-stratigility\src\MiddlewarePipe.php(64): Laminas\Stratigility\MiddlewarePipe->process(Object(Laminas\Diactoros\ServerRequest), Object(Laminas\Stratigility\EmptyPipelineHandler))
#47 C:\laragon\www\teachingPlatform\vendor\laminas\laminas-httphandlerrunner\src\RequestHandlerRunner.php(73): Laminas\Stratigility\MiddlewarePipe->handle(Object(Laminas\Diactoros\ServerRequest))
#48 C:\laragon\www\teachingPlatform\vendor\flarum\core\src\Http\Server.php(45): Laminas\HttpHandlerRunner\RequestHandlerRunner->run()
#49 C:\laragon\www\teachingPlatform\public\index.php(26): Flarum\Http\Server->listen()
#50 {main}  
[2023-11-15 08:22:13] flarum.ERROR: Swift_TransportException: Failed to authenticate on SMTP server with username "schoollab403@gmail.com" using 3 possible authenticators. Authenticator LOGIN returned Expected response code 235 but got code "535", with message "535-5.7.8 Username and Password not accepted. Learn more at
535 5.7.8  https://support.google.com/mail/?p=BadCredentials w5-20020a170902e88500b001c3a8b135ebsm6861294plg.282 - gsmtp
". Authenticator PLAIN returned Expected response code 235 but got code "535", with message "535-5.7.8 Username and Password not accepted. Learn more at
535 5.7.8  https://support.google.com/mail/?p=BadCredentials w5-20020a170902e88500b001c3a8b135ebsm6861294plg.282 - gsmtp
". Authenticator XOAUTH2 returned Expected response code 250 but got code "535", with message "535-5.7.8 Username and Password not accepted. Learn more at
535 5.7.8  https://support.google.com/mail/?p=BadCredentials w5-20020a170902e88500b001c3a8b135ebsm6861294plg.282 - gsmtp
". in C:\laragon\www\teachingPlatform\vendor\swiftmailer\swiftmailer\lib\classes\Swift\Transport\Esmtp\AuthHandler.php:191
Stack trace:
#0 C:\laragon\www\teachingPlatform\vendor\swiftmailer\swiftmailer\lib\classes\Swift\Transport\EsmtpTransport.php(371): Swift_Transport_Esmtp_AuthHandler->afterEhlo(Object(Swift_SmtpTransport))
#1 C:\laragon\www\teachingPlatform\vendor\swiftmailer\swiftmailer\lib\classes\Swift\Transport\AbstractSmtpTransport.php(148): Swift_Transport_EsmtpTransport->doHeloCommand()
#2 C:\laragon\www\teachingPlatform\vendor\swiftmailer\swiftmailer\lib\classes\Swift\Mailer.php(65): Swift_Transport_AbstractSmtpTransport->start()
#3 C:\laragon\www\teachingPlatform\vendor\illuminate\mail\Mailer.php(521): Swift_Mailer->send(Object(Swift_Message), Array)
#4 C:\laragon\www\teachingPlatform\vendor\illuminate\mail\Mailer.php(288): Illuminate\Mail\Mailer->sendSwiftMessage(Object(Swift_Message))
#5 C:\laragon\www\teachingPlatform\vendor\illuminate\mail\Mailer.php(212): Illuminate\Mail\Mailer->send(NULL, Array, Object(Closure))
#6 C:\laragon\www\teachingPlatform\vendor\flarum\core\src\Api\Controller\SendTestMailController.php(43): Illuminate\Mail\Mailer->raw('Edward_photo201...', Object(Closure))
#7 C:\laragon\www\teachingPlatform\vendor\flarum\core\src\Http\RouteHandlerFactory.php(41): Flarum\Api\Controller\SendTestMailController->handle(Object(Laminas\Diactoros\ServerRequest))
#8 C:\laragon\www\teachingPlatform\vendor\flarum\core\src\Http\Middleware\ExecuteRoute.php(27): Flarum\Http\RouteHandlerFactory->Flarum\Http\{closure}(Object(Laminas\Diactoros\ServerRequest), Array)
#9 C:\laragon\www\teachingPlatform\vendor\laminas\laminas-stratigility\src\Next.php(49): Flarum\Http\Middleware\ExecuteRoute->process(Object(Laminas\Diactoros\ServerRequest), Object(Closure))
#10 C:\laragon\www\teachingPlatform\vendor\flarum\core\src\Api\Middleware\ThrottleApi.php(33): Laminas\Stratigility\Next->handle(Object(Laminas\Diactoros\ServerRequest))
#11 C:\laragon\www\teachingPlatform\vendor\laminas\laminas-stratigility\src\Next.php(49): Flarum\Api\Middleware\ThrottleApi->process(Object(Laminas\Diactoros\ServerRequest), Object(Laminas\Stratigility\Next))
#12 C:\laragon\www\teachingPlatform\vendor\flarum\core\src\Http\Middleware\CheckCsrfToken.php(44): Laminas\Stratigility\Next->handle(Object(Laminas\Diactoros\ServerRequest))
#13 C:\laragon\www\teachingPlatform\vendor\laminas\laminas-stratigility\src\Next.php(49): Flarum\Http\Middleware\CheckCsrfToken->process(Object(Laminas\Diactoros\ServerRequest), Object(Laminas\Stratigility\Next))
#14 C:\laragon\www\teachingPlatform\vendor\flarum\core\src\Http\Middleware\ResolveRoute.php(69): Laminas\Stratigility\Next->handle(Object(Laminas\Diactoros\ServerRequest))
#15 C:\laragon\www\teachingPlatform\vendor\laminas\laminas-stratigility\src\Next.php(49): Flarum\Http\Middleware\ResolveRoute->process(Object(Laminas\Diactoros\ServerRequest), Object(Laminas\Stratigility\Next))
#16 C:\laragon\www\teachingPlatform\vendor\flarum\core\src\Http\Middleware\SetLocale.php(51): Laminas\Stratigility\Next->handle(Object(Laminas\Diactoros\ServerRequest))
#17 C:\laragon\www\teachingPlatform\vendor\laminas\laminas-stratigility\src\Next.php(49): Flarum\Http\Middleware\SetLocale->process(Object(Laminas\Diactoros\ServerRequest), Object(Laminas\Stratigility\Next))
#18 C:\laragon\www\teachingPlatform\vendor\flarum\core\src\Http\Middleware\AuthenticateWithHeader.php(58): Laminas\Stratigility\Next->handle(Object(Laminas\Diactoros\ServerRequest))
#19 C:\laragon\www\teachingPlatform\vendor\laminas\laminas-stratigility\src\Next.php(49): Flarum\Http\Middleware\AuthenticateWithHeader->process(Object(Laminas\Diactoros\ServerRequest), Object(Laminas\Stratigility\Next))
#20 C:\laragon\www\teachingPlatform\vendor\flarum\core\src\Http\Middleware\AuthenticateWithSession.php(31): Laminas\Stratigility\Next->handle(Object(Laminas\Diactoros\ServerRequest))
#21 C:\laragon\www\teachingPlatform\vendor\laminas\laminas-stratigility\src\Next.php(49): Flarum\Http\Middleware\AuthenticateWithSession->process(Object(Laminas\Diactoros\ServerRequest), Object(Laminas\Stratigility\Next))
#22 C:\laragon\www\teachingPlatform\vendor\flarum\core\src\Http\Middleware\RememberFromCookie.php(52): Laminas\Stratigility\Next->handle(Object(Laminas\Diactoros\ServerRequest))
#23 C:\laragon\www\teachingPlatform\vendor\laminas\laminas-stratigility\src\Next.php(49): Flarum\Http\Middleware\RememberFromCookie->process(Object(Laminas\Diactoros\ServerRequest), Object(Laminas\Stratigility\Next))
#24 C:\laragon\www\teachingPlatform\vendor\flarum\core\src\Http\Middleware\StartSession.php(61): Laminas\Stratigility\Next->handle(Object(Laminas\Diactoros\ServerRequest))
#25 C:\laragon\www\teachingPlatform\vendor\laminas\laminas-stratigility\src\Next.php(49): Flarum\Http\Middleware\StartSession->process(Object(Laminas\Diactoros\ServerRequest), Object(Laminas\Stratigility\Next))
#26 C:\laragon\www\teachingPlatform\vendor\flarum\core\src\Api\Middleware\FakeHttpMethods.php(29): Laminas\Stratigility\Next->handle(Object(Laminas\Diactoros\ServerRequest))
#27 C:\laragon\www\teachingPlatform\vendor\laminas\laminas-stratigility\src\Next.php(49): Flarum\Api\Middleware\FakeHttpMethods->process(Object(Laminas\Diactoros\ServerRequest), Object(Laminas\Stratigility\Next))
#28 C:\laragon\www\teachingPlatform\vendor\flarum\core\src\Http\Middleware\ParseJsonBody.php(28): Laminas\Stratigility\Next->handle(Object(Laminas\Diactoros\ServerRequest))
#29 C:\laragon\www\teachingPlatform\vendor\laminas\laminas-stratigility\src\Next.php(49): Flarum\Http\Middleware\ParseJsonBody->process(Object(Laminas\Diactoros\ServerRequest), Object(Laminas\Stratigility\Next))
#30 C:\laragon\www\teachingPlatform\vendor\flarum\core\src\Http\Middleware\HandleErrors.php(57): Laminas\Stratigility\Next->handle(Object(Laminas\Diactoros\ServerRequest))
#31 C:\laragon\www\teachingPlatform\vendor\laminas\laminas-stratigility\src\Next.php(49): Flarum\Http\Middleware\HandleErrors->process(Object(Laminas\Diactoros\ServerRequest), Object(Laminas\Stratigility\Next))
#32 C:\laragon\www\teachingPlatform\vendor\flarum\core\src\Http\Middleware\InjectActorReference.php(25): Laminas\Stratigility\Next->handle(Object(Laminas\Diactoros\ServerRequest))
#33 C:\laragon\www\teachingPlatform\vendor\laminas\laminas-stratigility\src\Next.php(49): Flarum\Http\Middleware\InjectActorReference->process(Object(Laminas\Diactoros\ServerRequest), Object(Laminas\Stratigility\Next))
#34 C:\laragon\www\teachingPlatform\vendor\laminas\laminas-stratigility\src\MiddlewarePipe.php(75): Laminas\Stratigility\Next->handle(Object(Laminas\Diactoros\ServerRequest))
#35 C:\laragon\www\teachingPlatform\vendor\middlewares\request-handler\src\RequestHandler.php(84): Laminas\Stratigility\MiddlewarePipe->process(Object(Laminas\Diactoros\ServerRequest), Object(Laminas\Stratigility\Next))
#36 C:\laragon\www\teachingPlatform\vendor\laminas\laminas-stratigility\src\Next.php(49): Middlewares\RequestHandler->process(Object(Laminas\Diactoros\ServerRequest), Object(Laminas\Stratigility\Next))
#37 C:\laragon\www\teachingPlatform\vendor\middlewares\base-path-router\src\BasePathRouter.php(101): Laminas\Stratigility\Next->handle(Object(Laminas\Diactoros\ServerRequest))
#38 C:\laragon\www\teachingPlatform\vendor\laminas\laminas-stratigility\src\Next.php(49): Middlewares\BasePathRouter->process(Object(Laminas\Diactoros\ServerRequest), Object(Laminas\Stratigility\Next))
#39 C:\laragon\www\teachingPlatform\vendor\laminas\laminas-stratigility\src\Middleware\OriginalMessages.php(36): Laminas\Stratigility\Next->handle(Object(Laminas\Diactoros\ServerRequest))
#40 C:\laragon\www\teachingPlatform\vendor\laminas\laminas-stratigility\src\Next.php(49): Laminas\Stratigility\Middleware\OriginalMessages->process(Object(Laminas\Diactoros\ServerRequest), Object(Laminas\Stratigility\Next))
#41 C:\laragon\www\teachingPlatform\vendor\middlewares\base-path\src\BasePath.php(73): Laminas\Stratigility\Next->handle(Object(Laminas\Diactoros\ServerRequest))
#42 C:\laragon\www\teachingPlatform\vendor\laminas\laminas-stratigility\src\Next.php(49): Middlewares\BasePath->process(Object(Laminas\Diactoros\ServerRequest), Object(Laminas\Stratigility\Next))
#43 C:\laragon\www\teachingPlatform\vendor\flarum\core\src\Http\Middleware\ProcessIp.php(24): Laminas\Stratigility\Next->handle(Object(Laminas\Diactoros\ServerRequest))
#44 C:\laragon\www\teachingPlatform\vendor\laminas\laminas-stratigility\src\Next.php(49): Flarum\Http\Middleware\ProcessIp->process(Object(Laminas\Diactoros\ServerRequest), Object(Laminas\Stratigility\Next))
#45 C:\laragon\www\teachingPlatform\vendor\laminas\laminas-stratigility\src\MiddlewarePipe.php(75): Laminas\Stratigility\Next->handle(Object(Laminas\Diactoros\ServerRequest))
#46 C:\laragon\www\teachingPlatform\vendor\laminas\laminas-stratigility\src\MiddlewarePipe.php(64): Laminas\Stratigility\MiddlewarePipe->process(Object(Laminas\Diactoros\ServerRequest), Object(Laminas\Stratigility\EmptyPipelineHandler))
#47 C:\laragon\www\teachingPlatform\vendor\laminas\laminas-httphandlerrunner\src\RequestHandlerRunner.php(73): Laminas\Stratigility\MiddlewarePipe->handle(Object(Laminas\Diactoros\ServerRequest))
#48 C:\laragon\www\teachingPlatform\vendor\flarum\core\src\Http\Server.php(45): Laminas\HttpHandlerRunner\RequestHandlerRunner->run()
#49 C:\laragon\www\teachingPlatform\public\index.php(26): Flarum\Http\Server->listen()
#50 {main}  
