[2023-11-09 04:15:01] flarum.ERROR: Swift_TransportException: Process could not be started [系統找不到指定的路徑。
] in C:\laragon\www\teachingPlatform\vendor\swiftmailer\swiftmailer\lib\classes\Swift\Transport\StreamBuffer.php:294
Stack trace:
#0 C:\laragon\www\teachingPlatform\vendor\swiftmailer\swiftmailer\lib\classes\Swift\Transport\StreamBuffer.php(54): Swift_Transport_StreamBuffer->establishProcessConnection()
#1 C:\laragon\www\teachingPlatform\vendor\swiftmailer\swiftmailer\lib\classes\Swift\Transport\AbstractSmtpTransport.php(143): Swift_Transport_StreamBuffer->initialize(Array)
#2 C:\laragon\www\teachingPlatform\vendor\swiftmailer\swiftmailer\lib\classes\Swift\Transport\SendmailTransport.php(50): Swift_Transport_AbstractSmtpTransport->start()
#3 C:\laragon\www\teachingPlatform\vendor\swiftmailer\swiftmailer\lib\classes\Swift\Mailer.php(65): Swift_Transport_SendmailTransport->start()
#4 C:\laragon\www\teachingPlatform\vendor\illuminate\mail\Mailer.php(521): Swift_Mailer->send(Object(Swift_Message), Array)
#5 C:\laragon\www\teachingPlatform\vendor\illuminate\mail\Mailer.php(288): Illuminate\Mail\Mailer->sendSwiftMessage(Object(Swift_Message))
#6 C:\laragon\www\teachingPlatform\vendor\flarum\core\src\Notification\NotificationMailer.php(62): Illuminate\Mail\Mailer->send(NULL, Array, Object(Closure))
#7 C:\laragon\www\teachingPlatform\vendor\flarum\core\src\Notification\Job\SendEmailNotificationJob.php(37): Flarum\Notification\NotificationMailer->send(Object(Flarum\Subscriptions\Notification\NewPostBlueprint), Object(Flarum\User\User))
#8 C:\laragon\www\teachingPlatform\vendor\illuminate\container\BoundMethod.php(36): Flarum\Notification\Job\SendEmailNotificationJob->handle(Object(Flarum\Notification\NotificationMailer))
#9 C:\laragon\www\teachingPlatform\vendor\illuminate\container\Util.php(40): Illuminate\Container\BoundMethod::Illuminate\Container\{closure}()
#10 C:\laragon\www\teachingPlatform\vendor\illuminate\container\BoundMethod.php(93): Illuminate\Container\Util::unwrapIfClosure(Object(Closure))
#11 C:\laragon\www\teachingPlatform\vendor\illuminate\container\BoundMethod.php(37): Illuminate\Container\BoundMethod::callBoundMethod(Object(Illuminate\Container\Container), Array, Object(Closure))
#12 C:\laragon\www\teachingPlatform\vendor\illuminate\container\Container.php(653): Illuminate\Container\BoundMethod::call(Object(Illuminate\Container\Container), Array, Array, NULL)
#13 C:\laragon\www\teachingPlatform\vendor\illuminate\bus\Dispatcher.php(128): Illuminate\Container\Container->call(Array)
#14 C:\laragon\www\teachingPlatform\vendor\illuminate\pipeline\Pipeline.php(128): Illuminate\Bus\Dispatcher->Illuminate\Bus\{closure}(Object(Flarum\Notification\Job\SendEmailNotificationJob))
#15 C:\laragon\www\teachingPlatform\vendor\illuminate\pipeline\Pipeline.php(103): Illuminate\Pipeline\Pipeline->Illuminate\Pipeline\{closure}(Object(Flarum\Notification\Job\SendEmailNotificationJob))
#16 C:\laragon\www\teachingPlatform\vendor\illuminate\bus\Dispatcher.php(132): Illuminate\Pipeline\Pipeline->then(Object(Closure))
#17 C:\laragon\www\teachingPlatform\vendor\illuminate\queue\CallQueuedHandler.php(120): Illuminate\Bus\Dispatcher->dispatchNow(Object(Flarum\Notification\Job\SendEmailNotificationJob), false)
#18 C:\laragon\www\teachingPlatform\vendor\illuminate\pipeline\Pipeline.php(128): Illuminate\Queue\CallQueuedHandler->Illuminate\Queue\{closure}(Object(Flarum\Notification\Job\SendEmailNotificationJob))
#19 C:\laragon\www\teachingPlatform\vendor\illuminate\pipeline\Pipeline.php(103): Illuminate\Pipeline\Pipeline->Illuminate\Pipeline\{closure}(Object(Flarum\Notification\Job\SendEmailNotificationJob))
#20 C:\laragon\www\teachingPlatform\vendor\illuminate\queue\CallQueuedHandler.php(122): Illuminate\Pipeline\Pipeline->then(Object(Closure))
#21 C:\laragon\www\teachingPlatform\vendor\illuminate\queue\CallQueuedHandler.php(70): Illuminate\Queue\CallQueuedHandler->dispatchThroughMiddleware(Object(Illuminate\Queue\Jobs\SyncJob), Object(Flarum\Notification\Job\SendEmailNotificationJob))
#22 C:\laragon\www\teachingPlatform\vendor\illuminate\queue\Jobs\Job.php(98): Illuminate\Queue\CallQueuedHandler->call(Object(Illuminate\Queue\Jobs\SyncJob), Array)
#23 C:\laragon\www\teachingPlatform\vendor\illuminate\queue\SyncQueue.php(43): Illuminate\Queue\Jobs\Job->fire()
#24 C:\laragon\www\teachingPlatform\vendor\flarum\core\src\Notification\Driver\EmailNotificationDriver.php(51): Illuminate\Queue\SyncQueue->push(Object(Flarum\Notification\Job\SendEmailNotificationJob))
#25 C:\laragon\www\teachingPlatform\vendor\flarum\core\src\Notification\Driver\EmailNotificationDriver.php(37): Flarum\Notification\Driver\EmailNotificationDriver->mailNotifications(Object(Flarum\Subscriptions\Notification\NewPostBlueprint), Array)
#26 C:\laragon\www\teachingPlatform\vendor\flarum\core\src\Notification\NotificationSyncer.php(110): Flarum\Notification\Driver\EmailNotificationDriver->send(Object(Flarum\Subscriptions\Notification\NewPostBlueprint), Array)
#27 C:\laragon\www\teachingPlatform\vendor\flarum\subscriptions\src\Job\SendReplyNotification.php(85): Flarum\Notification\NotificationSyncer->sync(Object(Flarum\Subscriptions\Notification\NewPostBlueprint), Array)
#28 C:\laragon\www\teachingPlatform\vendor\illuminate\container\BoundMethod.php(36): Flarum\Subscriptions\Job\SendReplyNotification->handle(Object(Flarum\Notification\NotificationSyncer), Object(Flarum\Settings\DefaultSettingsRepository))
#29 C:\laragon\www\teachingPlatform\vendor\illuminate\container\Util.php(40): Illuminate\Container\BoundMethod::Illuminate\Container\{closure}()
#30 C:\laragon\www\teachingPlatform\vendor\illuminate\container\BoundMethod.php(93): Illuminate\Container\Util::unwrapIfClosure(Object(Closure))
#31 C:\laragon\www\teachingPlatform\vendor\illuminate\container\BoundMethod.php(37): Illuminate\Container\BoundMethod::callBoundMethod(Object(Illuminate\Container\Container), Array, Object(Closure))
#32 C:\laragon\www\teachingPlatform\vendor\illuminate\container\Container.php(653): Illuminate\Container\BoundMethod::call(Object(Illuminate\Container\Container), Array, Array, NULL)
#33 C:\laragon\www\teachingPlatform\vendor\illuminate\bus\Dispatcher.php(128): Illuminate\Container\Container->call(Array)
#34 C:\laragon\www\teachingPlatform\vendor\illuminate\pipeline\Pipeline.php(128): Illuminate\Bus\Dispatcher->Illuminate\Bus\{closure}(Object(Flarum\Subscriptions\Job\SendReplyNotification))
#35 C:\laragon\www\teachingPlatform\vendor\illuminate\pipeline\Pipeline.php(103): Illuminate\Pipeline\Pipeline->Illuminate\Pipeline\{closure}(Object(Flarum\Subscriptions\Job\SendReplyNotification))
#36 C:\laragon\www\teachingPlatform\vendor\illuminate\bus\Dispatcher.php(132): Illuminate\Pipeline\Pipeline->then(Object(Closure))
#37 C:\laragon\www\teachingPlatform\vendor\illuminate\queue\CallQueuedHandler.php(120): Illuminate\Bus\Dispatcher->dispatchNow(Object(Flarum\Subscriptions\Job\SendReplyNotification), false)
#38 C:\laragon\www\teachingPlatform\vendor\illuminate\pipeline\Pipeline.php(128): Illuminate\Queue\CallQueuedHandler->Illuminate\Queue\{closure}(Object(Flarum\Subscriptions\Job\SendReplyNotification))
#39 C:\laragon\www\teachingPlatform\vendor\illuminate\pipeline\Pipeline.php(103): Illuminate\Pipeline\Pipeline->Illuminate\Pipeline\{closure}(Object(Flarum\Subscriptions\Job\SendReplyNotification))
#40 C:\laragon\www\teachingPlatform\vendor\illuminate\queue\CallQueuedHandler.php(122): Illuminate\Pipeline\Pipeline->then(Object(Closure))
#41 C:\laragon\www\teachingPlatform\vendor\illuminate\queue\CallQueuedHandler.php(70): Illuminate\Queue\CallQueuedHandler->dispatchThroughMiddleware(Object(Illuminate\Queue\Jobs\SyncJob), Object(Flarum\Subscriptions\Job\SendReplyNotification))
#42 C:\laragon\www\teachingPlatform\vendor\illuminate\queue\Jobs\Job.php(98): Illuminate\Queue\CallQueuedHandler->call(Object(Illuminate\Queue\Jobs\SyncJob), Array)
#43 C:\laragon\www\teachingPlatform\vendor\illuminate\queue\SyncQueue.php(43): Illuminate\Queue\Jobs\Job->fire()
#44 C:\laragon\www\teachingPlatform\vendor\flarum\subscriptions\src\Listener\SendNotificationWhenReplyIsPosted.php(36): Illuminate\Queue\SyncQueue->push(Object(Flarum\Subscriptions\Job\SendReplyNotification))
#45 C:\laragon\www\teachingPlatform\vendor\illuminate\events\Dispatcher.php(424): Flarum\Subscriptions\Listener\SendNotificationWhenReplyIsPosted->handle(Object(Flarum\Post\Event\Posted))
#46 C:\laragon\www\teachingPlatform\vendor\illuminate\events\Dispatcher.php(249): Illuminate\Events\Dispatcher->Illuminate\Events\{closure}('Flarum\\Post\\Eve...', Array)
#47 C:\laragon\www\teachingPlatform\vendor\flarum\core\src\Foundation\DispatchEventsTrait.php(33): Illuminate\Events\Dispatcher->dispatch('Flarum\\Post\\Eve...')
#48 C:\laragon\www\teachingPlatform\vendor\flarum\core\src\Post\Command\PostReplyHandler.php(105): Flarum\Post\Command\PostReplyHandler->dispatchEventsFor(Object(Flarum\Post\CommentPost), Object(Flarum\User\User))
#49 C:\laragon\www\teachingPlatform\vendor\flarum\core\src\Notification\NotificationSyncer.php(148): Flarum\Post\Command\PostReplyHandler->Flarum\Post\Command\{closure}()
#50 C:\laragon\www\teachingPlatform\vendor\flarum\core\src\Post\Command\PostReplyHandler.php(106): Flarum\Notification\NotificationSyncer->onePerUser(Object(Closure))
#51 C:\laragon\www\teachingPlatform\vendor\illuminate\bus\Dispatcher.php(122): Flarum\Post\Command\PostReplyHandler->handle(Object(Flarum\Post\Command\PostReply))
#52 C:\laragon\www\teachingPlatform\vendor\illuminate\pipeline\Pipeline.php(128): Illuminate\Bus\Dispatcher->Illuminate\Bus\{closure}(Object(Flarum\Post\Command\PostReply))
#53 C:\laragon\www\teachingPlatform\vendor\illuminate\pipeline\Pipeline.php(103): Illuminate\Pipeline\Pipeline->Illuminate\Pipeline\{closure}(Object(Flarum\Post\Command\PostReply))
#54 C:\laragon\www\teachingPlatform\vendor\illuminate\bus\Dispatcher.php(132): Illuminate\Pipeline\Pipeline->then(Object(Closure))
#55 C:\laragon\www\teachingPlatform\vendor\illuminate\bus\Dispatcher.php(78): Illuminate\Bus\Dispatcher->dispatchNow(Object(Flarum\Post\Command\PostReply))
#56 C:\laragon\www\teachingPlatform\vendor\flarum\core\src\Api\Controller\CreatePostController.php(62): Illuminate\Bus\Dispatcher->dispatch(Object(Flarum\Post\Command\PostReply))
#57 C:\laragon\www\teachingPlatform\vendor\flarum\core\src\Api\Controller\AbstractSerializeController.php(116): Flarum\Api\Controller\CreatePostController->data(Object(Laminas\Diactoros\ServerRequest), Object(Tobscure\JsonApi\Document))
#58 C:\laragon\www\teachingPlatform\vendor\flarum\core\src\Api\Controller\AbstractCreateController.php(22): Flarum\Api\Controller\AbstractSerializeController->handle(Object(Laminas\Diactoros\ServerRequest))
#59 C:\laragon\www\teachingPlatform\vendor\flarum\core\src\Http\RouteHandlerFactory.php(41): Flarum\Api\Controller\AbstractCreateController->handle(Object(Laminas\Diactoros\ServerRequest))
#60 C:\laragon\www\teachingPlatform\vendor\flarum\core\src\Http\Middleware\ExecuteRoute.php(27): Flarum\Http\RouteHandlerFactory->Flarum\Http\{closure}(Object(Laminas\Diactoros\ServerRequest), Array)
#61 C:\laragon\www\teachingPlatform\vendor\laminas\laminas-stratigility\src\Next.php(49): Flarum\Http\Middleware\ExecuteRoute->process(Object(Laminas\Diactoros\ServerRequest), Object(Closure))
#62 C:\laragon\www\teachingPlatform\vendor\flarum\core\src\Api\Middleware\ThrottleApi.php(33): Laminas\Stratigility\Next->handle(Object(Laminas\Diactoros\ServerRequest))
#63 C:\laragon\www\teachingPlatform\vendor\laminas\laminas-stratigility\src\Next.php(49): Flarum\Api\Middleware\ThrottleApi->process(Object(Laminas\Diactoros\ServerRequest), Object(Laminas\Stratigility\Next))
#64 C:\laragon\www\teachingPlatform\vendor\flarum\core\src\Http\Middleware\CheckCsrfToken.php(44): Laminas\Stratigility\Next->handle(Object(Laminas\Diactoros\ServerRequest))
#65 C:\laragon\www\teachingPlatform\vendor\laminas\laminas-stratigility\src\Next.php(49): Flarum\Http\Middleware\CheckCsrfToken->process(Object(Laminas\Diactoros\ServerRequest), Object(Laminas\Stratigility\Next))
#66 C:\laragon\www\teachingPlatform\vendor\flarum\core\src\Http\Middleware\ResolveRoute.php(69): Laminas\Stratigility\Next->handle(Object(Laminas\Diactoros\ServerRequest))
#67 C:\laragon\www\teachingPlatform\vendor\laminas\laminas-stratigility\src\Next.php(49): Flarum\Http\Middleware\ResolveRoute->process(Object(Laminas\Diactoros\ServerRequest), Object(Laminas\Stratigility\Next))
#68 C:\laragon\www\teachingPlatform\vendor\flarum\core\src\Http\Middleware\SetLocale.php(51): Laminas\Stratigility\Next->handle(Object(Laminas\Diactoros\ServerRequest))
#69 C:\laragon\www\teachingPlatform\vendor\laminas\laminas-stratigility\src\Next.php(49): Flarum\Http\Middleware\SetLocale->process(Object(Laminas\Diactoros\ServerRequest), Object(Laminas\Stratigility\Next))
#70 C:\laragon\www\teachingPlatform\vendor\flarum\core\src\Http\Middleware\AuthenticateWithHeader.php(58): Laminas\Stratigility\Next->handle(Object(Laminas\Diactoros\ServerRequest))
#71 C:\laragon\www\teachingPlatform\vendor\laminas\laminas-stratigility\src\Next.php(49): Flarum\Http\Middleware\AuthenticateWithHeader->process(Object(Laminas\Diactoros\ServerRequest), Object(Laminas\Stratigility\Next))
#72 C:\laragon\www\teachingPlatform\vendor\flarum\core\src\Http\Middleware\AuthenticateWithSession.php(31): Laminas\Stratigility\Next->handle(Object(Laminas\Diactoros\ServerRequest))
#73 C:\laragon\www\teachingPlatform\vendor\laminas\laminas-stratigility\src\Next.php(49): Flarum\Http\Middleware\AuthenticateWithSession->process(Object(Laminas\Diactoros\ServerRequest), Object(Laminas\Stratigility\Next))
#74 C:\laragon\www\teachingPlatform\vendor\flarum\core\src\Http\Middleware\RememberFromCookie.php(52): Laminas\Stratigility\Next->handle(Object(Laminas\Diactoros\ServerRequest))
#75 C:\laragon\www\teachingPlatform\vendor\laminas\laminas-stratigility\src\Next.php(49): Flarum\Http\Middleware\RememberFromCookie->process(Object(Laminas\Diactoros\ServerRequest), Object(Laminas\Stratigility\Next))
#76 C:\laragon\www\teachingPlatform\vendor\flarum\core\src\Http\Middleware\StartSession.php(61): Laminas\Stratigility\Next->handle(Object(Laminas\Diactoros\ServerRequest))
#77 C:\laragon\www\teachingPlatform\vendor\laminas\laminas-stratigility\src\Next.php(49): Flarum\Http\Middleware\StartSession->process(Object(Laminas\Diactoros\ServerRequest), Object(Laminas\Stratigility\Next))
#78 C:\laragon\www\teachingPlatform\vendor\flarum\core\src\Api\Middleware\FakeHttpMethods.php(29): Laminas\Stratigility\Next->handle(Object(Laminas\Diactoros\ServerRequest))
#79 C:\laragon\www\teachingPlatform\vendor\laminas\laminas-stratigility\src\Next.php(49): Flarum\Api\Middleware\FakeHttpMethods->process(Object(Laminas\Diactoros\ServerRequest), Object(Laminas\Stratigility\Next))
#80 C:\laragon\www\teachingPlatform\vendor\flarum\core\src\Http\Middleware\ParseJsonBody.php(28): Laminas\Stratigility\Next->handle(Object(Laminas\Diactoros\ServerRequest))
#81 C:\laragon\www\teachingPlatform\vendor\laminas\laminas-stratigility\src\Next.php(49): Flarum\Http\Middleware\ParseJsonBody->process(Object(Laminas\Diactoros\ServerRequest), Object(Laminas\Stratigility\Next))
#82 C:\laragon\www\teachingPlatform\vendor\flarum\core\src\Http\Middleware\HandleErrors.php(57): Laminas\Stratigility\Next->handle(Object(Laminas\Diactoros\ServerRequest))
#83 C:\laragon\www\teachingPlatform\vendor\laminas\laminas-stratigility\src\Next.php(49): Flarum\Http\Middleware\HandleErrors->process(Object(Laminas\Diactoros\ServerRequest), Object(Laminas\Stratigility\Next))
#84 C:\laragon\www\teachingPlatform\vendor\flarum\core\src\Http\Middleware\InjectActorReference.php(25): Laminas\Stratigility\Next->handle(Object(Laminas\Diactoros\ServerRequest))
#85 C:\laragon\www\teachingPlatform\vendor\laminas\laminas-stratigility\src\Next.php(49): Flarum\Http\Middleware\InjectActorReference->process(Object(Laminas\Diactoros\ServerRequest), Object(Laminas\Stratigility\Next))
#86 C:\laragon\www\teachingPlatform\vendor\laminas\laminas-stratigility\src\MiddlewarePipe.php(75): Laminas\Stratigility\Next->handle(Object(Laminas\Diactoros\ServerRequest))
#87 C:\laragon\www\teachingPlatform\vendor\middlewares\request-handler\src\RequestHandler.php(84): Laminas\Stratigility\MiddlewarePipe->process(Object(Laminas\Diactoros\ServerRequest), Object(Laminas\Stratigility\Next))
#88 C:\laragon\www\teachingPlatform\vendor\laminas\laminas-stratigility\src\Next.php(49): Middlewares\RequestHandler->process(Object(Laminas\Diactoros\ServerRequest), Object(Laminas\Stratigility\Next))
#89 C:\laragon\www\teachingPlatform\vendor\middlewares\base-path-router\src\BasePathRouter.php(101): Laminas\Stratigility\Next->handle(Object(Laminas\Diactoros\ServerRequest))
#90 C:\laragon\www\teachingPlatform\vendor\laminas\laminas-stratigility\src\Next.php(49): Middlewares\BasePathRouter->process(Object(Laminas\Diactoros\ServerRequest), Object(Laminas\Stratigility\Next))
#91 C:\laragon\www\teachingPlatform\vendor\laminas\laminas-stratigility\src\Middleware\OriginalMessages.php(36): Laminas\Stratigility\Next->handle(Object(Laminas\Diactoros\ServerRequest))
#92 C:\laragon\www\teachingPlatform\vendor\laminas\laminas-stratigility\src\Next.php(49): Laminas\Stratigility\Middleware\OriginalMessages->process(Object(Laminas\Diactoros\ServerRequest), Object(Laminas\Stratigility\Next))
#93 C:\laragon\www\teachingPlatform\vendor\middlewares\base-path\src\BasePath.php(73): Laminas\Stratigility\Next->handle(Object(Laminas\Diactoros\ServerRequest))
#94 C:\laragon\www\teachingPlatform\vendor\laminas\laminas-stratigility\src\Next.php(49): Middlewares\BasePath->process(Object(Laminas\Diactoros\ServerRequest), Object(Laminas\Stratigility\Next))
#95 C:\laragon\www\teachingPlatform\vendor\flarum\core\src\Http\Middleware\ProcessIp.php(24): Laminas\Stratigility\Next->handle(Object(Laminas\Diactoros\ServerRequest))
#96 C:\laragon\www\teachingPlatform\vendor\laminas\laminas-stratigility\src\Next.php(49): Flarum\Http\Middleware\ProcessIp->process(Object(Laminas\Diactoros\ServerRequest), Object(Laminas\Stratigility\Next))
#97 C:\laragon\www\teachingPlatform\vendor\laminas\laminas-stratigility\src\MiddlewarePipe.php(75): Laminas\Stratigility\Next->handle(Object(Laminas\Diactoros\ServerRequest))
#98 C:\laragon\www\teachingPlatform\vendor\laminas\laminas-stratigility\src\MiddlewarePipe.php(64): Laminas\Stratigility\MiddlewarePipe->process(Object(Laminas\Diactoros\ServerRequest), Object(Laminas\Stratigility\EmptyPipelineHandler))
#99 C:\laragon\www\teachingPlatform\vendor\laminas\laminas-httphandlerrunner\src\RequestHandlerRunner.php(73): Laminas\Stratigility\MiddlewarePipe->handle(Object(Laminas\Diactoros\ServerRequest))
#100 C:\laragon\www\teachingPlatform\vendor\flarum\core\src\Http\Server.php(45): Laminas\HttpHandlerRunner\RequestHandlerRunner->run()
#101 C:\laragon\www\teachingPlatform\public\index.php(26): Flarum\Http\Server->listen()
#102 {main}  
[2023-11-09 04:15:01] flarum.ERROR: Swift_TransportException: Process could not be started [系統找不到指定的路徑。
] in C:\laragon\www\teachingPlatform\vendor\swiftmailer\swiftmailer\lib\classes\Swift\Transport\StreamBuffer.php:294
Stack trace:
#0 C:\laragon\www\teachingPlatform\vendor\swiftmailer\swiftmailer\lib\classes\Swift\Transport\StreamBuffer.php(54): Swift_Transport_StreamBuffer->establishProcessConnection()
#1 C:\laragon\www\teachingPlatform\vendor\swiftmailer\swiftmailer\lib\classes\Swift\Transport\AbstractSmtpTransport.php(143): Swift_Transport_StreamBuffer->initialize(Array)
#2 C:\laragon\www\teachingPlatform\vendor\swiftmailer\swiftmailer\lib\classes\Swift\Transport\SendmailTransport.php(50): Swift_Transport_AbstractSmtpTransport->start()
#3 C:\laragon\www\teachingPlatform\vendor\swiftmailer\swiftmailer\lib\classes\Swift\Mailer.php(65): Swift_Transport_SendmailTransport->start()
#4 C:\laragon\www\teachingPlatform\vendor\illuminate\mail\Mailer.php(521): Swift_Mailer->send(Object(Swift_Message), Array)
#5 C:\laragon\www\teachingPlatform\vendor\illuminate\mail\Mailer.php(288): Illuminate\Mail\Mailer->sendSwiftMessage(Object(Swift_Message))
#6 C:\laragon\www\teachingPlatform\vendor\flarum\core\src\Notification\NotificationMailer.php(62): Illuminate\Mail\Mailer->send(NULL, Array, Object(Closure))
#7 C:\laragon\www\teachingPlatform\vendor\flarum\core\src\Notification\Job\SendEmailNotificationJob.php(37): Flarum\Notification\NotificationMailer->send(Object(Flarum\Subscriptions\Notification\NewPostBlueprint), Object(Flarum\User\User))
#8 C:\laragon\www\teachingPlatform\vendor\illuminate\container\BoundMethod.php(36): Flarum\Notification\Job\SendEmailNotificationJob->handle(Object(Flarum\Notification\NotificationMailer))
#9 C:\laragon\www\teachingPlatform\vendor\illuminate\container\Util.php(40): Illuminate\Container\BoundMethod::Illuminate\Container\{closure}()
#10 C:\laragon\www\teachingPlatform\vendor\illuminate\container\BoundMethod.php(93): Illuminate\Container\Util::unwrapIfClosure(Object(Closure))
#11 C:\laragon\www\teachingPlatform\vendor\illuminate\container\BoundMethod.php(37): Illuminate\Container\BoundMethod::callBoundMethod(Object(Illuminate\Container\Container), Array, Object(Closure))
#12 C:\laragon\www\teachingPlatform\vendor\illuminate\container\Container.php(653): Illuminate\Container\BoundMethod::call(Object(Illuminate\Container\Container), Array, Array, NULL)
#13 C:\laragon\www\teachingPlatform\vendor\illuminate\bus\Dispatcher.php(128): Illuminate\Container\Container->call(Array)
#14 C:\laragon\www\teachingPlatform\vendor\illuminate\pipeline\Pipeline.php(128): Illuminate\Bus\Dispatcher->Illuminate\Bus\{closure}(Object(Flarum\Notification\Job\SendEmailNotificationJob))
#15 C:\laragon\www\teachingPlatform\vendor\illuminate\pipeline\Pipeline.php(103): Illuminate\Pipeline\Pipeline->Illuminate\Pipeline\{closure}(Object(Flarum\Notification\Job\SendEmailNotificationJob))
#16 C:\laragon\www\teachingPlatform\vendor\illuminate\bus\Dispatcher.php(132): Illuminate\Pipeline\Pipeline->then(Object(Closure))
#17 C:\laragon\www\teachingPlatform\vendor\illuminate\queue\CallQueuedHandler.php(120): Illuminate\Bus\Dispatcher->dispatchNow(Object(Flarum\Notification\Job\SendEmailNotificationJob), false)
#18 C:\laragon\www\teachingPlatform\vendor\illuminate\pipeline\Pipeline.php(128): Illuminate\Queue\CallQueuedHandler->Illuminate\Queue\{closure}(Object(Flarum\Notification\Job\SendEmailNotificationJob))
#19 C:\laragon\www\teachingPlatform\vendor\illuminate\pipeline\Pipeline.php(103): Illuminate\Pipeline\Pipeline->Illuminate\Pipeline\{closure}(Object(Flarum\Notification\Job\SendEmailNotificationJob))
#20 C:\laragon\www\teachingPlatform\vendor\illuminate\queue\CallQueuedHandler.php(122): Illuminate\Pipeline\Pipeline->then(Object(Closure))
#21 C:\laragon\www\teachingPlatform\vendor\illuminate\queue\CallQueuedHandler.php(70): Illuminate\Queue\CallQueuedHandler->dispatchThroughMiddleware(Object(Illuminate\Queue\Jobs\SyncJob), Object(Flarum\Notification\Job\SendEmailNotificationJob))
#22 C:\laragon\www\teachingPlatform\vendor\illuminate\queue\Jobs\Job.php(98): Illuminate\Queue\CallQueuedHandler->call(Object(Illuminate\Queue\Jobs\SyncJob), Array)
#23 C:\laragon\www\teachingPlatform\vendor\illuminate\queue\SyncQueue.php(43): Illuminate\Queue\Jobs\Job->fire()
#24 C:\laragon\www\teachingPlatform\vendor\flarum\core\src\Notification\Driver\EmailNotificationDriver.php(51): Illuminate\Queue\SyncQueue->push(Object(Flarum\Notification\Job\SendEmailNotificationJob))
#25 C:\laragon\www\teachingPlatform\vendor\flarum\core\src\Notification\Driver\EmailNotificationDriver.php(37): Flarum\Notification\Driver\EmailNotificationDriver->mailNotifications(Object(Flarum\Subscriptions\Notification\NewPostBlueprint), Array)
#26 C:\laragon\www\teachingPlatform\vendor\flarum\core\src\Notification\NotificationSyncer.php(110): Flarum\Notification\Driver\EmailNotificationDriver->send(Object(Flarum\Subscriptions\Notification\NewPostBlueprint), Array)
#27 C:\laragon\www\teachingPlatform\vendor\flarum\subscriptions\src\Job\SendReplyNotification.php(85): Flarum\Notification\NotificationSyncer->sync(Object(Flarum\Subscriptions\Notification\NewPostBlueprint), Array)
#28 C:\laragon\www\teachingPlatform\vendor\illuminate\container\BoundMethod.php(36): Flarum\Subscriptions\Job\SendReplyNotification->handle(Object(Flarum\Notification\NotificationSyncer), Object(Flarum\Settings\DefaultSettingsRepository))
#29 C:\laragon\www\teachingPlatform\vendor\illuminate\container\Util.php(40): Illuminate\Container\BoundMethod::Illuminate\Container\{closure}()
#30 C:\laragon\www\teachingPlatform\vendor\illuminate\container\BoundMethod.php(93): Illuminate\Container\Util::unwrapIfClosure(Object(Closure))
#31 C:\laragon\www\teachingPlatform\vendor\illuminate\container\BoundMethod.php(37): Illuminate\Container\BoundMethod::callBoundMethod(Object(Illuminate\Container\Container), Array, Object(Closure))
#32 C:\laragon\www\teachingPlatform\vendor\illuminate\container\Container.php(653): Illuminate\Container\BoundMethod::call(Object(Illuminate\Container\Container), Array, Array, NULL)
#33 C:\laragon\www\teachingPlatform\vendor\illuminate\bus\Dispatcher.php(128): Illuminate\Container\Container->call(Array)
#34 C:\laragon\www\teachingPlatform\vendor\illuminate\pipeline\Pipeline.php(128): Illuminate\Bus\Dispatcher->Illuminate\Bus\{closure}(Object(Flarum\Subscriptions\Job\SendReplyNotification))
#35 C:\laragon\www\teachingPlatform\vendor\illuminate\pipeline\Pipeline.php(103): Illuminate\Pipeline\Pipeline->Illuminate\Pipeline\{closure}(Object(Flarum\Subscriptions\Job\SendReplyNotification))
#36 C:\laragon\www\teachingPlatform\vendor\illuminate\bus\Dispatcher.php(132): Illuminate\Pipeline\Pipeline->then(Object(Closure))
#37 C:\laragon\www\teachingPlatform\vendor\illuminate\queue\CallQueuedHandler.php(120): Illuminate\Bus\Dispatcher->dispatchNow(Object(Flarum\Subscriptions\Job\SendReplyNotification), false)
#38 C:\laragon\www\teachingPlatform\vendor\illuminate\pipeline\Pipeline.php(128): Illuminate\Queue\CallQueuedHandler->Illuminate\Queue\{closure}(Object(Flarum\Subscriptions\Job\SendReplyNotification))
#39 C:\laragon\www\teachingPlatform\vendor\illuminate\pipeline\Pipeline.php(103): Illuminate\Pipeline\Pipeline->Illuminate\Pipeline\{closure}(Object(Flarum\Subscriptions\Job\SendReplyNotification))
#40 C:\laragon\www\teachingPlatform\vendor\illuminate\queue\CallQueuedHandler.php(122): Illuminate\Pipeline\Pipeline->then(Object(Closure))
#41 C:\laragon\www\teachingPlatform\vendor\illuminate\queue\CallQueuedHandler.php(70): Illuminate\Queue\CallQueuedHandler->dispatchThroughMiddleware(Object(Illuminate\Queue\Jobs\SyncJob), Object(Flarum\Subscriptions\Job\SendReplyNotification))
#42 C:\laragon\www\teachingPlatform\vendor\illuminate\queue\Jobs\Job.php(98): Illuminate\Queue\CallQueuedHandler->call(Object(Illuminate\Queue\Jobs\SyncJob), Array)
#43 C:\laragon\www\teachingPlatform\vendor\illuminate\queue\SyncQueue.php(43): Illuminate\Queue\Jobs\Job->fire()
#44 C:\laragon\www\teachingPlatform\vendor\flarum\subscriptions\src\Listener\SendNotificationWhenReplyIsPosted.php(36): Illuminate\Queue\SyncQueue->push(Object(Flarum\Subscriptions\Job\SendReplyNotification))
#45 C:\laragon\www\teachingPlatform\vendor\illuminate\events\Dispatcher.php(424): Flarum\Subscriptions\Listener\SendNotificationWhenReplyIsPosted->handle(Object(Flarum\Post\Event\Posted))
#46 C:\laragon\www\teachingPlatform\vendor\illuminate\events\Dispatcher.php(249): Illuminate\Events\Dispatcher->Illuminate\Events\{closure}('Flarum\\Post\\Eve...', Array)
#47 C:\laragon\www\teachingPlatform\vendor\flarum\core\src\Foundation\DispatchEventsTrait.php(33): Illuminate\Events\Dispatcher->dispatch('Flarum\\Post\\Eve...')
#48 C:\laragon\www\teachingPlatform\vendor\flarum\core\src\Post\Command\PostReplyHandler.php(105): Flarum\Post\Command\PostReplyHandler->dispatchEventsFor(Object(Flarum\Post\CommentPost), Object(Flarum\User\User))
#49 C:\laragon\www\teachingPlatform\vendor\flarum\core\src\Notification\NotificationSyncer.php(148): Flarum\Post\Command\PostReplyHandler->Flarum\Post\Command\{closure}()
#50 C:\laragon\www\teachingPlatform\vendor\flarum\core\src\Post\Command\PostReplyHandler.php(106): Flarum\Notification\NotificationSyncer->onePerUser(Object(Closure))
#51 C:\laragon\www\teachingPlatform\vendor\illuminate\bus\Dispatcher.php(122): Flarum\Post\Command\PostReplyHandler->handle(Object(Flarum\Post\Command\PostReply))
#52 C:\laragon\www\teachingPlatform\vendor\illuminate\pipeline\Pipeline.php(128): Illuminate\Bus\Dispatcher->Illuminate\Bus\{closure}(Object(Flarum\Post\Command\PostReply))
#53 C:\laragon\www\teachingPlatform\vendor\illuminate\pipeline\Pipeline.php(103): Illuminate\Pipeline\Pipeline->Illuminate\Pipeline\{closure}(Object(Flarum\Post\Command\PostReply))
#54 C:\laragon\www\teachingPlatform\vendor\illuminate\bus\Dispatcher.php(132): Illuminate\Pipeline\Pipeline->then(Object(Closure))
#55 C:\laragon\www\teachingPlatform\vendor\illuminate\bus\Dispatcher.php(78): Illuminate\Bus\Dispatcher->dispatchNow(Object(Flarum\Post\Command\PostReply))
#56 C:\laragon\www\teachingPlatform\vendor\flarum\core\src\Api\Controller\CreatePostController.php(62): Illuminate\Bus\Dispatcher->dispatch(Object(Flarum\Post\Command\PostReply))
#57 C:\laragon\www\teachingPlatform\vendor\flarum\core\src\Api\Controller\AbstractSerializeController.php(116): Flarum\Api\Controller\CreatePostController->data(Object(Laminas\Diactoros\ServerRequest), Object(Tobscure\JsonApi\Document))
#58 C:\laragon\www\teachingPlatform\vendor\flarum\core\src\Api\Controller\AbstractCreateController.php(22): Flarum\Api\Controller\AbstractSerializeController->handle(Object(Laminas\Diactoros\ServerRequest))
#59 C:\laragon\www\teachingPlatform\vendor\flarum\core\src\Http\RouteHandlerFactory.php(41): Flarum\Api\Controller\AbstractCreateController->handle(Object(Laminas\Diactoros\ServerRequest))
#60 C:\laragon\www\teachingPlatform\vendor\flarum\core\src\Http\Middleware\ExecuteRoute.php(27): Flarum\Http\RouteHandlerFactory->Flarum\Http\{closure}(Object(Laminas\Diactoros\ServerRequest), Array)
#61 C:\laragon\www\teachingPlatform\vendor\laminas\laminas-stratigility\src\Next.php(49): Flarum\Http\Middleware\ExecuteRoute->process(Object(Laminas\Diactoros\ServerRequest), Object(Closure))
#62 C:\laragon\www\teachingPlatform\vendor\flarum\core\src\Api\Middleware\ThrottleApi.php(33): Laminas\Stratigility\Next->handle(Object(Laminas\Diactoros\ServerRequest))
#63 C:\laragon\www\teachingPlatform\vendor\laminas\laminas-stratigility\src\Next.php(49): Flarum\Api\Middleware\ThrottleApi->process(Object(Laminas\Diactoros\ServerRequest), Object(Laminas\Stratigility\Next))
#64 C:\laragon\www\teachingPlatform\vendor\flarum\core\src\Http\Middleware\CheckCsrfToken.php(44): Laminas\Stratigility\Next->handle(Object(Laminas\Diactoros\ServerRequest))
#65 C:\laragon\www\teachingPlatform\vendor\laminas\laminas-stratigility\src\Next.php(49): Flarum\Http\Middleware\CheckCsrfToken->process(Object(Laminas\Diactoros\ServerRequest), Object(Laminas\Stratigility\Next))
#66 C:\laragon\www\teachingPlatform\vendor\flarum\core\src\Http\Middleware\ResolveRoute.php(69): Laminas\Stratigility\Next->handle(Object(Laminas\Diactoros\ServerRequest))
#67 C:\laragon\www\teachingPlatform\vendor\laminas\laminas-stratigility\src\Next.php(49): Flarum\Http\Middleware\ResolveRoute->process(Object(Laminas\Diactoros\ServerRequest), Object(Laminas\Stratigility\Next))
#68 C:\laragon\www\teachingPlatform\vendor\flarum\core\src\Http\Middleware\SetLocale.php(51): Laminas\Stratigility\Next->handle(Object(Laminas\Diactoros\ServerRequest))
#69 C:\laragon\www\teachingPlatform\vendor\laminas\laminas-stratigility\src\Next.php(49): Flarum\Http\Middleware\SetLocale->process(Object(Laminas\Diactoros\ServerRequest), Object(Laminas\Stratigility\Next))
#70 C:\laragon\www\teachingPlatform\vendor\flarum\core\src\Http\Middleware\AuthenticateWithHeader.php(58): Laminas\Stratigility\Next->handle(Object(Laminas\Diactoros\ServerRequest))
#71 C:\laragon\www\teachingPlatform\vendor\laminas\laminas-stratigility\src\Next.php(49): Flarum\Http\Middleware\AuthenticateWithHeader->process(Object(Laminas\Diactoros\ServerRequest), Object(Laminas\Stratigility\Next))
#72 C:\laragon\www\teachingPlatform\vendor\flarum\core\src\Http\Middleware\AuthenticateWithSession.php(31): Laminas\Stratigility\Next->handle(Object(Laminas\Diactoros\ServerRequest))
#73 C:\laragon\www\teachingPlatform\vendor\laminas\laminas-stratigility\src\Next.php(49): Flarum\Http\Middleware\AuthenticateWithSession->process(Object(Laminas\Diactoros\ServerRequest), Object(Laminas\Stratigility\Next))
#74 C:\laragon\www\teachingPlatform\vendor\flarum\core\src\Http\Middleware\RememberFromCookie.php(52): Laminas\Stratigility\Next->handle(Object(Laminas\Diactoros\ServerRequest))
#75 C:\laragon\www\teachingPlatform\vendor\laminas\laminas-stratigility\src\Next.php(49): Flarum\Http\Middleware\RememberFromCookie->process(Object(Laminas\Diactoros\ServerRequest), Object(Laminas\Stratigility\Next))
#76 C:\laragon\www\teachingPlatform\vendor\flarum\core\src\Http\Middleware\StartSession.php(61): Laminas\Stratigility\Next->handle(Object(Laminas\Diactoros\ServerRequest))
#77 C:\laragon\www\teachingPlatform\vendor\laminas\laminas-stratigility\src\Next.php(49): Flarum\Http\Middleware\StartSession->process(Object(Laminas\Diactoros\ServerRequest), Object(Laminas\Stratigility\Next))
#78 C:\laragon\www\teachingPlatform\vendor\flarum\core\src\Api\Middleware\FakeHttpMethods.php(29): Laminas\Stratigility\Next->handle(Object(Laminas\Diactoros\ServerRequest))
#79 C:\laragon\www\teachingPlatform\vendor\laminas\laminas-stratigility\src\Next.php(49): Flarum\Api\Middleware\FakeHttpMethods->process(Object(Laminas\Diactoros\ServerRequest), Object(Laminas\Stratigility\Next))
#80 C:\laragon\www\teachingPlatform\vendor\flarum\core\src\Http\Middleware\ParseJsonBody.php(28): Laminas\Stratigility\Next->handle(Object(Laminas\Diactoros\ServerRequest))
#81 C:\laragon\www\teachingPlatform\vendor\laminas\laminas-stratigility\src\Next.php(49): Flarum\Http\Middleware\ParseJsonBody->process(Object(Laminas\Diactoros\ServerRequest), Object(Laminas\Stratigility\Next))
#82 C:\laragon\www\teachingPlatform\vendor\flarum\core\src\Http\Middleware\HandleErrors.php(57): Laminas\Stratigility\Next->handle(Object(Laminas\Diactoros\ServerRequest))
#83 C:\laragon\www\teachingPlatform\vendor\laminas\laminas-stratigility\src\Next.php(49): Flarum\Http\Middleware\HandleErrors->process(Object(Laminas\Diactoros\ServerRequest), Object(Laminas\Stratigility\Next))
#84 C:\laragon\www\teachingPlatform\vendor\flarum\core\src\Http\Middleware\InjectActorReference.php(25): Laminas\Stratigility\Next->handle(Object(Laminas\Diactoros\ServerRequest))
#85 C:\laragon\www\teachingPlatform\vendor\laminas\laminas-stratigility\src\Next.php(49): Flarum\Http\Middleware\InjectActorReference->process(Object(Laminas\Diactoros\ServerRequest), Object(Laminas\Stratigility\Next))
#86 C:\laragon\www\teachingPlatform\vendor\laminas\laminas-stratigility\src\MiddlewarePipe.php(75): Laminas\Stratigility\Next->handle(Object(Laminas\Diactoros\ServerRequest))
#87 C:\laragon\www\teachingPlatform\vendor\middlewares\request-handler\src\RequestHandler.php(84): Laminas\Stratigility\MiddlewarePipe->process(Object(Laminas\Diactoros\ServerRequest), Object(Laminas\Stratigility\Next))
#88 C:\laragon\www\teachingPlatform\vendor\laminas\laminas-stratigility\src\Next.php(49): Middlewares\RequestHandler->process(Object(Laminas\Diactoros\ServerRequest), Object(Laminas\Stratigility\Next))
#89 C:\laragon\www\teachingPlatform\vendor\middlewares\base-path-router\src\BasePathRouter.php(101): Laminas\Stratigility\Next->handle(Object(Laminas\Diactoros\ServerRequest))
#90 C:\laragon\www\teachingPlatform\vendor\laminas\laminas-stratigility\src\Next.php(49): Middlewares\BasePathRouter->process(Object(Laminas\Diactoros\ServerRequest), Object(Laminas\Stratigility\Next))
#91 C:\laragon\www\teachingPlatform\vendor\laminas\laminas-stratigility\src\Middleware\OriginalMessages.php(36): Laminas\Stratigility\Next->handle(Object(Laminas\Diactoros\ServerRequest))
#92 C:\laragon\www\teachingPlatform\vendor\laminas\laminas-stratigility\src\Next.php(49): Laminas\Stratigility\Middleware\OriginalMessages->process(Object(Laminas\Diactoros\ServerRequest), Object(Laminas\Stratigility\Next))
#93 C:\laragon\www\teachingPlatform\vendor\middlewares\base-path\src\BasePath.php(73): Laminas\Stratigility\Next->handle(Object(Laminas\Diactoros\ServerRequest))
#94 C:\laragon\www\teachingPlatform\vendor\laminas\laminas-stratigility\src\Next.php(49): Middlewares\BasePath->process(Object(Laminas\Diactoros\ServerRequest), Object(Laminas\Stratigility\Next))
#95 C:\laragon\www\teachingPlatform\vendor\flarum\core\src\Http\Middleware\ProcessIp.php(24): Laminas\Stratigility\Next->handle(Object(Laminas\Diactoros\ServerRequest))
#96 C:\laragon\www\teachingPlatform\vendor\laminas\laminas-stratigility\src\Next.php(49): Flarum\Http\Middleware\ProcessIp->process(Object(Laminas\Diactoros\ServerRequest), Object(Laminas\Stratigility\Next))
#97 C:\laragon\www\teachingPlatform\vendor\laminas\laminas-stratigility\src\MiddlewarePipe.php(75): Laminas\Stratigility\Next->handle(Object(Laminas\Diactoros\ServerRequest))
#98 C:\laragon\www\teachingPlatform\vendor\laminas\laminas-stratigility\src\MiddlewarePipe.php(64): Laminas\Stratigility\MiddlewarePipe->process(Object(Laminas\Diactoros\ServerRequest), Object(Laminas\Stratigility\EmptyPipelineHandler))
#99 C:\laragon\www\teachingPlatform\vendor\laminas\laminas-httphandlerrunner\src\RequestHandlerRunner.php(73): Laminas\Stratigility\MiddlewarePipe->handle(Object(Laminas\Diactoros\ServerRequest))
#100 C:\laragon\www\teachingPlatform\vendor\flarum\core\src\Http\Server.php(45): Laminas\HttpHandlerRunner\RequestHandlerRunner->run()
#101 C:\laragon\www\teachingPlatform\public\index.php(26): Flarum\Http\Server->listen()
#102 {main}  
[2023-11-09 04:15:01] flarum.ERROR: Swift_TransportException: Process could not be started [系統找不到指定的路徑。
] in C:\laragon\www\teachingPlatform\vendor\swiftmailer\swiftmailer\lib\classes\Swift\Transport\StreamBuffer.php:294
Stack trace:
#0 C:\laragon\www\teachingPlatform\vendor\swiftmailer\swiftmailer\lib\classes\Swift\Transport\StreamBuffer.php(54): Swift_Transport_StreamBuffer->establishProcessConnection()
#1 C:\laragon\www\teachingPlatform\vendor\swiftmailer\swiftmailer\lib\classes\Swift\Transport\AbstractSmtpTransport.php(143): Swift_Transport_StreamBuffer->initialize(Array)
#2 C:\laragon\www\teachingPlatform\vendor\swiftmailer\swiftmailer\lib\classes\Swift\Transport\SendmailTransport.php(50): Swift_Transport_AbstractSmtpTransport->start()
#3 C:\laragon\www\teachingPlatform\vendor\swiftmailer\swiftmailer\lib\classes\Swift\Mailer.php(65): Swift_Transport_SendmailTransport->start()
#4 C:\laragon\www\teachingPlatform\vendor\illuminate\mail\Mailer.php(521): Swift_Mailer->send(Object(Swift_Message), Array)
#5 C:\laragon\www\teachingPlatform\vendor\illuminate\mail\Mailer.php(288): Illuminate\Mail\Mailer->sendSwiftMessage(Object(Swift_Message))
#6 C:\laragon\www\teachingPlatform\vendor\flarum\core\src\Notification\NotificationMailer.php(62): Illuminate\Mail\Mailer->send(NULL, Array, Object(Closure))
#7 C:\laragon\www\teachingPlatform\vendor\flarum\core\src\Notification\Job\SendEmailNotificationJob.php(37): Flarum\Notification\NotificationMailer->send(Object(Flarum\Subscriptions\Notification\NewPostBlueprint), Object(Flarum\User\User))
#8 C:\laragon\www\teachingPlatform\vendor\illuminate\container\BoundMethod.php(36): Flarum\Notification\Job\SendEmailNotificationJob->handle(Object(Flarum\Notification\NotificationMailer))
#9 C:\laragon\www\teachingPlatform\vendor\illuminate\container\Util.php(40): Illuminate\Container\BoundMethod::Illuminate\Container\{closure}()
#10 C:\laragon\www\teachingPlatform\vendor\illuminate\container\BoundMethod.php(93): Illuminate\Container\Util::unwrapIfClosure(Object(Closure))
#11 C:\laragon\www\teachingPlatform\vendor\illuminate\container\BoundMethod.php(37): Illuminate\Container\BoundMethod::callBoundMethod(Object(Illuminate\Container\Container), Array, Object(Closure))
#12 C:\laragon\www\teachingPlatform\vendor\illuminate\container\Container.php(653): Illuminate\Container\BoundMethod::call(Object(Illuminate\Container\Container), Array, Array, NULL)
#13 C:\laragon\www\teachingPlatform\vendor\illuminate\bus\Dispatcher.php(128): Illuminate\Container\Container->call(Array)
#14 C:\laragon\www\teachingPlatform\vendor\illuminate\pipeline\Pipeline.php(128): Illuminate\Bus\Dispatcher->Illuminate\Bus\{closure}(Object(Flarum\Notification\Job\SendEmailNotificationJob))
#15 C:\laragon\www\teachingPlatform\vendor\illuminate\pipeline\Pipeline.php(103): Illuminate\Pipeline\Pipeline->Illuminate\Pipeline\{closure}(Object(Flarum\Notification\Job\SendEmailNotificationJob))
#16 C:\laragon\www\teachingPlatform\vendor\illuminate\bus\Dispatcher.php(132): Illuminate\Pipeline\Pipeline->then(Object(Closure))
#17 C:\laragon\www\teachingPlatform\vendor\illuminate\queue\CallQueuedHandler.php(120): Illuminate\Bus\Dispatcher->dispatchNow(Object(Flarum\Notification\Job\SendEmailNotificationJob), false)
#18 C:\laragon\www\teachingPlatform\vendor\illuminate\pipeline\Pipeline.php(128): Illuminate\Queue\CallQueuedHandler->Illuminate\Queue\{closure}(Object(Flarum\Notification\Job\SendEmailNotificationJob))
#19 C:\laragon\www\teachingPlatform\vendor\illuminate\pipeline\Pipeline.php(103): Illuminate\Pipeline\Pipeline->Illuminate\Pipeline\{closure}(Object(Flarum\Notification\Job\SendEmailNotificationJob))
#20 C:\laragon\www\teachingPlatform\vendor\illuminate\queue\CallQueuedHandler.php(122): Illuminate\Pipeline\Pipeline->then(Object(Closure))
#21 C:\laragon\www\teachingPlatform\vendor\illuminate\queue\CallQueuedHandler.php(70): Illuminate\Queue\CallQueuedHandler->dispatchThroughMiddleware(Object(Illuminate\Queue\Jobs\SyncJob), Object(Flarum\Notification\Job\SendEmailNotificationJob))
#22 C:\laragon\www\teachingPlatform\vendor\illuminate\queue\Jobs\Job.php(98): Illuminate\Queue\CallQueuedHandler->call(Object(Illuminate\Queue\Jobs\SyncJob), Array)
#23 C:\laragon\www\teachingPlatform\vendor\illuminate\queue\SyncQueue.php(43): Illuminate\Queue\Jobs\Job->fire()
#24 C:\laragon\www\teachingPlatform\vendor\flarum\core\src\Notification\Driver\EmailNotificationDriver.php(51): Illuminate\Queue\SyncQueue->push(Object(Flarum\Notification\Job\SendEmailNotificationJob))
#25 C:\laragon\www\teachingPlatform\vendor\flarum\core\src\Notification\Driver\EmailNotificationDriver.php(37): Flarum\Notification\Driver\EmailNotificationDriver->mailNotifications(Object(Flarum\Subscriptions\Notification\NewPostBlueprint), Array)
#26 C:\laragon\www\teachingPlatform\vendor\flarum\core\src\Notification\NotificationSyncer.php(110): Flarum\Notification\Driver\EmailNotificationDriver->send(Object(Flarum\Subscriptions\Notification\NewPostBlueprint), Array)
#27 C:\laragon\www\teachingPlatform\vendor\flarum\subscriptions\src\Job\SendReplyNotification.php(85): Flarum\Notification\NotificationSyncer->sync(Object(Flarum\Subscriptions\Notification\NewPostBlueprint), Array)
#28 C:\laragon\www\teachingPlatform\vendor\illuminate\container\BoundMethod.php(36): Flarum\Subscriptions\Job\SendReplyNotification->handle(Object(Flarum\Notification\NotificationSyncer), Object(Flarum\Settings\DefaultSettingsRepository))
#29 C:\laragon\www\teachingPlatform\vendor\illuminate\container\Util.php(40): Illuminate\Container\BoundMethod::Illuminate\Container\{closure}()
#30 C:\laragon\www\teachingPlatform\vendor\illuminate\container\BoundMethod.php(93): Illuminate\Container\Util::unwrapIfClosure(Object(Closure))
#31 C:\laragon\www\teachingPlatform\vendor\illuminate\container\BoundMethod.php(37): Illuminate\Container\BoundMethod::callBoundMethod(Object(Illuminate\Container\Container), Array, Object(Closure))
#32 C:\laragon\www\teachingPlatform\vendor\illuminate\container\Container.php(653): Illuminate\Container\BoundMethod::call(Object(Illuminate\Container\Container), Array, Array, NULL)
#33 C:\laragon\www\teachingPlatform\vendor\illuminate\bus\Dispatcher.php(128): Illuminate\Container\Container->call(Array)
#34 C:\laragon\www\teachingPlatform\vendor\illuminate\pipeline\Pipeline.php(128): Illuminate\Bus\Dispatcher->Illuminate\Bus\{closure}(Object(Flarum\Subscriptions\Job\SendReplyNotification))
#35 C:\laragon\www\teachingPlatform\vendor\illuminate\pipeline\Pipeline.php(103): Illuminate\Pipeline\Pipeline->Illuminate\Pipeline\{closure}(Object(Flarum\Subscriptions\Job\SendReplyNotification))
#36 C:\laragon\www\teachingPlatform\vendor\illuminate\bus\Dispatcher.php(132): Illuminate\Pipeline\Pipeline->then(Object(Closure))
#37 C:\laragon\www\teachingPlatform\vendor\illuminate\queue\CallQueuedHandler.php(120): Illuminate\Bus\Dispatcher->dispatchNow(Object(Flarum\Subscriptions\Job\SendReplyNotification), false)
#38 C:\laragon\www\teachingPlatform\vendor\illuminate\pipeline\Pipeline.php(128): Illuminate\Queue\CallQueuedHandler->Illuminate\Queue\{closure}(Object(Flarum\Subscriptions\Job\SendReplyNotification))
#39 C:\laragon\www\teachingPlatform\vendor\illuminate\pipeline\Pipeline.php(103): Illuminate\Pipeline\Pipeline->Illuminate\Pipeline\{closure}(Object(Flarum\Subscriptions\Job\SendReplyNotification))
#40 C:\laragon\www\teachingPlatform\vendor\illuminate\queue\CallQueuedHandler.php(122): Illuminate\Pipeline\Pipeline->then(Object(Closure))
#41 C:\laragon\www\teachingPlatform\vendor\illuminate\queue\CallQueuedHandler.php(70): Illuminate\Queue\CallQueuedHandler->dispatchThroughMiddleware(Object(Illuminate\Queue\Jobs\SyncJob), Object(Flarum\Subscriptions\Job\SendReplyNotification))
#42 C:\laragon\www\teachingPlatform\vendor\illuminate\queue\Jobs\Job.php(98): Illuminate\Queue\CallQueuedHandler->call(Object(Illuminate\Queue\Jobs\SyncJob), Array)
#43 C:\laragon\www\teachingPlatform\vendor\illuminate\queue\SyncQueue.php(43): Illuminate\Queue\Jobs\Job->fire()
#44 C:\laragon\www\teachingPlatform\vendor\flarum\subscriptions\src\Listener\SendNotificationWhenReplyIsPosted.php(36): Illuminate\Queue\SyncQueue->push(Object(Flarum\Subscriptions\Job\SendReplyNotification))
#45 C:\laragon\www\teachingPlatform\vendor\illuminate\events\Dispatcher.php(424): Flarum\Subscriptions\Listener\SendNotificationWhenReplyIsPosted->handle(Object(Flarum\Post\Event\Posted))
#46 C:\laragon\www\teachingPlatform\vendor\illuminate\events\Dispatcher.php(249): Illuminate\Events\Dispatcher->Illuminate\Events\{closure}('Flarum\\Post\\Eve...', Array)
#47 C:\laragon\www\teachingPlatform\vendor\flarum\core\src\Foundation\DispatchEventsTrait.php(33): Illuminate\Events\Dispatcher->dispatch('Flarum\\Post\\Eve...')
#48 C:\laragon\www\teachingPlatform\vendor\flarum\core\src\Post\Command\PostReplyHandler.php(105): Flarum\Post\Command\PostReplyHandler->dispatchEventsFor(Object(Flarum\Post\CommentPost), Object(Flarum\User\User))
#49 C:\laragon\www\teachingPlatform\vendor\flarum\core\src\Notification\NotificationSyncer.php(148): Flarum\Post\Command\PostReplyHandler->Flarum\Post\Command\{closure}()
#50 C:\laragon\www\teachingPlatform\vendor\flarum\core\src\Post\Command\PostReplyHandler.php(106): Flarum\Notification\NotificationSyncer->onePerUser(Object(Closure))
#51 C:\laragon\www\teachingPlatform\vendor\illuminate\bus\Dispatcher.php(122): Flarum\Post\Command\PostReplyHandler->handle(Object(Flarum\Post\Command\PostReply))
#52 C:\laragon\www\teachingPlatform\vendor\illuminate\pipeline\Pipeline.php(128): Illuminate\Bus\Dispatcher->Illuminate\Bus\{closure}(Object(Flarum\Post\Command\PostReply))
#53 C:\laragon\www\teachingPlatform\vendor\illuminate\pipeline\Pipeline.php(103): Illuminate\Pipeline\Pipeline->Illuminate\Pipeline\{closure}(Object(Flarum\Post\Command\PostReply))
#54 C:\laragon\www\teachingPlatform\vendor\illuminate\bus\Dispatcher.php(132): Illuminate\Pipeline\Pipeline->then(Object(Closure))
#55 C:\laragon\www\teachingPlatform\vendor\illuminate\bus\Dispatcher.php(78): Illuminate\Bus\Dispatcher->dispatchNow(Object(Flarum\Post\Command\PostReply))
#56 C:\laragon\www\teachingPlatform\vendor\flarum\core\src\Api\Controller\CreatePostController.php(62): Illuminate\Bus\Dispatcher->dispatch(Object(Flarum\Post\Command\PostReply))
#57 C:\laragon\www\teachingPlatform\vendor\flarum\core\src\Api\Controller\AbstractSerializeController.php(116): Flarum\Api\Controller\CreatePostController->data(Object(Laminas\Diactoros\ServerRequest), Object(Tobscure\JsonApi\Document))
#58 C:\laragon\www\teachingPlatform\vendor\flarum\core\src\Api\Controller\AbstractCreateController.php(22): Flarum\Api\Controller\AbstractSerializeController->handle(Object(Laminas\Diactoros\ServerRequest))
#59 C:\laragon\www\teachingPlatform\vendor\flarum\core\src\Http\RouteHandlerFactory.php(41): Flarum\Api\Controller\AbstractCreateController->handle(Object(Laminas\Diactoros\ServerRequest))
#60 C:\laragon\www\teachingPlatform\vendor\flarum\core\src\Http\Middleware\ExecuteRoute.php(27): Flarum\Http\RouteHandlerFactory->Flarum\Http\{closure}(Object(Laminas\Diactoros\ServerRequest), Array)
#61 C:\laragon\www\teachingPlatform\vendor\laminas\laminas-stratigility\src\Next.php(49): Flarum\Http\Middleware\ExecuteRoute->process(Object(Laminas\Diactoros\ServerRequest), Object(Closure))
#62 C:\laragon\www\teachingPlatform\vendor\flarum\core\src\Api\Middleware\ThrottleApi.php(33): Laminas\Stratigility\Next->handle(Object(Laminas\Diactoros\ServerRequest))
#63 C:\laragon\www\teachingPlatform\vendor\laminas\laminas-stratigility\src\Next.php(49): Flarum\Api\Middleware\ThrottleApi->process(Object(Laminas\Diactoros\ServerRequest), Object(Laminas\Stratigility\Next))
#64 C:\laragon\www\teachingPlatform\vendor\flarum\core\src\Http\Middleware\CheckCsrfToken.php(44): Laminas\Stratigility\Next->handle(Object(Laminas\Diactoros\ServerRequest))
#65 C:\laragon\www\teachingPlatform\vendor\laminas\laminas-stratigility\src\Next.php(49): Flarum\Http\Middleware\CheckCsrfToken->process(Object(Laminas\Diactoros\ServerRequest), Object(Laminas\Stratigility\Next))
#66 C:\laragon\www\teachingPlatform\vendor\flarum\core\src\Http\Middleware\ResolveRoute.php(69): Laminas\Stratigility\Next->handle(Object(Laminas\Diactoros\ServerRequest))
#67 C:\laragon\www\teachingPlatform\vendor\laminas\laminas-stratigility\src\Next.php(49): Flarum\Http\Middleware\ResolveRoute->process(Object(Laminas\Diactoros\ServerRequest), Object(Laminas\Stratigility\Next))
#68 C:\laragon\www\teachingPlatform\vendor\flarum\core\src\Http\Middleware\SetLocale.php(51): Laminas\Stratigility\Next->handle(Object(Laminas\Diactoros\ServerRequest))
#69 C:\laragon\www\teachingPlatform\vendor\laminas\laminas-stratigility\src\Next.php(49): Flarum\Http\Middleware\SetLocale->process(Object(Laminas\Diactoros\ServerRequest), Object(Laminas\Stratigility\Next))
#70 C:\laragon\www\teachingPlatform\vendor\flarum\core\src\Http\Middleware\AuthenticateWithHeader.php(58): Laminas\Stratigility\Next->handle(Object(Laminas\Diactoros\ServerRequest))
#71 C:\laragon\www\teachingPlatform\vendor\laminas\laminas-stratigility\src\Next.php(49): Flarum\Http\Middleware\AuthenticateWithHeader->process(Object(Laminas\Diactoros\ServerRequest), Object(Laminas\Stratigility\Next))
#72 C:\laragon\www\teachingPlatform\vendor\flarum\core\src\Http\Middleware\AuthenticateWithSession.php(31): Laminas\Stratigility\Next->handle(Object(Laminas\Diactoros\ServerRequest))
#73 C:\laragon\www\teachingPlatform\vendor\laminas\laminas-stratigility\src\Next.php(49): Flarum\Http\Middleware\AuthenticateWithSession->process(Object(Laminas\Diactoros\ServerRequest), Object(Laminas\Stratigility\Next))
#74 C:\laragon\www\teachingPlatform\vendor\flarum\core\src\Http\Middleware\RememberFromCookie.php(52): Laminas\Stratigility\Next->handle(Object(Laminas\Diactoros\ServerRequest))
#75 C:\laragon\www\teachingPlatform\vendor\laminas\laminas-stratigility\src\Next.php(49): Flarum\Http\Middleware\RememberFromCookie->process(Object(Laminas\Diactoros\ServerRequest), Object(Laminas\Stratigility\Next))
#76 C:\laragon\www\teachingPlatform\vendor\flarum\core\src\Http\Middleware\StartSession.php(61): Laminas\Stratigility\Next->handle(Object(Laminas\Diactoros\ServerRequest))
#77 C:\laragon\www\teachingPlatform\vendor\laminas\laminas-stratigility\src\Next.php(49): Flarum\Http\Middleware\StartSession->process(Object(Laminas\Diactoros\ServerRequest), Object(Laminas\Stratigility\Next))
#78 C:\laragon\www\teachingPlatform\vendor\flarum\core\src\Api\Middleware\FakeHttpMethods.php(29): Laminas\Stratigility\Next->handle(Object(Laminas\Diactoros\ServerRequest))
#79 C:\laragon\www\teachingPlatform\vendor\laminas\laminas-stratigility\src\Next.php(49): Flarum\Api\Middleware\FakeHttpMethods->process(Object(Laminas\Diactoros\ServerRequest), Object(Laminas\Stratigility\Next))
#80 C:\laragon\www\teachingPlatform\vendor\flarum\core\src\Http\Middleware\ParseJsonBody.php(28): Laminas\Stratigility\Next->handle(Object(Laminas\Diactoros\ServerRequest))
#81 C:\laragon\www\teachingPlatform\vendor\laminas\laminas-stratigility\src\Next.php(49): Flarum\Http\Middleware\ParseJsonBody->process(Object(Laminas\Diactoros\ServerRequest), Object(Laminas\Stratigility\Next))
#82 C:\laragon\www\teachingPlatform\vendor\flarum\core\src\Http\Middleware\HandleErrors.php(57): Laminas\Stratigility\Next->handle(Object(Laminas\Diactoros\ServerRequest))
#83 C:\laragon\www\teachingPlatform\vendor\laminas\laminas-stratigility\src\Next.php(49): Flarum\Http\Middleware\HandleErrors->process(Object(Laminas\Diactoros\ServerRequest), Object(Laminas\Stratigility\Next))
#84 C:\laragon\www\teachingPlatform\vendor\flarum\core\src\Http\Middleware\InjectActorReference.php(25): Laminas\Stratigility\Next->handle(Object(Laminas\Diactoros\ServerRequest))
#85 C:\laragon\www\teachingPlatform\vendor\laminas\laminas-stratigility\src\Next.php(49): Flarum\Http\Middleware\InjectActorReference->process(Object(Laminas\Diactoros\ServerRequest), Object(Laminas\Stratigility\Next))
#86 C:\laragon\www\teachingPlatform\vendor\laminas\laminas-stratigility\src\MiddlewarePipe.php(75): Laminas\Stratigility\Next->handle(Object(Laminas\Diactoros\ServerRequest))
#87 C:\laragon\www\teachingPlatform\vendor\middlewares\request-handler\src\RequestHandler.php(84): Laminas\Stratigility\MiddlewarePipe->process(Object(Laminas\Diactoros\ServerRequest), Object(Laminas\Stratigility\Next))
#88 C:\laragon\www\teachingPlatform\vendor\laminas\laminas-stratigility\src\Next.php(49): Middlewares\RequestHandler->process(Object(Laminas\Diactoros\ServerRequest), Object(Laminas\Stratigility\Next))
#89 C:\laragon\www\teachingPlatform\vendor\middlewares\base-path-router\src\BasePathRouter.php(101): Laminas\Stratigility\Next->handle(Object(Laminas\Diactoros\ServerRequest))
#90 C:\laragon\www\teachingPlatform\vendor\laminas\laminas-stratigility\src\Next.php(49): Middlewares\BasePathRouter->process(Object(Laminas\Diactoros\ServerRequest), Object(Laminas\Stratigility\Next))
#91 C:\laragon\www\teachingPlatform\vendor\laminas\laminas-stratigility\src\Middleware\OriginalMessages.php(36): Laminas\Stratigility\Next->handle(Object(Laminas\Diactoros\ServerRequest))
#92 C:\laragon\www\teachingPlatform\vendor\laminas\laminas-stratigility\src\Next.php(49): Laminas\Stratigility\Middleware\OriginalMessages->process(Object(Laminas\Diactoros\ServerRequest), Object(Laminas\Stratigility\Next))
#93 C:\laragon\www\teachingPlatform\vendor\middlewares\base-path\src\BasePath.php(73): Laminas\Stratigility\Next->handle(Object(Laminas\Diactoros\ServerRequest))
#94 C:\laragon\www\teachingPlatform\vendor\laminas\laminas-stratigility\src\Next.php(49): Middlewares\BasePath->process(Object(Laminas\Diactoros\ServerRequest), Object(Laminas\Stratigility\Next))
#95 C:\laragon\www\teachingPlatform\vendor\flarum\core\src\Http\Middleware\ProcessIp.php(24): Laminas\Stratigility\Next->handle(Object(Laminas\Diactoros\ServerRequest))
#96 C:\laragon\www\teachingPlatform\vendor\laminas\laminas-stratigility\src\Next.php(49): Flarum\Http\Middleware\ProcessIp->process(Object(Laminas\Diactoros\ServerRequest), Object(Laminas\Stratigility\Next))
#97 C:\laragon\www\teachingPlatform\vendor\laminas\laminas-stratigility\src\MiddlewarePipe.php(75): Laminas\Stratigility\Next->handle(Object(Laminas\Diactoros\ServerRequest))
#98 C:\laragon\www\teachingPlatform\vendor\laminas\laminas-stratigility\src\MiddlewarePipe.php(64): Laminas\Stratigility\MiddlewarePipe->process(Object(Laminas\Diactoros\ServerRequest), Object(Laminas\Stratigility\EmptyPipelineHandler))
#99 C:\laragon\www\teachingPlatform\vendor\laminas\laminas-httphandlerrunner\src\RequestHandlerRunner.php(73): Laminas\Stratigility\MiddlewarePipe->handle(Object(Laminas\Diactoros\ServerRequest))
#100 C:\laragon\www\teachingPlatform\vendor\flarum\core\src\Http\Server.php(45): Laminas\HttpHandlerRunner\RequestHandlerRunner->run()
#101 C:\laragon\www\teachingPlatform\public\index.php(26): Flarum\Http\Server->listen()
#102 {main}  
[2023-11-09 09:13:08] flarum.ERROR: Swift_TransportException: Process could not be started [系統找不到指定的路徑。
] in C:\laragon\www\teachingPlatform\vendor\swiftmailer\swiftmailer\lib\classes\Swift\Transport\StreamBuffer.php:294
Stack trace:
#0 C:\laragon\www\teachingPlatform\vendor\swiftmailer\swiftmailer\lib\classes\Swift\Transport\StreamBuffer.php(54): Swift_Transport_StreamBuffer->establishProcessConnection()
#1 C:\laragon\www\teachingPlatform\vendor\swiftmailer\swiftmailer\lib\classes\Swift\Transport\AbstractSmtpTransport.php(143): Swift_Transport_StreamBuffer->initialize(Array)
#2 C:\laragon\www\teachingPlatform\vendor\swiftmailer\swiftmailer\lib\classes\Swift\Transport\SendmailTransport.php(50): Swift_Transport_AbstractSmtpTransport->start()
#3 C:\laragon\www\teachingPlatform\vendor\swiftmailer\swiftmailer\lib\classes\Swift\Mailer.php(65): Swift_Transport_SendmailTransport->start()
#4 C:\laragon\www\teachingPlatform\vendor\illuminate\mail\Mailer.php(521): Swift_Mailer->send(Object(Swift_Message), Array)
#5 C:\laragon\www\teachingPlatform\vendor\illuminate\mail\Mailer.php(288): Illuminate\Mail\Mailer->sendSwiftMessage(Object(Swift_Message))
#6 C:\laragon\www\teachingPlatform\vendor\illuminate\mail\Mailer.php(212): Illuminate\Mail\Mailer->send(NULL, Array, Object(Closure))
#7 C:\laragon\www\teachingPlatform\vendor\flarum\core\src\Api\Controller\SendTestMailController.php(43): Illuminate\Mail\Mailer->raw('admin\xEF\xBC\x8C\xE6\x82\xA8\xE5\xA5\xBD\xEF...', Object(Closure))
#8 C:\laragon\www\teachingPlatform\vendor\flarum\core\src\Http\RouteHandlerFactory.php(41): Flarum\Api\Controller\SendTestMailController->handle(Object(Laminas\Diactoros\ServerRequest))
#9 C:\laragon\www\teachingPlatform\vendor\flarum\core\src\Http\Middleware\ExecuteRoute.php(27): Flarum\Http\RouteHandlerFactory->Flarum\Http\{closure}(Object(Laminas\Diactoros\ServerRequest), Array)
#10 C:\laragon\www\teachingPlatform\vendor\laminas\laminas-stratigility\src\Next.php(49): Flarum\Http\Middleware\ExecuteRoute->process(Object(Laminas\Diactoros\ServerRequest), Object(Closure))
#11 C:\laragon\www\teachingPlatform\vendor\flarum\core\src\Api\Middleware\ThrottleApi.php(33): Laminas\Stratigility\Next->handle(Object(Laminas\Diactoros\ServerRequest))
#12 C:\laragon\www\teachingPlatform\vendor\laminas\laminas-stratigility\src\Next.php(49): Flarum\Api\Middleware\ThrottleApi->process(Object(Laminas\Diactoros\ServerRequest), Object(Laminas\Stratigility\Next))
#13 C:\laragon\www\teachingPlatform\vendor\flarum\core\src\Http\Middleware\CheckCsrfToken.php(44): Laminas\Stratigility\Next->handle(Object(Laminas\Diactoros\ServerRequest))
#14 C:\laragon\www\teachingPlatform\vendor\laminas\laminas-stratigility\src\Next.php(49): Flarum\Http\Middleware\CheckCsrfToken->process(Object(Laminas\Diactoros\ServerRequest), Object(Laminas\Stratigility\Next))
#15 C:\laragon\www\teachingPlatform\vendor\flarum\core\src\Http\Middleware\ResolveRoute.php(69): Laminas\Stratigility\Next->handle(Object(Laminas\Diactoros\ServerRequest))
#16 C:\laragon\www\teachingPlatform\vendor\laminas\laminas-stratigility\src\Next.php(49): Flarum\Http\Middleware\ResolveRoute->process(Object(Laminas\Diactoros\ServerRequest), Object(Laminas\Stratigility\Next))
#17 C:\laragon\www\teachingPlatform\vendor\flarum\core\src\Http\Middleware\SetLocale.php(51): Laminas\Stratigility\Next->handle(Object(Laminas\Diactoros\ServerRequest))
#18 C:\laragon\www\teachingPlatform\vendor\laminas\laminas-stratigility\src\Next.php(49): Flarum\Http\Middleware\SetLocale->process(Object(Laminas\Diactoros\ServerRequest), Object(Laminas\Stratigility\Next))
#19 C:\laragon\www\teachingPlatform\vendor\flarum\core\src\Http\Middleware\AuthenticateWithHeader.php(58): Laminas\Stratigility\Next->handle(Object(Laminas\Diactoros\ServerRequest))
#20 C:\laragon\www\teachingPlatform\vendor\laminas\laminas-stratigility\src\Next.php(49): Flarum\Http\Middleware\AuthenticateWithHeader->process(Object(Laminas\Diactoros\ServerRequest), Object(Laminas\Stratigility\Next))
#21 C:\laragon\www\teachingPlatform\vendor\flarum\core\src\Http\Middleware\AuthenticateWithSession.php(31): Laminas\Stratigility\Next->handle(Object(Laminas\Diactoros\ServerRequest))
#22 C:\laragon\www\teachingPlatform\vendor\laminas\laminas-stratigility\src\Next.php(49): Flarum\Http\Middleware\AuthenticateWithSession->process(Object(Laminas\Diactoros\ServerRequest), Object(Laminas\Stratigility\Next))
#23 C:\laragon\www\teachingPlatform\vendor\flarum\core\src\Http\Middleware\RememberFromCookie.php(52): Laminas\Stratigility\Next->handle(Object(Laminas\Diactoros\ServerRequest))
#24 C:\laragon\www\teachingPlatform\vendor\laminas\laminas-stratigility\src\Next.php(49): Flarum\Http\Middleware\RememberFromCookie->process(Object(Laminas\Diactoros\ServerRequest), Object(Laminas\Stratigility\Next))
#25 C:\laragon\www\teachingPlatform\vendor\flarum\core\src\Http\Middleware\StartSession.php(61): Laminas\Stratigility\Next->handle(Object(Laminas\Diactoros\ServerRequest))
#26 C:\laragon\www\teachingPlatform\vendor\laminas\laminas-stratigility\src\Next.php(49): Flarum\Http\Middleware\StartSession->process(Object(Laminas\Diactoros\ServerRequest), Object(Laminas\Stratigility\Next))
#27 C:\laragon\www\teachingPlatform\vendor\flarum\core\src\Api\Middleware\FakeHttpMethods.php(29): Laminas\Stratigility\Next->handle(Object(Laminas\Diactoros\ServerRequest))
#28 C:\laragon\www\teachingPlatform\vendor\laminas\laminas-stratigility\src\Next.php(49): Flarum\Api\Middleware\FakeHttpMethods->process(Object(Laminas\Diactoros\ServerRequest), Object(Laminas\Stratigility\Next))
#29 C:\laragon\www\teachingPlatform\vendor\flarum\core\src\Http\Middleware\ParseJsonBody.php(28): Laminas\Stratigility\Next->handle(Object(Laminas\Diactoros\ServerRequest))
#30 C:\laragon\www\teachingPlatform\vendor\laminas\laminas-stratigility\src\Next.php(49): Flarum\Http\Middleware\ParseJsonBody->process(Object(Laminas\Diactoros\ServerRequest), Object(Laminas\Stratigility\Next))
#31 C:\laragon\www\teachingPlatform\vendor\flarum\core\src\Http\Middleware\HandleErrors.php(57): Laminas\Stratigility\Next->handle(Object(Laminas\Diactoros\ServerRequest))
#32 C:\laragon\www\teachingPlatform\vendor\laminas\laminas-stratigility\src\Next.php(49): Flarum\Http\Middleware\HandleErrors->process(Object(Laminas\Diactoros\ServerRequest), Object(Laminas\Stratigility\Next))
#33 C:\laragon\www\teachingPlatform\vendor\flarum\core\src\Http\Middleware\InjectActorReference.php(25): Laminas\Stratigility\Next->handle(Object(Laminas\Diactoros\ServerRequest))
#34 C:\laragon\www\teachingPlatform\vendor\laminas\laminas-stratigility\src\Next.php(49): Flarum\Http\Middleware\InjectActorReference->process(Object(Laminas\Diactoros\ServerRequest), Object(Laminas\Stratigility\Next))
#35 C:\laragon\www\teachingPlatform\vendor\laminas\laminas-stratigility\src\MiddlewarePipe.php(75): Laminas\Stratigility\Next->handle(Object(Laminas\Diactoros\ServerRequest))
#36 C:\laragon\www\teachingPlatform\vendor\middlewares\request-handler\src\RequestHandler.php(84): Laminas\Stratigility\MiddlewarePipe->process(Object(Laminas\Diactoros\ServerRequest), Object(Laminas\Stratigility\Next))
#37 C:\laragon\www\teachingPlatform\vendor\laminas\laminas-stratigility\src\Next.php(49): Middlewares\RequestHandler->process(Object(Laminas\Diactoros\ServerRequest), Object(Laminas\Stratigility\Next))
#38 C:\laragon\www\teachingPlatform\vendor\middlewares\base-path-router\src\BasePathRouter.php(101): Laminas\Stratigility\Next->handle(Object(Laminas\Diactoros\ServerRequest))
#39 C:\laragon\www\teachingPlatform\vendor\laminas\laminas-stratigility\src\Next.php(49): Middlewares\BasePathRouter->process(Object(Laminas\Diactoros\ServerRequest), Object(Laminas\Stratigility\Next))
#40 C:\laragon\www\teachingPlatform\vendor\laminas\laminas-stratigility\src\Middleware\OriginalMessages.php(36): Laminas\Stratigility\Next->handle(Object(Laminas\Diactoros\ServerRequest))
#41 C:\laragon\www\teachingPlatform\vendor\laminas\laminas-stratigility\src\Next.php(49): Laminas\Stratigility\Middleware\OriginalMessages->process(Object(Laminas\Diactoros\ServerRequest), Object(Laminas\Stratigility\Next))
#42 C:\laragon\www\teachingPlatform\vendor\middlewares\base-path\src\BasePath.php(73): Laminas\Stratigility\Next->handle(Object(Laminas\Diactoros\ServerRequest))
#43 C:\laragon\www\teachingPlatform\vendor\laminas\laminas-stratigility\src\Next.php(49): Middlewares\BasePath->process(Object(Laminas\Diactoros\ServerRequest), Object(Laminas\Stratigility\Next))
#44 C:\laragon\www\teachingPlatform\vendor\flarum\core\src\Http\Middleware\ProcessIp.php(24): Laminas\Stratigility\Next->handle(Object(Laminas\Diactoros\ServerRequest))
#45 C:\laragon\www\teachingPlatform\vendor\laminas\laminas-stratigility\src\Next.php(49): Flarum\Http\Middleware\ProcessIp->process(Object(Laminas\Diactoros\ServerRequest), Object(Laminas\Stratigility\Next))
#46 C:\laragon\www\teachingPlatform\vendor\laminas\laminas-stratigility\src\MiddlewarePipe.php(75): Laminas\Stratigility\Next->handle(Object(Laminas\Diactoros\ServerRequest))
#47 C:\laragon\www\teachingPlatform\vendor\laminas\laminas-stratigility\src\MiddlewarePipe.php(64): Laminas\Stratigility\MiddlewarePipe->process(Object(Laminas\Diactoros\ServerRequest), Object(Laminas\Stratigility\EmptyPipelineHandler))
#48 C:\laragon\www\teachingPlatform\vendor\laminas\laminas-httphandlerrunner\src\RequestHandlerRunner.php(73): Laminas\Stratigility\MiddlewarePipe->handle(Object(Laminas\Diactoros\ServerRequest))
#49 C:\laragon\www\teachingPlatform\vendor\flarum\core\src\Http\Server.php(45): Laminas\HttpHandlerRunner\RequestHandlerRunner->run()
#50 C:\laragon\www\teachingPlatform\public\index.php(26): Flarum\Http\Server->listen()
#51 {main}  
[2023-11-09 09:13:31] flarum.ERROR: Swift_TransportException: Process could not be started [系統找不到指定的路徑。
] in C:\laragon\www\teachingPlatform\vendor\swiftmailer\swiftmailer\lib\classes\Swift\Transport\StreamBuffer.php:294
Stack trace:
#0 C:\laragon\www\teachingPlatform\vendor\swiftmailer\swiftmailer\lib\classes\Swift\Transport\StreamBuffer.php(54): Swift_Transport_StreamBuffer->establishProcessConnection()
#1 C:\laragon\www\teachingPlatform\vendor\swiftmailer\swiftmailer\lib\classes\Swift\Transport\AbstractSmtpTransport.php(143): Swift_Transport_StreamBuffer->initialize(Array)
#2 C:\laragon\www\teachingPlatform\vendor\swiftmailer\swiftmailer\lib\classes\Swift\Transport\SendmailTransport.php(50): Swift_Transport_AbstractSmtpTransport->start()
#3 C:\laragon\www\teachingPlatform\vendor\swiftmailer\swiftmailer\lib\classes\Swift\Mailer.php(65): Swift_Transport_SendmailTransport->start()
#4 C:\laragon\www\teachingPlatform\vendor\illuminate\mail\Mailer.php(521): Swift_Mailer->send(Object(Swift_Message), Array)
#5 C:\laragon\www\teachingPlatform\vendor\illuminate\mail\Mailer.php(288): Illuminate\Mail\Mailer->sendSwiftMessage(Object(Swift_Message))
#6 C:\laragon\www\teachingPlatform\vendor\illuminate\mail\Mailer.php(212): Illuminate\Mail\Mailer->send(NULL, Array, Object(Closure))
#7 C:\laragon\www\teachingPlatform\vendor\flarum\core\src\Api\Controller\SendTestMailController.php(43): Illuminate\Mail\Mailer->raw('admin\xEF\xBC\x8C\xE6\x82\xA8\xE5\xA5\xBD\xEF...', Object(Closure))
#8 C:\laragon\www\teachingPlatform\vendor\flarum\core\src\Http\RouteHandlerFactory.php(41): Flarum\Api\Controller\SendTestMailController->handle(Object(Laminas\Diactoros\ServerRequest))
#9 C:\laragon\www\teachingPlatform\vendor\flarum\core\src\Http\Middleware\ExecuteRoute.php(27): Flarum\Http\RouteHandlerFactory->Flarum\Http\{closure}(Object(Laminas\Diactoros\ServerRequest), Array)
#10 C:\laragon\www\teachingPlatform\vendor\laminas\laminas-stratigility\src\Next.php(49): Flarum\Http\Middleware\ExecuteRoute->process(Object(Laminas\Diactoros\ServerRequest), Object(Closure))
#11 C:\laragon\www\teachingPlatform\vendor\flarum\core\src\Api\Middleware\ThrottleApi.php(33): Laminas\Stratigility\Next->handle(Object(Laminas\Diactoros\ServerRequest))
#12 C:\laragon\www\teachingPlatform\vendor\laminas\laminas-stratigility\src\Next.php(49): Flarum\Api\Middleware\ThrottleApi->process(Object(Laminas\Diactoros\ServerRequest), Object(Laminas\Stratigility\Next))
#13 C:\laragon\www\teachingPlatform\vendor\flarum\core\src\Http\Middleware\CheckCsrfToken.php(44): Laminas\Stratigility\Next->handle(Object(Laminas\Diactoros\ServerRequest))
#14 C:\laragon\www\teachingPlatform\vendor\laminas\laminas-stratigility\src\Next.php(49): Flarum\Http\Middleware\CheckCsrfToken->process(Object(Laminas\Diactoros\ServerRequest), Object(Laminas\Stratigility\Next))
#15 C:\laragon\www\teachingPlatform\vendor\flarum\core\src\Http\Middleware\ResolveRoute.php(69): Laminas\Stratigility\Next->handle(Object(Laminas\Diactoros\ServerRequest))
#16 C:\laragon\www\teachingPlatform\vendor\laminas\laminas-stratigility\src\Next.php(49): Flarum\Http\Middleware\ResolveRoute->process(Object(Laminas\Diactoros\ServerRequest), Object(Laminas\Stratigility\Next))
#17 C:\laragon\www\teachingPlatform\vendor\flarum\core\src\Http\Middleware\SetLocale.php(51): Laminas\Stratigility\Next->handle(Object(Laminas\Diactoros\ServerRequest))
#18 C:\laragon\www\teachingPlatform\vendor\laminas\laminas-stratigility\src\Next.php(49): Flarum\Http\Middleware\SetLocale->process(Object(Laminas\Diactoros\ServerRequest), Object(Laminas\Stratigility\Next))
#19 C:\laragon\www\teachingPlatform\vendor\flarum\core\src\Http\Middleware\AuthenticateWithHeader.php(58): Laminas\Stratigility\Next->handle(Object(Laminas\Diactoros\ServerRequest))
#20 C:\laragon\www\teachingPlatform\vendor\laminas\laminas-stratigility\src\Next.php(49): Flarum\Http\Middleware\AuthenticateWithHeader->process(Object(Laminas\Diactoros\ServerRequest), Object(Laminas\Stratigility\Next))
#21 C:\laragon\www\teachingPlatform\vendor\flarum\core\src\Http\Middleware\AuthenticateWithSession.php(31): Laminas\Stratigility\Next->handle(Object(Laminas\Diactoros\ServerRequest))
#22 C:\laragon\www\teachingPlatform\vendor\laminas\laminas-stratigility\src\Next.php(49): Flarum\Http\Middleware\AuthenticateWithSession->process(Object(Laminas\Diactoros\ServerRequest), Object(Laminas\Stratigility\Next))
#23 C:\laragon\www\teachingPlatform\vendor\flarum\core\src\Http\Middleware\RememberFromCookie.php(52): Laminas\Stratigility\Next->handle(Object(Laminas\Diactoros\ServerRequest))
#24 C:\laragon\www\teachingPlatform\vendor\laminas\laminas-stratigility\src\Next.php(49): Flarum\Http\Middleware\RememberFromCookie->process(Object(Laminas\Diactoros\ServerRequest), Object(Laminas\Stratigility\Next))
#25 C:\laragon\www\teachingPlatform\vendor\flarum\core\src\Http\Middleware\StartSession.php(61): Laminas\Stratigility\Next->handle(Object(Laminas\Diactoros\ServerRequest))
#26 C:\laragon\www\teachingPlatform\vendor\laminas\laminas-stratigility\src\Next.php(49): Flarum\Http\Middleware\StartSession->process(Object(Laminas\Diactoros\ServerRequest), Object(Laminas\Stratigility\Next))
#27 C:\laragon\www\teachingPlatform\vendor\flarum\core\src\Api\Middleware\FakeHttpMethods.php(29): Laminas\Stratigility\Next->handle(Object(Laminas\Diactoros\ServerRequest))
#28 C:\laragon\www\teachingPlatform\vendor\laminas\laminas-stratigility\src\Next.php(49): Flarum\Api\Middleware\FakeHttpMethods->process(Object(Laminas\Diactoros\ServerRequest), Object(Laminas\Stratigility\Next))
#29 C:\laragon\www\teachingPlatform\vendor\flarum\core\src\Http\Middleware\ParseJsonBody.php(28): Laminas\Stratigility\Next->handle(Object(Laminas\Diactoros\ServerRequest))
#30 C:\laragon\www\teachingPlatform\vendor\laminas\laminas-stratigility\src\Next.php(49): Flarum\Http\Middleware\ParseJsonBody->process(Object(Laminas\Diactoros\ServerRequest), Object(Laminas\Stratigility\Next))
#31 C:\laragon\www\teachingPlatform\vendor\flarum\core\src\Http\Middleware\HandleErrors.php(57): Laminas\Stratigility\Next->handle(Object(Laminas\Diactoros\ServerRequest))
#32 C:\laragon\www\teachingPlatform\vendor\laminas\laminas-stratigility\src\Next.php(49): Flarum\Http\Middleware\HandleErrors->process(Object(Laminas\Diactoros\ServerRequest), Object(Laminas\Stratigility\Next))
#33 C:\laragon\www\teachingPlatform\vendor\flarum\core\src\Http\Middleware\InjectActorReference.php(25): Laminas\Stratigility\Next->handle(Object(Laminas\Diactoros\ServerRequest))
#34 C:\laragon\www\teachingPlatform\vendor\laminas\laminas-stratigility\src\Next.php(49): Flarum\Http\Middleware\InjectActorReference->process(Object(Laminas\Diactoros\ServerRequest), Object(Laminas\Stratigility\Next))
#35 C:\laragon\www\teachingPlatform\vendor\laminas\laminas-stratigility\src\MiddlewarePipe.php(75): Laminas\Stratigility\Next->handle(Object(Laminas\Diactoros\ServerRequest))
#36 C:\laragon\www\teachingPlatform\vendor\middlewares\request-handler\src\RequestHandler.php(84): Laminas\Stratigility\MiddlewarePipe->process(Object(Laminas\Diactoros\ServerRequest), Object(Laminas\Stratigility\Next))
#37 C:\laragon\www\teachingPlatform\vendor\laminas\laminas-stratigility\src\Next.php(49): Middlewares\RequestHandler->process(Object(Laminas\Diactoros\ServerRequest), Object(Laminas\Stratigility\Next))
#38 C:\laragon\www\teachingPlatform\vendor\middlewares\base-path-router\src\BasePathRouter.php(101): Laminas\Stratigility\Next->handle(Object(Laminas\Diactoros\ServerRequest))
#39 C:\laragon\www\teachingPlatform\vendor\laminas\laminas-stratigility\src\Next.php(49): Middlewares\BasePathRouter->process(Object(Laminas\Diactoros\ServerRequest), Object(Laminas\Stratigility\Next))
#40 C:\laragon\www\teachingPlatform\vendor\laminas\laminas-stratigility\src\Middleware\OriginalMessages.php(36): Laminas\Stratigility\Next->handle(Object(Laminas\Diactoros\ServerRequest))
#41 C:\laragon\www\teachingPlatform\vendor\laminas\laminas-stratigility\src\Next.php(49): Laminas\Stratigility\Middleware\OriginalMessages->process(Object(Laminas\Diactoros\ServerRequest), Object(Laminas\Stratigility\Next))
#42 C:\laragon\www\teachingPlatform\vendor\middlewares\base-path\src\BasePath.php(73): Laminas\Stratigility\Next->handle(Object(Laminas\Diactoros\ServerRequest))
#43 C:\laragon\www\teachingPlatform\vendor\laminas\laminas-stratigility\src\Next.php(49): Middlewares\BasePath->process(Object(Laminas\Diactoros\ServerRequest), Object(Laminas\Stratigility\Next))
#44 C:\laragon\www\teachingPlatform\vendor\flarum\core\src\Http\Middleware\ProcessIp.php(24): Laminas\Stratigility\Next->handle(Object(Laminas\Diactoros\ServerRequest))
#45 C:\laragon\www\teachingPlatform\vendor\laminas\laminas-stratigility\src\Next.php(49): Flarum\Http\Middleware\ProcessIp->process(Object(Laminas\Diactoros\ServerRequest), Object(Laminas\Stratigility\Next))
#46 C:\laragon\www\teachingPlatform\vendor\laminas\laminas-stratigility\src\MiddlewarePipe.php(75): Laminas\Stratigility\Next->handle(Object(Laminas\Diactoros\ServerRequest))
#47 C:\laragon\www\teachingPlatform\vendor\laminas\laminas-stratigility\src\MiddlewarePipe.php(64): Laminas\Stratigility\MiddlewarePipe->process(Object(Laminas\Diactoros\ServerRequest), Object(Laminas\Stratigility\EmptyPipelineHandler))
#48 C:\laragon\www\teachingPlatform\vendor\laminas\laminas-httphandlerrunner\src\RequestHandlerRunner.php(73): Laminas\Stratigility\MiddlewarePipe->handle(Object(Laminas\Diactoros\ServerRequest))
#49 C:\laragon\www\teachingPlatform\vendor\flarum\core\src\Http\Server.php(45): Laminas\HttpHandlerRunner\RequestHandlerRunner->run()
#50 C:\laragon\www\teachingPlatform\public\index.php(26): Flarum\Http\Server->listen()
#51 {main}  
[2023-11-09 09:13:55] flarum.ERROR: Swift_TransportException: Process could not be started [系統找不到指定的路徑。
] in C:\laragon\www\teachingPlatform\vendor\swiftmailer\swiftmailer\lib\classes\Swift\Transport\StreamBuffer.php:294
Stack trace:
#0 C:\laragon\www\teachingPlatform\vendor\swiftmailer\swiftmailer\lib\classes\Swift\Transport\StreamBuffer.php(54): Swift_Transport_StreamBuffer->establishProcessConnection()
#1 C:\laragon\www\teachingPlatform\vendor\swiftmailer\swiftmailer\lib\classes\Swift\Transport\AbstractSmtpTransport.php(143): Swift_Transport_StreamBuffer->initialize(Array)
#2 C:\laragon\www\teachingPlatform\vendor\swiftmailer\swiftmailer\lib\classes\Swift\Transport\SendmailTransport.php(50): Swift_Transport_AbstractSmtpTransport->start()
#3 C:\laragon\www\teachingPlatform\vendor\swiftmailer\swiftmailer\lib\classes\Swift\Mailer.php(65): Swift_Transport_SendmailTransport->start()
#4 C:\laragon\www\teachingPlatform\vendor\illuminate\mail\Mailer.php(521): Swift_Mailer->send(Object(Swift_Message), Array)
#5 C:\laragon\www\teachingPlatform\vendor\illuminate\mail\Mailer.php(288): Illuminate\Mail\Mailer->sendSwiftMessage(Object(Swift_Message))
#6 C:\laragon\www\teachingPlatform\vendor\illuminate\mail\Mailer.php(212): Illuminate\Mail\Mailer->send(NULL, Array, Object(Closure))
#7 C:\laragon\www\teachingPlatform\vendor\flarum\core\src\Api\Controller\SendTestMailController.php(43): Illuminate\Mail\Mailer->raw('admin\xEF\xBC\x8C\xE6\x82\xA8\xE5\xA5\xBD\xEF...', Object(Closure))
#8 C:\laragon\www\teachingPlatform\vendor\flarum\core\src\Http\RouteHandlerFactory.php(41): Flarum\Api\Controller\SendTestMailController->handle(Object(Laminas\Diactoros\ServerRequest))
#9 C:\laragon\www\teachingPlatform\vendor\flarum\core\src\Http\Middleware\ExecuteRoute.php(27): Flarum\Http\RouteHandlerFactory->Flarum\Http\{closure}(Object(Laminas\Diactoros\ServerRequest), Array)
#10 C:\laragon\www\teachingPlatform\vendor\laminas\laminas-stratigility\src\Next.php(49): Flarum\Http\Middleware\ExecuteRoute->process(Object(Laminas\Diactoros\ServerRequest), Object(Closure))
#11 C:\laragon\www\teachingPlatform\vendor\flarum\core\src\Api\Middleware\ThrottleApi.php(33): Laminas\Stratigility\Next->handle(Object(Laminas\Diactoros\ServerRequest))
#12 C:\laragon\www\teachingPlatform\vendor\laminas\laminas-stratigility\src\Next.php(49): Flarum\Api\Middleware\ThrottleApi->process(Object(Laminas\Diactoros\ServerRequest), Object(Laminas\Stratigility\Next))
#13 C:\laragon\www\teachingPlatform\vendor\flarum\core\src\Http\Middleware\CheckCsrfToken.php(44): Laminas\Stratigility\Next->handle(Object(Laminas\Diactoros\ServerRequest))
#14 C:\laragon\www\teachingPlatform\vendor\laminas\laminas-stratigility\src\Next.php(49): Flarum\Http\Middleware\CheckCsrfToken->process(Object(Laminas\Diactoros\ServerRequest), Object(Laminas\Stratigility\Next))
#15 C:\laragon\www\teachingPlatform\vendor\flarum\core\src\Http\Middleware\ResolveRoute.php(69): Laminas\Stratigility\Next->handle(Object(Laminas\Diactoros\ServerRequest))
#16 C:\laragon\www\teachingPlatform\vendor\laminas\laminas-stratigility\src\Next.php(49): Flarum\Http\Middleware\ResolveRoute->process(Object(Laminas\Diactoros\ServerRequest), Object(Laminas\Stratigility\Next))
#17 C:\laragon\www\teachingPlatform\vendor\flarum\core\src\Http\Middleware\SetLocale.php(51): Laminas\Stratigility\Next->handle(Object(Laminas\Diactoros\ServerRequest))
#18 C:\laragon\www\teachingPlatform\vendor\laminas\laminas-stratigility\src\Next.php(49): Flarum\Http\Middleware\SetLocale->process(Object(Laminas\Diactoros\ServerRequest), Object(Laminas\Stratigility\Next))
#19 C:\laragon\www\teachingPlatform\vendor\flarum\core\src\Http\Middleware\AuthenticateWithHeader.php(58): Laminas\Stratigility\Next->handle(Object(Laminas\Diactoros\ServerRequest))
#20 C:\laragon\www\teachingPlatform\vendor\laminas\laminas-stratigility\src\Next.php(49): Flarum\Http\Middleware\AuthenticateWithHeader->process(Object(Laminas\Diactoros\ServerRequest), Object(Laminas\Stratigility\Next))
#21 C:\laragon\www\teachingPlatform\vendor\flarum\core\src\Http\Middleware\AuthenticateWithSession.php(31): Laminas\Stratigility\Next->handle(Object(Laminas\Diactoros\ServerRequest))
#22 C:\laragon\www\teachingPlatform\vendor\laminas\laminas-stratigility\src\Next.php(49): Flarum\Http\Middleware\AuthenticateWithSession->process(Object(Laminas\Diactoros\ServerRequest), Object(Laminas\Stratigility\Next))
#23 C:\laragon\www\teachingPlatform\vendor\flarum\core\src\Http\Middleware\RememberFromCookie.php(52): Laminas\Stratigility\Next->handle(Object(Laminas\Diactoros\ServerRequest))
#24 C:\laragon\www\teachingPlatform\vendor\laminas\laminas-stratigility\src\Next.php(49): Flarum\Http\Middleware\RememberFromCookie->process(Object(Laminas\Diactoros\ServerRequest), Object(Laminas\Stratigility\Next))
#25 C:\laragon\www\teachingPlatform\vendor\flarum\core\src\Http\Middleware\StartSession.php(61): Laminas\Stratigility\Next->handle(Object(Laminas\Diactoros\ServerRequest))
#26 C:\laragon\www\teachingPlatform\vendor\laminas\laminas-stratigility\src\Next.php(49): Flarum\Http\Middleware\StartSession->process(Object(Laminas\Diactoros\ServerRequest), Object(Laminas\Stratigility\Next))
#27 C:\laragon\www\teachingPlatform\vendor\flarum\core\src\Api\Middleware\FakeHttpMethods.php(29): Laminas\Stratigility\Next->handle(Object(Laminas\Diactoros\ServerRequest))
#28 C:\laragon\www\teachingPlatform\vendor\laminas\laminas-stratigility\src\Next.php(49): Flarum\Api\Middleware\FakeHttpMethods->process(Object(Laminas\Diactoros\ServerRequest), Object(Laminas\Stratigility\Next))
#29 C:\laragon\www\teachingPlatform\vendor\flarum\core\src\Http\Middleware\ParseJsonBody.php(28): Laminas\Stratigility\Next->handle(Object(Laminas\Diactoros\ServerRequest))
#30 C:\laragon\www\teachingPlatform\vendor\laminas\laminas-stratigility\src\Next.php(49): Flarum\Http\Middleware\ParseJsonBody->process(Object(Laminas\Diactoros\ServerRequest), Object(Laminas\Stratigility\Next))
#31 C:\laragon\www\teachingPlatform\vendor\flarum\core\src\Http\Middleware\HandleErrors.php(57): Laminas\Stratigility\Next->handle(Object(Laminas\Diactoros\ServerRequest))
#32 C:\laragon\www\teachingPlatform\vendor\laminas\laminas-stratigility\src\Next.php(49): Flarum\Http\Middleware\HandleErrors->process(Object(Laminas\Diactoros\ServerRequest), Object(Laminas\Stratigility\Next))
#33 C:\laragon\www\teachingPlatform\vendor\flarum\core\src\Http\Middleware\InjectActorReference.php(25): Laminas\Stratigility\Next->handle(Object(Laminas\Diactoros\ServerRequest))
#34 C:\laragon\www\teachingPlatform\vendor\laminas\laminas-stratigility\src\Next.php(49): Flarum\Http\Middleware\InjectActorReference->process(Object(Laminas\Diactoros\ServerRequest), Object(Laminas\Stratigility\Next))
#35 C:\laragon\www\teachingPlatform\vendor\laminas\laminas-stratigility\src\MiddlewarePipe.php(75): Laminas\Stratigility\Next->handle(Object(Laminas\Diactoros\ServerRequest))
#36 C:\laragon\www\teachingPlatform\vendor\middlewares\request-handler\src\RequestHandler.php(84): Laminas\Stratigility\MiddlewarePipe->process(Object(Laminas\Diactoros\ServerRequest), Object(Laminas\Stratigility\Next))
#37 C:\laragon\www\teachingPlatform\vendor\laminas\laminas-stratigility\src\Next.php(49): Middlewares\RequestHandler->process(Object(Laminas\Diactoros\ServerRequest), Object(Laminas\Stratigility\Next))
#38 C:\laragon\www\teachingPlatform\vendor\middlewares\base-path-router\src\BasePathRouter.php(101): Laminas\Stratigility\Next->handle(Object(Laminas\Diactoros\ServerRequest))
#39 C:\laragon\www\teachingPlatform\vendor\laminas\laminas-stratigility\src\Next.php(49): Middlewares\BasePathRouter->process(Object(Laminas\Diactoros\ServerRequest), Object(Laminas\Stratigility\Next))
#40 C:\laragon\www\teachingPlatform\vendor\laminas\laminas-stratigility\src\Middleware\OriginalMessages.php(36): Laminas\Stratigility\Next->handle(Object(Laminas\Diactoros\ServerRequest))
#41 C:\laragon\www\teachingPlatform\vendor\laminas\laminas-stratigility\src\Next.php(49): Laminas\Stratigility\Middleware\OriginalMessages->process(Object(Laminas\Diactoros\ServerRequest), Object(Laminas\Stratigility\Next))
#42 C:\laragon\www\teachingPlatform\vendor\middlewares\base-path\src\BasePath.php(73): Laminas\Stratigility\Next->handle(Object(Laminas\Diactoros\ServerRequest))
#43 C:\laragon\www\teachingPlatform\vendor\laminas\laminas-stratigility\src\Next.php(49): Middlewares\BasePath->process(Object(Laminas\Diactoros\ServerRequest), Object(Laminas\Stratigility\Next))
#44 C:\laragon\www\teachingPlatform\vendor\flarum\core\src\Http\Middleware\ProcessIp.php(24): Laminas\Stratigility\Next->handle(Object(Laminas\Diactoros\ServerRequest))
#45 C:\laragon\www\teachingPlatform\vendor\laminas\laminas-stratigility\src\Next.php(49): Flarum\Http\Middleware\ProcessIp->process(Object(Laminas\Diactoros\ServerRequest), Object(Laminas\Stratigility\Next))
#46 C:\laragon\www\teachingPlatform\vendor\laminas\laminas-stratigility\src\MiddlewarePipe.php(75): Laminas\Stratigility\Next->handle(Object(Laminas\Diactoros\ServerRequest))
#47 C:\laragon\www\teachingPlatform\vendor\laminas\laminas-stratigility\src\MiddlewarePipe.php(64): Laminas\Stratigility\MiddlewarePipe->process(Object(Laminas\Diactoros\ServerRequest), Object(Laminas\Stratigility\EmptyPipelineHandler))
#48 C:\laragon\www\teachingPlatform\vendor\laminas\laminas-httphandlerrunner\src\RequestHandlerRunner.php(73): Laminas\Stratigility\MiddlewarePipe->handle(Object(Laminas\Diactoros\ServerRequest))
#49 C:\laragon\www\teachingPlatform\vendor\flarum\core\src\Http\Server.php(45): Laminas\HttpHandlerRunner\RequestHandlerRunner->run()
#50 C:\laragon\www\teachingPlatform\public\index.php(26): Flarum\Http\Server->listen()
#51 {main}  
[2023-11-09 09:19:49] flarum.ERROR: Swift_TransportException: Failed to authenticate on SMTP server with username "schoollab403@gmail.com" using 3 possible authenticators. Authenticator LOGIN returned Expected response code 235 but got code "535", with message "535-5.7.8 Username and Password not accepted. Learn more at
535 5.7.8  https://support.google.com/mail/?p=BadCredentials y11-20020a62f24b000000b0066a4e561beesm10480707pfl.173 - gsmtp
". Authenticator PLAIN returned Expected response code 235 but got code "535", with message "535-5.7.8 Username and Password not accepted. Learn more at
535 5.7.8  https://support.google.com/mail/?p=BadCredentials y11-20020a62f24b000000b0066a4e561beesm10480707pfl.173 - gsmtp
". Authenticator XOAUTH2 returned Expected response code 250 but got code "535", with message "535-5.7.8 Username and Password not accepted. Learn more at
535 5.7.8  https://support.google.com/mail/?p=BadCredentials y11-20020a62f24b000000b0066a4e561beesm10480707pfl.173 - gsmtp
". in C:\laragon\www\teachingPlatform\vendor\swiftmailer\swiftmailer\lib\classes\Swift\Transport\Esmtp\AuthHandler.php:191
Stack trace:
#0 C:\laragon\www\teachingPlatform\vendor\swiftmailer\swiftmailer\lib\classes\Swift\Transport\EsmtpTransport.php(371): Swift_Transport_Esmtp_AuthHandler->afterEhlo(Object(Swift_SmtpTransport))
#1 C:\laragon\www\teachingPlatform\vendor\swiftmailer\swiftmailer\lib\classes\Swift\Transport\AbstractSmtpTransport.php(148): Swift_Transport_EsmtpTransport->doHeloCommand()
#2 C:\laragon\www\teachingPlatform\vendor\swiftmailer\swiftmailer\lib\classes\Swift\Mailer.php(65): Swift_Transport_AbstractSmtpTransport->start()
#3 C:\laragon\www\teachingPlatform\vendor\illuminate\mail\Mailer.php(521): Swift_Mailer->send(Object(Swift_Message), Array)
#4 C:\laragon\www\teachingPlatform\vendor\illuminate\mail\Mailer.php(288): Illuminate\Mail\Mailer->sendSwiftMessage(Object(Swift_Message))
#5 C:\laragon\www\teachingPlatform\vendor\illuminate\mail\Mailer.php(212): Illuminate\Mail\Mailer->send(NULL, Array, Object(Closure))
#6 C:\laragon\www\teachingPlatform\vendor\flarum\core\src\Api\Controller\SendTestMailController.php(43): Illuminate\Mail\Mailer->raw('admin\xEF\xBC\x8C\xE6\x82\xA8\xE5\xA5\xBD\xEF...', Object(Closure))
#7 C:\laragon\www\teachingPlatform\vendor\flarum\core\src\Http\RouteHandlerFactory.php(41): Flarum\Api\Controller\SendTestMailController->handle(Object(Laminas\Diactoros\ServerRequest))
#8 C:\laragon\www\teachingPlatform\vendor\flarum\core\src\Http\Middleware\ExecuteRoute.php(27): Flarum\Http\RouteHandlerFactory->Flarum\Http\{closure}(Object(Laminas\Diactoros\ServerRequest), Array)
#9 C:\laragon\www\teachingPlatform\vendor\laminas\laminas-stratigility\src\Next.php(49): Flarum\Http\Middleware\ExecuteRoute->process(Object(Laminas\Diactoros\ServerRequest), Object(Closure))
#10 C:\laragon\www\teachingPlatform\vendor\flarum\core\src\Api\Middleware\ThrottleApi.php(33): Laminas\Stratigility\Next->handle(Object(Laminas\Diactoros\ServerRequest))
#11 C:\laragon\www\teachingPlatform\vendor\laminas\laminas-stratigility\src\Next.php(49): Flarum\Api\Middleware\ThrottleApi->process(Object(Laminas\Diactoros\ServerRequest), Object(Laminas\Stratigility\Next))
#12 C:\laragon\www\teachingPlatform\vendor\flarum\core\src\Http\Middleware\CheckCsrfToken.php(44): Laminas\Stratigility\Next->handle(Object(Laminas\Diactoros\ServerRequest))
#13 C:\laragon\www\teachingPlatform\vendor\laminas\laminas-stratigility\src\Next.php(49): Flarum\Http\Middleware\CheckCsrfToken->process(Object(Laminas\Diactoros\ServerRequest), Object(Laminas\Stratigility\Next))
#14 C:\laragon\www\teachingPlatform\vendor\flarum\core\src\Http\Middleware\ResolveRoute.php(69): Laminas\Stratigility\Next->handle(Object(Laminas\Diactoros\ServerRequest))
#15 C:\laragon\www\teachingPlatform\vendor\laminas\laminas-stratigility\src\Next.php(49): Flarum\Http\Middleware\ResolveRoute->process(Object(Laminas\Diactoros\ServerRequest), Object(Laminas\Stratigility\Next))
#16 C:\laragon\www\teachingPlatform\vendor\flarum\core\src\Http\Middleware\SetLocale.php(51): Laminas\Stratigility\Next->handle(Object(Laminas\Diactoros\ServerRequest))
#17 C:\laragon\www\teachingPlatform\vendor\laminas\laminas-stratigility\src\Next.php(49): Flarum\Http\Middleware\SetLocale->process(Object(Laminas\Diactoros\ServerRequest), Object(Laminas\Stratigility\Next))
#18 C:\laragon\www\teachingPlatform\vendor\flarum\core\src\Http\Middleware\AuthenticateWithHeader.php(58): Laminas\Stratigility\Next->handle(Object(Laminas\Diactoros\ServerRequest))
#19 C:\laragon\www\teachingPlatform\vendor\laminas\laminas-stratigility\src\Next.php(49): Flarum\Http\Middleware\AuthenticateWithHeader->process(Object(Laminas\Diactoros\ServerRequest), Object(Laminas\Stratigility\Next))
#20 C:\laragon\www\teachingPlatform\vendor\flarum\core\src\Http\Middleware\AuthenticateWithSession.php(31): Laminas\Stratigility\Next->handle(Object(Laminas\Diactoros\ServerRequest))
#21 C:\laragon\www\teachingPlatform\vendor\laminas\laminas-stratigility\src\Next.php(49): Flarum\Http\Middleware\AuthenticateWithSession->process(Object(Laminas\Diactoros\ServerRequest), Object(Laminas\Stratigility\Next))
#22 C:\laragon\www\teachingPlatform\vendor\flarum\core\src\Http\Middleware\RememberFromCookie.php(52): Laminas\Stratigility\Next->handle(Object(Laminas\Diactoros\ServerRequest))
#23 C:\laragon\www\teachingPlatform\vendor\laminas\laminas-stratigility\src\Next.php(49): Flarum\Http\Middleware\RememberFromCookie->process(Object(Laminas\Diactoros\ServerRequest), Object(Laminas\Stratigility\Next))
#24 C:\laragon\www\teachingPlatform\vendor\flarum\core\src\Http\Middleware\StartSession.php(61): Laminas\Stratigility\Next->handle(Object(Laminas\Diactoros\ServerRequest))
#25 C:\laragon\www\teachingPlatform\vendor\laminas\laminas-stratigility\src\Next.php(49): Flarum\Http\Middleware\StartSession->process(Object(Laminas\Diactoros\ServerRequest), Object(Laminas\Stratigility\Next))
#26 C:\laragon\www\teachingPlatform\vendor\flarum\core\src\Api\Middleware\FakeHttpMethods.php(29): Laminas\Stratigility\Next->handle(Object(Laminas\Diactoros\ServerRequest))
#27 C:\laragon\www\teachingPlatform\vendor\laminas\laminas-stratigility\src\Next.php(49): Flarum\Api\Middleware\FakeHttpMethods->process(Object(Laminas\Diactoros\ServerRequest), Object(Laminas\Stratigility\Next))
#28 C:\laragon\www\teachingPlatform\vendor\flarum\core\src\Http\Middleware\ParseJsonBody.php(28): Laminas\Stratigility\Next->handle(Object(Laminas\Diactoros\ServerRequest))
#29 C:\laragon\www\teachingPlatform\vendor\laminas\laminas-stratigility\src\Next.php(49): Flarum\Http\Middleware\ParseJsonBody->process(Object(Laminas\Diactoros\ServerRequest), Object(Laminas\Stratigility\Next))
#30 C:\laragon\www\teachingPlatform\vendor\flarum\core\src\Http\Middleware\HandleErrors.php(57): Laminas\Stratigility\Next->handle(Object(Laminas\Diactoros\ServerRequest))
#31 C:\laragon\www\teachingPlatform\vendor\laminas\laminas-stratigility\src\Next.php(49): Flarum\Http\Middleware\HandleErrors->process(Object(Laminas\Diactoros\ServerRequest), Object(Laminas\Stratigility\Next))
#32 C:\laragon\www\teachingPlatform\vendor\flarum\core\src\Http\Middleware\InjectActorReference.php(25): Laminas\Stratigility\Next->handle(Object(Laminas\Diactoros\ServerRequest))
#33 C:\laragon\www\teachingPlatform\vendor\laminas\laminas-stratigility\src\Next.php(49): Flarum\Http\Middleware\InjectActorReference->process(Object(Laminas\Diactoros\ServerRequest), Object(Laminas\Stratigility\Next))
#34 C:\laragon\www\teachingPlatform\vendor\laminas\laminas-stratigility\src\MiddlewarePipe.php(75): Laminas\Stratigility\Next->handle(Object(Laminas\Diactoros\ServerRequest))
#35 C:\laragon\www\teachingPlatform\vendor\middlewares\request-handler\src\RequestHandler.php(84): Laminas\Stratigility\MiddlewarePipe->process(Object(Laminas\Diactoros\ServerRequest), Object(Laminas\Stratigility\Next))
#36 C:\laragon\www\teachingPlatform\vendor\laminas\laminas-stratigility\src\Next.php(49): Middlewares\RequestHandler->process(Object(Laminas\Diactoros\ServerRequest), Object(Laminas\Stratigility\Next))
#37 C:\laragon\www\teachingPlatform\vendor\middlewares\base-path-router\src\BasePathRouter.php(101): Laminas\Stratigility\Next->handle(Object(Laminas\Diactoros\ServerRequest))
#38 C:\laragon\www\teachingPlatform\vendor\laminas\laminas-stratigility\src\Next.php(49): Middlewares\BasePathRouter->process(Object(Laminas\Diactoros\ServerRequest), Object(Laminas\Stratigility\Next))
#39 C:\laragon\www\teachingPlatform\vendor\laminas\laminas-stratigility\src\Middleware\OriginalMessages.php(36): Laminas\Stratigility\Next->handle(Object(Laminas\Diactoros\ServerRequest))
#40 C:\laragon\www\teachingPlatform\vendor\laminas\laminas-stratigility\src\Next.php(49): Laminas\Stratigility\Middleware\OriginalMessages->process(Object(Laminas\Diactoros\ServerRequest), Object(Laminas\Stratigility\Next))
#41 C:\laragon\www\teachingPlatform\vendor\middlewares\base-path\src\BasePath.php(73): Laminas\Stratigility\Next->handle(Object(Laminas\Diactoros\ServerRequest))
#42 C:\laragon\www\teachingPlatform\vendor\laminas\laminas-stratigility\src\Next.php(49): Middlewares\BasePath->process(Object(Laminas\Diactoros\ServerRequest), Object(Laminas\Stratigility\Next))
#43 C:\laragon\www\teachingPlatform\vendor\flarum\core\src\Http\Middleware\ProcessIp.php(24): Laminas\Stratigility\Next->handle(Object(Laminas\Diactoros\ServerRequest))
#44 C:\laragon\www\teachingPlatform\vendor\laminas\laminas-stratigility\src\Next.php(49): Flarum\Http\Middleware\ProcessIp->process(Object(Laminas\Diactoros\ServerRequest), Object(Laminas\Stratigility\Next))
#45 C:\laragon\www\teachingPlatform\vendor\laminas\laminas-stratigility\src\MiddlewarePipe.php(75): Laminas\Stratigility\Next->handle(Object(Laminas\Diactoros\ServerRequest))
#46 C:\laragon\www\teachingPlatform\vendor\laminas\laminas-stratigility\src\MiddlewarePipe.php(64): Laminas\Stratigility\MiddlewarePipe->process(Object(Laminas\Diactoros\ServerRequest), Object(Laminas\Stratigility\EmptyPipelineHandler))
#47 C:\laragon\www\teachingPlatform\vendor\laminas\laminas-httphandlerrunner\src\RequestHandlerRunner.php(73): Laminas\Stratigility\MiddlewarePipe->handle(Object(Laminas\Diactoros\ServerRequest))
#48 C:\laragon\www\teachingPlatform\vendor\flarum\core\src\Http\Server.php(45): Laminas\HttpHandlerRunner\RequestHandlerRunner->run()
#49 C:\laragon\www\teachingPlatform\public\index.php(26): Flarum\Http\Server->listen()
#50 {main}  
