[2023-10-30 07:11:48] flarum.ERROR: TypeError: rtrim(): Argument #1 ($string) must be of type string, array given in C:\laragon\www\teachingPlatform\vendor\flarum\core\src\Foundation\Config.php:32
Stack trace:
#0 C:\laragon\www\teachingPlatform\vendor\flarum\core\src\Foundation\Config.php(32): rtrim(Array, '/')
#1 C:\laragon\www\teachingPlatform\vendor\flarum\core\src\Foundation\Application.php(122): Flarum\Foundation\Config->url()
#2 C:\laragon\www\teachingPlatform\vendor\flarum\core\src\Http\UrlGenerator.php(45): Flarum\Foundation\Application->url('admin')
#3 C:\laragon\www\teachingPlatform\vendor\flarum\core\src\Admin\AdminServiceProvider.php(41): Flarum\Http\UrlGenerator->addCollection('admin', Object(Flarum\Http\RouteCollection), 'admin')
#4 C:\laragon\www\teachingPlatform\vendor\illuminate\container\Container.php(767): Flarum\Admin\AdminServiceProvider->Flarum\Admin\{closure}(Object(Flarum\Http\UrlGenerator), Object(Illuminate\Container\Container))
#5 C:\laragon\www\teachingPlatform\vendor\illuminate\container\Container.php(694): Illuminate\Container\Container->resolve('Flarum\\Http\\Url...', Array)
#6 C:\laragon\www\teachingPlatform\vendor\flarum\core\src\Frontend\FrontendServiceProvider.php(177): Illuminate\Container\Container->make('Flarum\\Http\\Url...')
#7 C:\laragon\www\teachingPlatform\vendor\illuminate\container\BoundMethod.php(36): Flarum\Frontend\FrontendServiceProvider->boot(Object(Illuminate\Container\Container), Object(Illuminate\View\Factory))
#8 C:\laragon\www\teachingPlatform\vendor\illuminate\container\Util.php(40): Illuminate\Container\BoundMethod::Illuminate\Container\{closure}()
#9 C:\laragon\www\teachingPlatform\vendor\illuminate\container\BoundMethod.php(93): Illuminate\Container\Util::unwrapIfClosure(Object(Closure))
#10 C:\laragon\www\teachingPlatform\vendor\illuminate\container\BoundMethod.php(35): Illuminate\Container\BoundMethod::callBoundMethod(Object(Illuminate\Container\Container), Array, Object(Closure))
#11 C:\laragon\www\teachingPlatform\vendor\illuminate\container\Container.php(653): Illuminate\Container\BoundMethod::call(Object(Illuminate\Container\Container), Array, Array, NULL)
#12 C:\laragon\www\teachingPlatform\vendor\flarum\core\src\Foundation\Application.php(290): Illuminate\Container\Container->call(Array)
#13 C:\laragon\www\teachingPlatform\vendor\flarum\core\src\Foundation\Application.php(273): Flarum\Foundation\Application->bootProvider(Object(Flarum\Frontend\FrontendServiceProvider))
#14 [internal function]: Flarum\Foundation\Application->Flarum\Foundation\{closure}(Object(Flarum\Frontend\FrontendServiceProvider), 13)
#15 C:\laragon\www\teachingPlatform\vendor\flarum\core\src\Foundation\Application.php(272): array_walk(Array, Object(Closure))
#16 C:\laragon\www\teachingPlatform\vendor\flarum\core\src\Foundation\InstalledSite.php(151): Flarum\Foundation\Application->boot()
#17 C:\laragon\www\teachingPlatform\vendor\flarum\core\src\Foundation\InstalledSite.php(82): Flarum\Foundation\InstalledSite->bootLaravel()
#18 C:\laragon\www\teachingPlatform\vendor\flarum\core\src\Http\Server.php(59): Flarum\Foundation\InstalledSite->bootApp()
#19 C:\laragon\www\teachingPlatform\vendor\flarum\core\src\Http\Server.php(36): Flarum\Http\Server->safelyBootAndGetHandler()
#20 C:\laragon\www\teachingPlatform\public\index.php(26): Flarum\Http\Server->listen()
#21 {main}  
[2023-10-30 07:11:49] flarum.ERROR: TypeError: rtrim(): Argument #1 ($string) must be of type string, array given in C:\laragon\www\teachingPlatform\vendor\flarum\core\src\Foundation\Config.php:32
Stack trace:
#0 C:\laragon\www\teachingPlatform\vendor\flarum\core\src\Foundation\Config.php(32): rtrim(Array, '/')
#1 C:\laragon\www\teachingPlatform\vendor\flarum\core\src\Foundation\Application.php(122): Flarum\Foundation\Config->url()
#2 C:\laragon\www\teachingPlatform\vendor\flarum\core\src\Http\UrlGenerator.php(45): Flarum\Foundation\Application->url('admin')
#3 C:\laragon\www\teachingPlatform\vendor\flarum\core\src\Admin\AdminServiceProvider.php(41): Flarum\Http\UrlGenerator->addCollection('admin', Object(Flarum\Http\RouteCollection), 'admin')
#4 C:\laragon\www\teachingPlatform\vendor\illuminate\container\Container.php(767): Flarum\Admin\AdminServiceProvider->Flarum\Admin\{closure}(Object(Flarum\Http\UrlGenerator), Object(Illuminate\Container\Container))
#5 C:\laragon\www\teachingPlatform\vendor\illuminate\container\Container.php(694): Illuminate\Container\Container->resolve('Flarum\\Http\\Url...', Array)
#6 C:\laragon\www\teachingPlatform\vendor\flarum\core\src\Frontend\FrontendServiceProvider.php(177): Illuminate\Container\Container->make('Flarum\\Http\\Url...')
#7 C:\laragon\www\teachingPlatform\vendor\illuminate\container\BoundMethod.php(36): Flarum\Frontend\FrontendServiceProvider->boot(Object(Illuminate\Container\Container), Object(Illuminate\View\Factory))
#8 C:\laragon\www\teachingPlatform\vendor\illuminate\container\Util.php(40): Illuminate\Container\BoundMethod::Illuminate\Container\{closure}()
#9 C:\laragon\www\teachingPlatform\vendor\illuminate\container\BoundMethod.php(93): Illuminate\Container\Util::unwrapIfClosure(Object(Closure))
#10 C:\laragon\www\teachingPlatform\vendor\illuminate\container\BoundMethod.php(35): Illuminate\Container\BoundMethod::callBoundMethod(Object(Illuminate\Container\Container), Array, Object(Closure))
#11 C:\laragon\www\teachingPlatform\vendor\illuminate\container\Container.php(653): Illuminate\Container\BoundMethod::call(Object(Illuminate\Container\Container), Array, Array, NULL)
#12 C:\laragon\www\teachingPlatform\vendor\flarum\core\src\Foundation\Application.php(290): Illuminate\Container\Container->call(Array)
#13 C:\laragon\www\teachingPlatform\vendor\flarum\core\src\Foundation\Application.php(273): Flarum\Foundation\Application->bootProvider(Object(Flarum\Frontend\FrontendServiceProvider))
#14 [internal function]: Flarum\Foundation\Application->Flarum\Foundation\{closure}(Object(Flarum\Frontend\FrontendServiceProvider), 13)
#15 C:\laragon\www\teachingPlatform\vendor\flarum\core\src\Foundation\Application.php(272): array_walk(Array, Object(Closure))
#16 C:\laragon\www\teachingPlatform\vendor\flarum\core\src\Foundation\InstalledSite.php(151): Flarum\Foundation\Application->boot()
#17 C:\laragon\www\teachingPlatform\vendor\flarum\core\src\Foundation\InstalledSite.php(82): Flarum\Foundation\InstalledSite->bootLaravel()
#18 C:\laragon\www\teachingPlatform\vendor\flarum\core\src\Http\Server.php(59): Flarum\Foundation\InstalledSite->bootApp()
#19 C:\laragon\www\teachingPlatform\vendor\flarum\core\src\Http\Server.php(36): Flarum\Http\Server->safelyBootAndGetHandler()
#20 C:\laragon\www\teachingPlatform\public\index.php(26): Flarum\Http\Server->listen()
#21 {main}  
[2023-10-30 07:11:53] flarum.ERROR: TypeError: rtrim(): Argument #1 ($string) must be of type string, array given in C:\laragon\www\teachingPlatform\vendor\flarum\core\src\Foundation\Config.php:32
Stack trace:
#0 C:\laragon\www\teachingPlatform\vendor\flarum\core\src\Foundation\Config.php(32): rtrim(Array, '/')
#1 C:\laragon\www\teachingPlatform\vendor\flarum\core\src\Foundation\Application.php(122): Flarum\Foundation\Config->url()
#2 C:\laragon\www\teachingPlatform\vendor\flarum\core\src\Http\UrlGenerator.php(45): Flarum\Foundation\Application->url('admin')
#3 C:\laragon\www\teachingPlatform\vendor\flarum\core\src\Admin\AdminServiceProvider.php(41): Flarum\Http\UrlGenerator->addCollection('admin', Object(Flarum\Http\RouteCollection), 'admin')
#4 C:\laragon\www\teachingPlatform\vendor\illuminate\container\Container.php(767): Flarum\Admin\AdminServiceProvider->Flarum\Admin\{closure}(Object(Flarum\Http\UrlGenerator), Object(Illuminate\Container\Container))
#5 C:\laragon\www\teachingPlatform\vendor\illuminate\container\Container.php(694): Illuminate\Container\Container->resolve('Flarum\\Http\\Url...', Array)
#6 C:\laragon\www\teachingPlatform\vendor\flarum\core\src\Frontend\FrontendServiceProvider.php(177): Illuminate\Container\Container->make('Flarum\\Http\\Url...')
#7 C:\laragon\www\teachingPlatform\vendor\illuminate\container\BoundMethod.php(36): Flarum\Frontend\FrontendServiceProvider->boot(Object(Illuminate\Container\Container), Object(Illuminate\View\Factory))
#8 C:\laragon\www\teachingPlatform\vendor\illuminate\container\Util.php(40): Illuminate\Container\BoundMethod::Illuminate\Container\{closure}()
#9 C:\laragon\www\teachingPlatform\vendor\illuminate\container\BoundMethod.php(93): Illuminate\Container\Util::unwrapIfClosure(Object(Closure))
#10 C:\laragon\www\teachingPlatform\vendor\illuminate\container\BoundMethod.php(35): Illuminate\Container\BoundMethod::callBoundMethod(Object(Illuminate\Container\Container), Array, Object(Closure))
#11 C:\laragon\www\teachingPlatform\vendor\illuminate\container\Container.php(653): Illuminate\Container\BoundMethod::call(Object(Illuminate\Container\Container), Array, Array, NULL)
#12 C:\laragon\www\teachingPlatform\vendor\flarum\core\src\Foundation\Application.php(290): Illuminate\Container\Container->call(Array)
#13 C:\laragon\www\teachingPlatform\vendor\flarum\core\src\Foundation\Application.php(273): Flarum\Foundation\Application->bootProvider(Object(Flarum\Frontend\FrontendServiceProvider))
#14 [internal function]: Flarum\Foundation\Application->Flarum\Foundation\{closure}(Object(Flarum\Frontend\FrontendServiceProvider), 13)
#15 C:\laragon\www\teachingPlatform\vendor\flarum\core\src\Foundation\Application.php(272): array_walk(Array, Object(Closure))
#16 C:\laragon\www\teachingPlatform\vendor\flarum\core\src\Foundation\InstalledSite.php(151): Flarum\Foundation\Application->boot()
#17 C:\laragon\www\teachingPlatform\vendor\flarum\core\src\Foundation\InstalledSite.php(82): Flarum\Foundation\InstalledSite->bootLaravel()
#18 C:\laragon\www\teachingPlatform\vendor\flarum\core\src\Http\Server.php(59): Flarum\Foundation\InstalledSite->bootApp()
#19 C:\laragon\www\teachingPlatform\vendor\flarum\core\src\Http\Server.php(36): Flarum\Http\Server->safelyBootAndGetHandler()
#20 C:\laragon\www\teachingPlatform\public\index.php(26): Flarum\Http\Server->listen()
#21 {main}  
